ERROR - 2023-12-15 05:44:48 --> mysqli_sql_exception: Table 'toko_music.product' doesn't exist in C:\xampp\htdocs\toko_music\system\Database\MySQLi\Connection.php:306
Stack trace:
#0 C:\xampp\htdocs\toko_music\system\Database\MySQLi\Connection.php(306): mysqli->query('SELECT *\nFROM `...', 0)
#1 C:\xampp\htdocs\toko_music\system\Database\BaseConnection.php(692): CodeIgniter\Database\MySQLi\Connection->execute('SELECT *\nFROM `...')
#2 C:\xampp\htdocs\toko_music\system\Database\BaseConnection.php(606): CodeIgniter\Database\BaseConnection->simpleQuery('SELECT *\nFROM `...')
#3 C:\xampp\htdocs\toko_music\system\Database\BaseBuilder.php(1615): CodeIgniter\Database\BaseConnection->query('SELECT *\nFROM `...', Array, false)
#4 C:\xampp\htdocs\toko_music\system\Model.php(237): CodeIgniter\Database\BaseBuilder->get()
#5 C:\xampp\htdocs\toko_music\system\BaseModel.php(624): CodeIgniter\Model->doFindAll(0, 0)
#6 C:\xampp\htdocs\toko_music\app\Controllers\User\Beranda.php(15): CodeIgniter\BaseModel->findAll()
#7 C:\xampp\htdocs\toko_music\system\CodeIgniter.php(919): App\Controllers\User\Beranda->index()
#8 C:\xampp\htdocs\toko_music\system\CodeIgniter.php(494): CodeIgniter\CodeIgniter->runController(Object(App\Controllers\User\Beranda))
#9 C:\xampp\htdocs\toko_music\system\CodeIgniter.php(353): CodeIgniter\CodeIgniter->handleRequest(NULL, Object(Config\Cache), false)
#10 C:\xampp\htdocs\toko_music\public\index.php(79): CodeIgniter\CodeIgniter->run()
#11 {main}
CRITICAL - 2023-12-15 05:44:48 --> Table 'toko_music.product' doesn't exist
in SYSTEMPATH\Database\BaseConnection.php on line 646.
 1 SYSTEMPATH\Database\BaseBuilder.php(1615): CodeIgniter\Database\BaseConnection->query('SELECT *
FROM `product`', [], false)
 2 SYSTEMPATH\Model.php(237): CodeIgniter\Database\BaseBuilder->get()
 3 SYSTEMPATH\BaseModel.php(624): CodeIgniter\Model->doFindAll(0, 0)
 4 APPPATH\Controllers\User\Beranda.php(15): CodeIgniter\BaseModel->findAll()
 5 SYSTEMPATH\CodeIgniter.php(919): App\Controllers\User\Beranda->index()
 6 SYSTEMPATH\CodeIgniter.php(494): CodeIgniter\CodeIgniter->runController(Object(App\Controllers\User\Beranda))
 7 SYSTEMPATH\CodeIgniter.php(353): CodeIgniter\CodeIgniter->handleRequest(null, Object(Config\Cache), false)
 8 FCPATH\index.php(79): CodeIgniter\CodeIgniter->run()
ERROR - 2023-12-15 05:45:34 --> mysqli_sql_exception: Table 'toko_music.product' doesn't exist in C:\xampp\htdocs\toko_music\system\Database\MySQLi\Connection.php:306
Stack trace:
#0 C:\xampp\htdocs\toko_music\system\Database\MySQLi\Connection.php(306): mysqli->query('SELECT *\nFROM `...', 0)
#1 C:\xampp\htdocs\toko_music\system\Database\BaseConnection.php(692): CodeIgniter\Database\MySQLi\Connection->execute('SELECT *\nFROM `...')
#2 C:\xampp\htdocs\toko_music\system\Database\BaseConnection.php(606): CodeIgniter\Database\BaseConnection->simpleQuery('SELECT *\nFROM `...')
#3 C:\xampp\htdocs\toko_music\system\Database\BaseBuilder.php(1615): CodeIgniter\Database\BaseConnection->query('SELECT *\nFROM `...', Array, false)
#4 C:\xampp\htdocs\toko_music\system\Model.php(237): CodeIgniter\Database\BaseBuilder->get()
#5 C:\xampp\htdocs\toko_music\system\BaseModel.php(624): CodeIgniter\Model->doFindAll(0, 0)
#6 C:\xampp\htdocs\toko_music\app\Controllers\User\Beranda.php(15): CodeIgniter\BaseModel->findAll()
#7 C:\xampp\htdocs\toko_music\system\CodeIgniter.php(919): App\Controllers\User\Beranda->index()
#8 C:\xampp\htdocs\toko_music\system\CodeIgniter.php(494): CodeIgniter\CodeIgniter->runController(Object(App\Controllers\User\Beranda))
#9 C:\xampp\htdocs\toko_music\system\CodeIgniter.php(353): CodeIgniter\CodeIgniter->handleRequest(NULL, Object(Config\Cache), false)
#10 C:\xampp\htdocs\toko_music\public\index.php(79): CodeIgniter\CodeIgniter->run()
#11 {main}
CRITICAL - 2023-12-15 05:45:35 --> Table 'toko_music.product' doesn't exist
in SYSTEMPATH\Database\BaseConnection.php on line 646.
 1 SYSTEMPATH\Database\BaseBuilder.php(1615): CodeIgniter\Database\BaseConnection->query('SELECT *
FROM `product`', [], false)
 2 SYSTEMPATH\Model.php(237): CodeIgniter\Database\BaseBuilder->get()
 3 SYSTEMPATH\BaseModel.php(624): CodeIgniter\Model->doFindAll(0, 0)
 4 APPPATH\Controllers\User\Beranda.php(15): CodeIgniter\BaseModel->findAll()
 5 SYSTEMPATH\CodeIgniter.php(919): App\Controllers\User\Beranda->index()
 6 SYSTEMPATH\CodeIgniter.php(494): CodeIgniter\CodeIgniter->runController(Object(App\Controllers\User\Beranda))
 7 SYSTEMPATH\CodeIgniter.php(353): CodeIgniter\CodeIgniter->handleRequest(null, Object(Config\Cache), false)
 8 FCPATH\index.php(79): CodeIgniter\CodeIgniter->run()
CRITICAL - 2023-12-15 05:47:21 --> Unclosed '{' on line 4
in APPPATH\Libraries\Template.php on line 21.
 1 SYSTEMPATH\Autoloader\Autoloader.php(285): CodeIgniter\Autoloader\Autoloader->includeFile('C:\\xampp\\htdocs\\toko_music\\app\\Libraries\\Template.php')
 2 SYSTEMPATH\Autoloader\Autoloader.php(263): CodeIgniter\Autoloader\Autoloader->loadInNamespace('App\\Libraries\\Template')
 3 APPPATH\Controllers\User\Beranda.php(22): CodeIgniter\Autoloader\Autoloader->loadClass('App\\Libraries\\Template')
 4 SYSTEMPATH\CodeIgniter.php(919): App\Controllers\User\Beranda->index()
 5 SYSTEMPATH\CodeIgniter.php(494): CodeIgniter\CodeIgniter->runController(Object(App\Controllers\User\Beranda))
 6 SYSTEMPATH\CodeIgniter.php(353): CodeIgniter\CodeIgniter->handleRequest(null, Object(Config\Cache), false)
 7 FCPATH\index.php(79): CodeIgniter\CodeIgniter->run()
ERROR - 2023-12-15 05:48:24 --> mysqli_sql_exception: Table 'toko_music.product' doesn't exist in C:\xampp\htdocs\toko_music\system\Database\MySQLi\Connection.php:306
Stack trace:
#0 C:\xampp\htdocs\toko_music\system\Database\MySQLi\Connection.php(306): mysqli->query('SELECT *\nFROM `...', 0)
#1 C:\xampp\htdocs\toko_music\system\Database\BaseConnection.php(692): CodeIgniter\Database\MySQLi\Connection->execute('SELECT *\nFROM `...')
#2 C:\xampp\htdocs\toko_music\system\Database\BaseConnection.php(606): CodeIgniter\Database\BaseConnection->simpleQuery('SELECT *\nFROM `...')
#3 C:\xampp\htdocs\toko_music\system\Database\BaseBuilder.php(1615): CodeIgniter\Database\BaseConnection->query('SELECT *\nFROM `...', Array, false)
#4 C:\xampp\htdocs\toko_music\system\Model.php(237): CodeIgniter\Database\BaseBuilder->get()
#5 C:\xampp\htdocs\toko_music\system\BaseModel.php(624): CodeIgniter\Model->doFindAll(0, 0)
#6 C:\xampp\htdocs\toko_music\app\Controllers\User\Beranda.php(15): CodeIgniter\BaseModel->findAll()
#7 C:\xampp\htdocs\toko_music\system\CodeIgniter.php(919): App\Controllers\User\Beranda->index()
#8 C:\xampp\htdocs\toko_music\system\CodeIgniter.php(494): CodeIgniter\CodeIgniter->runController(Object(App\Controllers\User\Beranda))
#9 C:\xampp\htdocs\toko_music\system\CodeIgniter.php(353): CodeIgniter\CodeIgniter->handleRequest(NULL, Object(Config\Cache), false)
#10 C:\xampp\htdocs\toko_music\public\index.php(79): CodeIgniter\CodeIgniter->run()
#11 {main}
CRITICAL - 2023-12-15 05:48:24 --> Table 'toko_music.product' doesn't exist
in SYSTEMPATH\Database\BaseConnection.php on line 646.
 1 SYSTEMPATH\Database\BaseBuilder.php(1615): CodeIgniter\Database\BaseConnection->query('SELECT *
FROM `product`', [], false)
 2 SYSTEMPATH\Model.php(237): CodeIgniter\Database\BaseBuilder->get()
 3 SYSTEMPATH\BaseModel.php(624): CodeIgniter\Model->doFindAll(0, 0)
 4 APPPATH\Controllers\User\Beranda.php(15): CodeIgniter\BaseModel->findAll()
 5 SYSTEMPATH\CodeIgniter.php(919): App\Controllers\User\Beranda->index()
 6 SYSTEMPATH\CodeIgniter.php(494): CodeIgniter\CodeIgniter->runController(Object(App\Controllers\User\Beranda))
 7 SYSTEMPATH\CodeIgniter.php(353): CodeIgniter\CodeIgniter->handleRequest(null, Object(Config\Cache), false)
 8 FCPATH\index.php(79): CodeIgniter\CodeIgniter->run()
CRITICAL - 2023-12-15 05:52:56 --> Class "App\Models\mProduct" not found
in APPPATH\Controllers\User\Beranda.php on line 14.
 1 SYSTEMPATH\CodeIgniter.php(919): App\Controllers\User\Beranda->index()
 2 SYSTEMPATH\CodeIgniter.php(494): CodeIgniter\CodeIgniter->runController(Object(App\Controllers\User\Beranda))
 3 SYSTEMPATH\CodeIgniter.php(353): CodeIgniter\CodeIgniter->handleRequest(null, Object(Config\Cache), false)
 4 FCPATH\index.php(79): CodeIgniter\CodeIgniter->run()
CRITICAL - 2023-12-15 05:53:04 --> Class "App\Models\mProduct" not found
in APPPATH\Controllers\User\Beranda.php on line 14.
 1 SYSTEMPATH\CodeIgniter.php(919): App\Controllers\User\Beranda->index()
 2 SYSTEMPATH\CodeIgniter.php(494): CodeIgniter\CodeIgniter->runController(Object(App\Controllers\User\Beranda))
 3 SYSTEMPATH\CodeIgniter.php(353): CodeIgniter\CodeIgniter->handleRequest(null, Object(Config\Cache), false)
 4 FCPATH\index.php(79): CodeIgniter\CodeIgniter->run()
CRITICAL - 2023-12-15 07:08:57 --> Invalid file: "user/gitar.php"
in SYSTEMPATH\Exceptions\FrameworkException.php on line 39.
 1 SYSTEMPATH\View\View.php(214): CodeIgniter\Exceptions\FrameworkException::forInvalidFile('user/gitar.php')
 2 SYSTEMPATH\Common.php(1188): CodeIgniter\View\View->render('user/gitar', [], true)
 3 APPPATH\Libraries\Template.php(9): view('user/gitar', [...])
 4 APPPATH\Controllers\User\Gitar.php(22): App\Libraries\Template::tampil_user('user/gitar', [...])
 5 SYSTEMPATH\CodeIgniter.php(919): App\Controllers\User\Gitar->index()
 6 SYSTEMPATH\CodeIgniter.php(494): CodeIgniter\CodeIgniter->runController(Object(App\Controllers\User\Gitar))
 7 SYSTEMPATH\CodeIgniter.php(353): CodeIgniter\CodeIgniter->handleRequest(null, Object(Config\Cache), false)
 8 FCPATH\index.php(79): CodeIgniter\CodeIgniter->run()
CRITICAL - 2023-12-15 07:17:34 --> Undefined variable $gitar_list
in APPPATH\Views\user\beranda.php on line 23.
 1 APPPATH\Views\user\beranda.php(23): CodeIgniter\Debug\Exceptions->errorHandler(2, 'Undefined variable $gitar_list', 'C:\\xampp\\htdocs\\toko_music\\app\\Views\\user\\beranda.php', 23)
 2 SYSTEMPATH\View\View.php(226): include('C:\\xampp\\htdocs\\toko_music\\app\\Views\\user\\beranda.php')
 3 SYSTEMPATH\View\View.php(229): CodeIgniter\View\View->CodeIgniter\View\{closure}()
 4 SYSTEMPATH\Common.php(1188): CodeIgniter\View\View->render('user/beranda', [], true)
 5 APPPATH\Libraries\Template.php(9): view('user/beranda', [...])
 6 APPPATH\Controllers\User\Beranda.php(22): App\Libraries\Template::tampil_user('user/beranda', [...])
 7 SYSTEMPATH\CodeIgniter.php(919): App\Controllers\User\Beranda->index()
 8 SYSTEMPATH\CodeIgniter.php(494): CodeIgniter\CodeIgniter->runController(Object(App\Controllers\User\Beranda))
 9 SYSTEMPATH\CodeIgniter.php(353): CodeIgniter\CodeIgniter->handleRequest(null, Object(Config\Cache), false)
10 FCPATH\index.php(79): CodeIgniter\CodeIgniter->run()
CRITICAL - 2023-12-15 07:18:00 --> Class "App\Controllers\User\mGitar" not found
in APPPATH\Controllers\User\Beranda.php on line 21.
 1 SYSTEMPATH\CodeIgniter.php(919): App\Controllers\User\Beranda->index()
 2 SYSTEMPATH\CodeIgniter.php(494): CodeIgniter\CodeIgniter->runController(Object(App\Controllers\User\Beranda))
 3 SYSTEMPATH\CodeIgniter.php(353): CodeIgniter\CodeIgniter->handleRequest(null, Object(Config\Cache), false)
 4 FCPATH\index.php(79): CodeIgniter\CodeIgniter->run()
CRITICAL - 2023-12-15 07:18:13 --> Undefined variable $home_list
in APPPATH\Views\user\beranda.php on line 7.
 1 APPPATH\Views\user\beranda.php(7): CodeIgniter\Debug\Exceptions->errorHandler(2, 'Undefined variable $home_list', 'C:\\xampp\\htdocs\\toko_music\\app\\Views\\user\\beranda.php', 7)
 2 SYSTEMPATH\View\View.php(226): include('C:\\xampp\\htdocs\\toko_music\\app\\Views\\user\\beranda.php')
 3 SYSTEMPATH\View\View.php(229): CodeIgniter\View\View->CodeIgniter\View\{closure}()
 4 SYSTEMPATH\Common.php(1188): CodeIgniter\View\View->render('user/beranda', [], true)
 5 APPPATH\Libraries\Template.php(9): view('user/beranda', [...])
 6 APPPATH\Controllers\User\Beranda.php(29): App\Libraries\Template::tampil_user('user/beranda', [...])
 7 SYSTEMPATH\CodeIgniter.php(919): App\Controllers\User\Beranda->index()
 8 SYSTEMPATH\CodeIgniter.php(494): CodeIgniter\CodeIgniter->runController(Object(App\Controllers\User\Beranda))
 9 SYSTEMPATH\CodeIgniter.php(353): CodeIgniter\CodeIgniter->handleRequest(null, Object(Config\Cache), false)
10 FCPATH\index.php(79): CodeIgniter\CodeIgniter->run()
CRITICAL - 2023-12-15 07:18:28 --> Undefined variable $home_list
in APPPATH\Views\user\beranda.php on line 7.
 1 APPPATH\Views\user\beranda.php(7): CodeIgniter\Debug\Exceptions->errorHandler(2, 'Undefined variable $home_list', 'C:\\xampp\\htdocs\\toko_music\\app\\Views\\user\\beranda.php', 7)
 2 SYSTEMPATH\View\View.php(226): include('C:\\xampp\\htdocs\\toko_music\\app\\Views\\user\\beranda.php')
 3 SYSTEMPATH\View\View.php(229): CodeIgniter\View\View->CodeIgniter\View\{closure}()
 4 SYSTEMPATH\Common.php(1188): CodeIgniter\View\View->render('user/beranda', [], true)
 5 APPPATH\Libraries\Template.php(9): view('user/beranda', [...])
 6 APPPATH\Controllers\User\Beranda.php(29): App\Libraries\Template::tampil_user('user/beranda', [...])
 7 SYSTEMPATH\CodeIgniter.php(919): App\Controllers\User\Beranda->index()
 8 SYSTEMPATH\CodeIgniter.php(494): CodeIgniter\CodeIgniter->runController(Object(App\Controllers\User\Beranda))
 9 SYSTEMPATH\CodeIgniter.php(353): CodeIgniter\CodeIgniter->handleRequest(null, Object(Config\Cache), false)
10 FCPATH\index.php(79): CodeIgniter\CodeIgniter->run()
CRITICAL - 2023-12-15 07:20:04 --> syntax error, unexpected token ","
in APPPATH\Controllers\User\Beranda.php on line 15.
 1 SYSTEMPATH\Autoloader\Autoloader.php(285): CodeIgniter\Autoloader\Autoloader->includeFile('C:\\xampp\\htdocs\\toko_music\\app\\Controllers\\User\\Beranda.php')
 2 SYSTEMPATH\Autoloader\Autoloader.php(263): CodeIgniter\Autoloader\Autoloader->loadInNamespace('App\\Controllers\\User\\Beranda')
 3 [internal function]: CodeIgniter\Autoloader\Autoloader->loadClass('App\\Controllers\\User\\Beranda')
 4 SYSTEMPATH\CodeIgniter.php(877): class_exists('\\App\\Controllers\\User\\Beranda', true)
 5 SYSTEMPATH\CodeIgniter.php(481): CodeIgniter\CodeIgniter->startController()
 6 SYSTEMPATH\CodeIgniter.php(353): CodeIgniter\CodeIgniter->handleRequest(null, Object(Config\Cache), false)
 7 FCPATH\index.php(79): CodeIgniter\CodeIgniter->run()
CRITICAL - 2023-12-15 07:20:17 --> syntax error, unexpected token ","
in APPPATH\Controllers\User\Beranda.php on line 15.
 1 SYSTEMPATH\Autoloader\Autoloader.php(285): CodeIgniter\Autoloader\Autoloader->includeFile('C:\\xampp\\htdocs\\toko_music\\app\\Controllers\\User\\Beranda.php')
 2 SYSTEMPATH\Autoloader\Autoloader.php(263): CodeIgniter\Autoloader\Autoloader->loadInNamespace('App\\Controllers\\User\\Beranda')
 3 [internal function]: CodeIgniter\Autoloader\Autoloader->loadClass('App\\Controllers\\User\\Beranda')
 4 SYSTEMPATH\CodeIgniter.php(877): class_exists('\\App\\Controllers\\User\\Beranda', true)
 5 SYSTEMPATH\CodeIgniter.php(481): CodeIgniter\CodeIgniter->startController()
 6 SYSTEMPATH\CodeIgniter.php(353): CodeIgniter\CodeIgniter->handleRequest(null, Object(Config\Cache), false)
 7 FCPATH\index.php(79): CodeIgniter\CodeIgniter->run()
CRITICAL - 2023-12-15 07:20:48 --> syntax error, unexpected variable "$mGitar"
in APPPATH\Controllers\User\Beranda.php on line 15.
 1 SYSTEMPATH\Autoloader\Autoloader.php(285): CodeIgniter\Autoloader\Autoloader->includeFile('C:\\xampp\\htdocs\\toko_music\\app\\Controllers\\User\\Beranda.php')
 2 SYSTEMPATH\Autoloader\Autoloader.php(263): CodeIgniter\Autoloader\Autoloader->loadInNamespace('App\\Controllers\\User\\Beranda')
 3 [internal function]: CodeIgniter\Autoloader\Autoloader->loadClass('App\\Controllers\\User\\Beranda')
 4 SYSTEMPATH\CodeIgniter.php(877): class_exists('\\App\\Controllers\\User\\Beranda', true)
 5 SYSTEMPATH\CodeIgniter.php(481): CodeIgniter\CodeIgniter->startController()
 6 SYSTEMPATH\CodeIgniter.php(353): CodeIgniter\CodeIgniter->handleRequest(null, Object(Config\Cache), false)
 7 FCPATH\index.php(79): CodeIgniter\CodeIgniter->run()
CRITICAL - 2023-12-15 07:20:54 --> syntax error, unexpected variable "$mGitar"
in APPPATH\Controllers\User\Beranda.php on line 15.
 1 SYSTEMPATH\Autoloader\Autoloader.php(285): CodeIgniter\Autoloader\Autoloader->includeFile('C:\\xampp\\htdocs\\toko_music\\app\\Controllers\\User\\Beranda.php')
 2 SYSTEMPATH\Autoloader\Autoloader.php(263): CodeIgniter\Autoloader\Autoloader->loadInNamespace('App\\Controllers\\User\\Beranda')
 3 [internal function]: CodeIgniter\Autoloader\Autoloader->loadClass('App\\Controllers\\User\\Beranda')
 4 SYSTEMPATH\CodeIgniter.php(877): class_exists('\\App\\Controllers\\User\\Beranda', true)
 5 SYSTEMPATH\CodeIgniter.php(481): CodeIgniter\CodeIgniter->startController()
 6 SYSTEMPATH\CodeIgniter.php(353): CodeIgniter\CodeIgniter->handleRequest(null, Object(Config\Cache), false)
 7 FCPATH\index.php(79): CodeIgniter\CodeIgniter->run()
CRITICAL - 2023-12-15 07:21:15 --> syntax error, unexpected token ","
in APPPATH\Controllers\User\Beranda.php on line 15.
 1 SYSTEMPATH\Autoloader\Autoloader.php(285): CodeIgniter\Autoloader\Autoloader->includeFile('C:\\xampp\\htdocs\\toko_music\\app\\Controllers\\User\\Beranda.php')
 2 SYSTEMPATH\Autoloader\Autoloader.php(263): CodeIgniter\Autoloader\Autoloader->loadInNamespace('App\\Controllers\\User\\Beranda')
 3 [internal function]: CodeIgniter\Autoloader\Autoloader->loadClass('App\\Controllers\\User\\Beranda')
 4 SYSTEMPATH\CodeIgniter.php(877): class_exists('\\App\\Controllers\\User\\Beranda', true)
 5 SYSTEMPATH\CodeIgniter.php(481): CodeIgniter\CodeIgniter->startController()
 6 SYSTEMPATH\CodeIgniter.php(353): CodeIgniter\CodeIgniter->handleRequest(null, Object(Config\Cache), false)
 7 FCPATH\index.php(79): CodeIgniter\CodeIgniter->run()
CRITICAL - 2023-12-15 07:21:29 --> syntax error, unexpected token ","
in APPPATH\Controllers\User\Beranda.php on line 15.
 1 SYSTEMPATH\Autoloader\Autoloader.php(285): CodeIgniter\Autoloader\Autoloader->includeFile('C:\\xampp\\htdocs\\toko_music\\app\\Controllers\\User\\Beranda.php')
 2 SYSTEMPATH\Autoloader\Autoloader.php(263): CodeIgniter\Autoloader\Autoloader->loadInNamespace('App\\Controllers\\User\\Beranda')
 3 [internal function]: CodeIgniter\Autoloader\Autoloader->loadClass('App\\Controllers\\User\\Beranda')
 4 SYSTEMPATH\CodeIgniter.php(877): class_exists('\\App\\Controllers\\User\\Beranda', true)
 5 SYSTEMPATH\CodeIgniter.php(481): CodeIgniter\CodeIgniter->startController()
 6 SYSTEMPATH\CodeIgniter.php(353): CodeIgniter\CodeIgniter->handleRequest(null, Object(Config\Cache), false)
 7 FCPATH\index.php(79): CodeIgniter\CodeIgniter->run()
CRITICAL - 2023-12-15 07:22:19 --> Undefined variable $gitar_list
in APPPATH\Views\user\beranda.php on line 23.
 1 APPPATH\Views\user\beranda.php(23): CodeIgniter\Debug\Exceptions->errorHandler(2, 'Undefined variable $gitar_list', 'C:\\xampp\\htdocs\\toko_music\\app\\Views\\user\\beranda.php', 23)
 2 SYSTEMPATH\View\View.php(226): include('C:\\xampp\\htdocs\\toko_music\\app\\Views\\user\\beranda.php')
 3 SYSTEMPATH\View\View.php(229): CodeIgniter\View\View->CodeIgniter\View\{closure}()
 4 SYSTEMPATH\Common.php(1188): CodeIgniter\View\View->render('user/beranda', [], true)
 5 APPPATH\Libraries\Template.php(9): view('user/beranda', [...])
 6 APPPATH\Controllers\User\Beranda.php(22): App\Libraries\Template::tampil_user('user/beranda', [...])
 7 SYSTEMPATH\CodeIgniter.php(919): App\Controllers\User\Beranda->index()
 8 SYSTEMPATH\CodeIgniter.php(494): CodeIgniter\CodeIgniter->runController(Object(App\Controllers\User\Beranda))
 9 SYSTEMPATH\CodeIgniter.php(353): CodeIgniter\CodeIgniter->handleRequest(null, Object(Config\Cache), false)
10 FCPATH\index.php(79): CodeIgniter\CodeIgniter->run()
