CRITICAL - 2023-12-20 08:00:15 --> Undefined array key "id_gitarr"
in APPPATH\Views\admin\dram\dram.php on line 44.
 1 APPPATH\Views\admin\dram\dram.php(44): CodeIgniter\Debug\Exceptions->errorHandler(2, 'Undefined array key "id_gitarr"', 'C:\\xampp\\htdocs\\toko_music\\app\\Views\\admin\\dram\\dram.php', 44)
 2 SYSTEMPATH\View\View.php(226): include('C:\\xampp\\htdocs\\toko_music\\app\\Views\\admin\\dram\\dram.php')
 3 SYSTEMPATH\View\View.php(229): CodeIgniter\View\View->CodeIgniter\View\{closure}()
 4 SYSTEMPATH\Common.php(1188): CodeIgniter\View\View->render('admin/dram/dram', [], true)
 5 APPPATH\Libraries\Template.php(25): view('admin/dram/dram', [...])
 6 APPPATH\Controllers\Admin\Music\Dram.php(21): App\Libraries\Template::tampil_admin('admin/dram/dram', [...])
 7 SYSTEMPATH\CodeIgniter.php(919): App\Controllers\Admin\Music\Dram->index()
 8 SYSTEMPATH\CodeIgniter.php(494): CodeIgniter\CodeIgniter->runController(Object(App\Controllers\Admin\Music\Dram))
 9 SYSTEMPATH\CodeIgniter.php(353): CodeIgniter\CodeIgniter->handleRequest(null, Object(Config\Cache), false)
10 FCPATH\index.php(79): CodeIgniter\CodeIgniter->run()
CRITICAL - 2023-12-20 08:00:27 --> Invalid file: "admin/gitar/edit_dram.php"
in SYSTEMPATH\Exceptions\FrameworkException.php on line 39.
 1 SYSTEMPATH\View\View.php(214): CodeIgniter\Exceptions\FrameworkException::forInvalidFile('admin/gitar/edit_dram.php')
 2 SYSTEMPATH\Common.php(1188): CodeIgniter\View\View->render('admin/gitar/edit_dram', [], true)
 3 APPPATH\Libraries\Template.php(25): view('admin/gitar/edit_dram', [...])
 4 APPPATH\Controllers\Admin\Music\Dram.php(65): App\Libraries\Template::tampil_admin('admin/gitar/edit_dram', [...])
 5 SYSTEMPATH\CodeIgniter.php(919): App\Controllers\Admin\Music\Dram->edit('1')
 6 SYSTEMPATH\CodeIgniter.php(494): CodeIgniter\CodeIgniter->runController(Object(App\Controllers\Admin\Music\Dram))
 7 SYSTEMPATH\CodeIgniter.php(353): CodeIgniter\CodeIgniter->handleRequest(null, Object(Config\Cache), false)
 8 FCPATH\index.php(79): CodeIgniter\CodeIgniter->run()
CRITICAL - 2023-12-20 08:01:02 --> Trying to access array offset on value of type null
in APPPATH\Views\admin\dram\edit_dram.php on line 5.
 1 APPPATH\Views\admin\dram\edit_dram.php(5): CodeIgniter\Debug\Exceptions->errorHandler(2, 'Trying to access array offset on value of type null', 'C:\\xampp\\htdocs\\toko_music\\app\\Views\\admin\\dram\\edit_dram.php', 5)
 2 SYSTEMPATH\View\View.php(226): include('C:\\xampp\\htdocs\\toko_music\\app\\Views\\admin\\dram\\edit_dram.php')
 3 SYSTEMPATH\View\View.php(229): CodeIgniter\View\View->CodeIgniter\View\{closure}()
 4 SYSTEMPATH\Common.php(1188): CodeIgniter\View\View->render('admin/dram/edit_dram', [], true)
 5 APPPATH\Libraries\Template.php(25): view('admin/dram/edit_dram', [...])
 6 APPPATH\Controllers\Admin\Music\Dram.php(65): App\Libraries\Template::tampil_admin('admin/dram/edit_dram', [...])
 7 SYSTEMPATH\CodeIgniter.php(919): App\Controllers\Admin\Music\Dram->edit('images', 'pujungan.png')
 8 SYSTEMPATH\CodeIgniter.php(494): CodeIgniter\CodeIgniter->runController(Object(App\Controllers\Admin\Music\Dram))
 9 SYSTEMPATH\CodeIgniter.php(353): CodeIgniter\CodeIgniter->handleRequest(null, Object(Config\Cache), false)
10 FCPATH\index.php(79): CodeIgniter\CodeIgniter->run()
CRITICAL - 2023-12-20 08:01:02 --> Trying to access array offset on value of type null
in APPPATH\Views\admin\dram\edit_dram.php on line 5.
 1 APPPATH\Views\admin\dram\edit_dram.php(5): CodeIgniter\Debug\Exceptions->errorHandler(2, 'Trying to access array offset on value of type null', 'C:\\xampp\\htdocs\\toko_music\\app\\Views\\admin\\dram\\edit_dram.php', 5)
 2 SYSTEMPATH\View\View.php(226): include('C:\\xampp\\htdocs\\toko_music\\app\\Views\\admin\\dram\\edit_dram.php')
 3 SYSTEMPATH\View\View.php(229): CodeIgniter\View\View->CodeIgniter\View\{closure}()
 4 SYSTEMPATH\Common.php(1188): CodeIgniter\View\View->render('admin/dram/edit_dram', [], true)
 5 APPPATH\Libraries\Template.php(25): view('admin/dram/edit_dram', [...])
 6 APPPATH\Controllers\Admin\Music\Dram.php(65): App\Libraries\Template::tampil_admin('admin/dram/edit_dram', [...])
 7 SYSTEMPATH\CodeIgniter.php(919): App\Controllers\Admin\Music\Dram->edit('images', 'pujungan.png')
 8 SYSTEMPATH\CodeIgniter.php(494): CodeIgniter\CodeIgniter->runController(Object(App\Controllers\Admin\Music\Dram))
 9 SYSTEMPATH\CodeIgniter.php(353): CodeIgniter\CodeIgniter->handleRequest(null, Object(Config\Cache), false)
10 FCPATH\index.php(79): CodeIgniter\CodeIgniter->run()
CRITICAL - 2023-12-20 08:01:25 --> Trying to access array offset on value of type null
in APPPATH\Views\admin\gitar\edit_gitar.php on line 5.
 1 APPPATH\Views\admin\gitar\edit_gitar.php(5): CodeIgniter\Debug\Exceptions->errorHandler(2, 'Trying to access array offset on value of type null', 'C:\\xampp\\htdocs\\toko_music\\app\\Views\\admin\\gitar\\edit_gitar.php', 5)
 2 SYSTEMPATH\View\View.php(226): include('C:\\xampp\\htdocs\\toko_music\\app\\Views\\admin\\gitar\\edit_gitar.php')
 3 SYSTEMPATH\View\View.php(229): CodeIgniter\View\View->CodeIgniter\View\{closure}()
 4 SYSTEMPATH\Common.php(1188): CodeIgniter\View\View->render('admin/gitar/edit_gitar', [], true)
 5 APPPATH\Libraries\Template.php(25): view('admin/gitar/edit_gitar', [...])
 6 APPPATH\Controllers\Admin\Music\Gitar.php(65): App\Libraries\Template::tampil_admin('admin/gitar/edit_gitar', [...])
 7 SYSTEMPATH\CodeIgniter.php(919): App\Controllers\Admin\Music\Gitar->edit('images', 'pujungan.png')
 8 SYSTEMPATH\CodeIgniter.php(494): CodeIgniter\CodeIgniter->runController(Object(App\Controllers\Admin\Music\Gitar))
 9 SYSTEMPATH\CodeIgniter.php(353): CodeIgniter\CodeIgniter->handleRequest(null, Object(Config\Cache), false)
10 FCPATH\index.php(79): CodeIgniter\CodeIgniter->run()
CRITICAL - 2023-12-20 08:01:25 --> Trying to access array offset on value of type null
in APPPATH\Views\admin\gitar\edit_gitar.php on line 5.
 1 APPPATH\Views\admin\gitar\edit_gitar.php(5): CodeIgniter\Debug\Exceptions->errorHandler(2, 'Trying to access array offset on value of type null', 'C:\\xampp\\htdocs\\toko_music\\app\\Views\\admin\\gitar\\edit_gitar.php', 5)
 2 SYSTEMPATH\View\View.php(226): include('C:\\xampp\\htdocs\\toko_music\\app\\Views\\admin\\gitar\\edit_gitar.php')
 3 SYSTEMPATH\View\View.php(229): CodeIgniter\View\View->CodeIgniter\View\{closure}()
 4 SYSTEMPATH\Common.php(1188): CodeIgniter\View\View->render('admin/gitar/edit_gitar', [], true)
 5 APPPATH\Libraries\Template.php(25): view('admin/gitar/edit_gitar', [...])
 6 APPPATH\Controllers\Admin\Music\Gitar.php(65): App\Libraries\Template::tampil_admin('admin/gitar/edit_gitar', [...])
 7 SYSTEMPATH\CodeIgniter.php(919): App\Controllers\Admin\Music\Gitar->edit('images', 'pujungan.png')
 8 SYSTEMPATH\CodeIgniter.php(494): CodeIgniter\CodeIgniter->runController(Object(App\Controllers\Admin\Music\Gitar))
 9 SYSTEMPATH\CodeIgniter.php(353): CodeIgniter\CodeIgniter->handleRequest(null, Object(Config\Cache), false)
10 FCPATH\index.php(79): CodeIgniter\CodeIgniter->run()
CRITICAL - 2023-12-20 08:01:38 --> Trying to access array offset on value of type null
in APPPATH\Views\admin\dram\edit_dram.php on line 5.
 1 APPPATH\Views\admin\dram\edit_dram.php(5): CodeIgniter\Debug\Exceptions->errorHandler(2, 'Trying to access array offset on value of type null', 'C:\\xampp\\htdocs\\toko_music\\app\\Views\\admin\\dram\\edit_dram.php', 5)
 2 SYSTEMPATH\View\View.php(226): include('C:\\xampp\\htdocs\\toko_music\\app\\Views\\admin\\dram\\edit_dram.php')
 3 SYSTEMPATH\View\View.php(229): CodeIgniter\View\View->CodeIgniter\View\{closure}()
 4 SYSTEMPATH\Common.php(1188): CodeIgniter\View\View->render('admin/dram/edit_dram', [], true)
 5 APPPATH\Libraries\Template.php(25): view('admin/dram/edit_dram', [...])
 6 APPPATH\Controllers\Admin\Music\Dram.php(65): App\Libraries\Template::tampil_admin('admin/dram/edit_dram', [...])
 7 SYSTEMPATH\CodeIgniter.php(919): App\Controllers\Admin\Music\Dram->edit('images', 'pujungan.png')
 8 SYSTEMPATH\CodeIgniter.php(494): CodeIgniter\CodeIgniter->runController(Object(App\Controllers\Admin\Music\Dram))
 9 SYSTEMPATH\CodeIgniter.php(353): CodeIgniter\CodeIgniter->handleRequest(null, Object(Config\Cache), false)
10 FCPATH\index.php(79): CodeIgniter\CodeIgniter->run()
CRITICAL - 2023-12-20 08:01:38 --> Trying to access array offset on value of type null
in APPPATH\Views\admin\dram\edit_dram.php on line 5.
 1 APPPATH\Views\admin\dram\edit_dram.php(5): CodeIgniter\Debug\Exceptions->errorHandler(2, 'Trying to access array offset on value of type null', 'C:\\xampp\\htdocs\\toko_music\\app\\Views\\admin\\dram\\edit_dram.php', 5)
 2 SYSTEMPATH\View\View.php(226): include('C:\\xampp\\htdocs\\toko_music\\app\\Views\\admin\\dram\\edit_dram.php')
 3 SYSTEMPATH\View\View.php(229): CodeIgniter\View\View->CodeIgniter\View\{closure}()
 4 SYSTEMPATH\Common.php(1188): CodeIgniter\View\View->render('admin/dram/edit_dram', [], true)
 5 APPPATH\Libraries\Template.php(25): view('admin/dram/edit_dram', [...])
 6 APPPATH\Controllers\Admin\Music\Dram.php(65): App\Libraries\Template::tampil_admin('admin/dram/edit_dram', [...])
 7 SYSTEMPATH\CodeIgniter.php(919): App\Controllers\Admin\Music\Dram->edit('images', 'pujungan.png')
 8 SYSTEMPATH\CodeIgniter.php(494): CodeIgniter\CodeIgniter->runController(Object(App\Controllers\Admin\Music\Dram))
 9 SYSTEMPATH\CodeIgniter.php(353): CodeIgniter\CodeIgniter->handleRequest(null, Object(Config\Cache), false)
10 FCPATH\index.php(79): CodeIgniter\CodeIgniter->run()
CRITICAL - 2023-12-20 08:03:36 --> Trying to access array offset on value of type null
in APPPATH\Views\admin\dram\edit_dram.php on line 5.
 1 APPPATH\Views\admin\dram\edit_dram.php(5): CodeIgniter\Debug\Exceptions->errorHandler(2, 'Trying to access array offset on value of type null', 'C:\\xampp\\htdocs\\toko_music\\app\\Views\\admin\\dram\\edit_dram.php', 5)
 2 SYSTEMPATH\View\View.php(226): include('C:\\xampp\\htdocs\\toko_music\\app\\Views\\admin\\dram\\edit_dram.php')
 3 SYSTEMPATH\View\View.php(229): CodeIgniter\View\View->CodeIgniter\View\{closure}()
 4 SYSTEMPATH\Common.php(1188): CodeIgniter\View\View->render('admin/dram/edit_dram', [], true)
 5 APPPATH\Libraries\Template.php(25): view('admin/dram/edit_dram', [...])
 6 APPPATH\Controllers\Admin\Music\Dram.php(65): App\Libraries\Template::tampil_admin('admin/dram/edit_dram', [...])
 7 SYSTEMPATH\CodeIgniter.php(919): App\Controllers\Admin\Music\Dram->edit('images', 'pujungan.png')
 8 SYSTEMPATH\CodeIgniter.php(494): CodeIgniter\CodeIgniter->runController(Object(App\Controllers\Admin\Music\Dram))
 9 SYSTEMPATH\CodeIgniter.php(353): CodeIgniter\CodeIgniter->handleRequest(null, Object(Config\Cache), false)
10 FCPATH\index.php(79): CodeIgniter\CodeIgniter->run()
CRITICAL - 2023-12-20 08:03:40 --> Trying to access array offset on value of type null
in APPPATH\Views\admin\dram\edit_dram.php on line 5.
 1 APPPATH\Views\admin\dram\edit_dram.php(5): CodeIgniter\Debug\Exceptions->errorHandler(2, 'Trying to access array offset on value of type null', 'C:\\xampp\\htdocs\\toko_music\\app\\Views\\admin\\dram\\edit_dram.php', 5)
 2 SYSTEMPATH\View\View.php(226): include('C:\\xampp\\htdocs\\toko_music\\app\\Views\\admin\\dram\\edit_dram.php')
 3 SYSTEMPATH\View\View.php(229): CodeIgniter\View\View->CodeIgniter\View\{closure}()
 4 SYSTEMPATH\Common.php(1188): CodeIgniter\View\View->render('admin/dram/edit_dram', [], true)
 5 APPPATH\Libraries\Template.php(25): view('admin/dram/edit_dram', [...])
 6 APPPATH\Controllers\Admin\Music\Dram.php(65): App\Libraries\Template::tampil_admin('admin/dram/edit_dram', [...])
 7 SYSTEMPATH\CodeIgniter.php(919): App\Controllers\Admin\Music\Dram->edit('images', 'pujungan.png')
 8 SYSTEMPATH\CodeIgniter.php(494): CodeIgniter\CodeIgniter->runController(Object(App\Controllers\Admin\Music\Dram))
 9 SYSTEMPATH\CodeIgniter.php(353): CodeIgniter\CodeIgniter->handleRequest(null, Object(Config\Cache), false)
10 FCPATH\index.php(79): CodeIgniter\CodeIgniter->run()
CRITICAL - 2023-12-20 08:03:57 --> Trying to access array offset on value of type null
in APPPATH\Views\admin\dram\edit_dram.php on line 5.
 1 APPPATH\Views\admin\dram\edit_dram.php(5): CodeIgniter\Debug\Exceptions->errorHandler(2, 'Trying to access array offset on value of type null', 'C:\\xampp\\htdocs\\toko_music\\app\\Views\\admin\\dram\\edit_dram.php', 5)
 2 SYSTEMPATH\View\View.php(226): include('C:\\xampp\\htdocs\\toko_music\\app\\Views\\admin\\dram\\edit_dram.php')
 3 SYSTEMPATH\View\View.php(229): CodeIgniter\View\View->CodeIgniter\View\{closure}()
 4 SYSTEMPATH\Common.php(1188): CodeIgniter\View\View->render('admin/dram/edit_dram', [], true)
 5 APPPATH\Libraries\Template.php(25): view('admin/dram/edit_dram', [...])
 6 APPPATH\Controllers\Admin\Music\Dram.php(65): App\Libraries\Template::tampil_admin('admin/dram/edit_dram', [...])
 7 SYSTEMPATH\CodeIgniter.php(919): App\Controllers\Admin\Music\Dram->edit('images', 'pujungan.png')
 8 SYSTEMPATH\CodeIgniter.php(494): CodeIgniter\CodeIgniter->runController(Object(App\Controllers\Admin\Music\Dram))
 9 SYSTEMPATH\CodeIgniter.php(353): CodeIgniter\CodeIgniter->handleRequest(null, Object(Config\Cache), false)
10 FCPATH\index.php(79): CodeIgniter\CodeIgniter->run()
CRITICAL - 2023-12-20 08:03:57 --> Trying to access array offset on value of type null
in APPPATH\Views\admin\dram\edit_dram.php on line 5.
 1 APPPATH\Views\admin\dram\edit_dram.php(5): CodeIgniter\Debug\Exceptions->errorHandler(2, 'Trying to access array offset on value of type null', 'C:\\xampp\\htdocs\\toko_music\\app\\Views\\admin\\dram\\edit_dram.php', 5)
 2 SYSTEMPATH\View\View.php(226): include('C:\\xampp\\htdocs\\toko_music\\app\\Views\\admin\\dram\\edit_dram.php')
 3 SYSTEMPATH\View\View.php(229): CodeIgniter\View\View->CodeIgniter\View\{closure}()
 4 SYSTEMPATH\Common.php(1188): CodeIgniter\View\View->render('admin/dram/edit_dram', [], true)
 5 APPPATH\Libraries\Template.php(25): view('admin/dram/edit_dram', [...])
 6 APPPATH\Controllers\Admin\Music\Dram.php(65): App\Libraries\Template::tampil_admin('admin/dram/edit_dram', [...])
 7 SYSTEMPATH\CodeIgniter.php(919): App\Controllers\Admin\Music\Dram->edit('images', 'pujungan.png')
 8 SYSTEMPATH\CodeIgniter.php(494): CodeIgniter\CodeIgniter->runController(Object(App\Controllers\Admin\Music\Dram))
 9 SYSTEMPATH\CodeIgniter.php(353): CodeIgniter\CodeIgniter->handleRequest(null, Object(Config\Cache), false)
10 FCPATH\index.php(79): CodeIgniter\CodeIgniter->run()
CRITICAL - 2023-12-20 08:04:03 --> Trying to access array offset on value of type null
in APPPATH\Views\admin\dram\edit_dram.php on line 5.
 1 APPPATH\Views\admin\dram\edit_dram.php(5): CodeIgniter\Debug\Exceptions->errorHandler(2, 'Trying to access array offset on value of type null', 'C:\\xampp\\htdocs\\toko_music\\app\\Views\\admin\\dram\\edit_dram.php', 5)
 2 SYSTEMPATH\View\View.php(226): include('C:\\xampp\\htdocs\\toko_music\\app\\Views\\admin\\dram\\edit_dram.php')
 3 SYSTEMPATH\View\View.php(229): CodeIgniter\View\View->CodeIgniter\View\{closure}()
 4 SYSTEMPATH\Common.php(1188): CodeIgniter\View\View->render('admin/dram/edit_dram', [], true)
 5 APPPATH\Libraries\Template.php(25): view('admin/dram/edit_dram', [...])
 6 APPPATH\Controllers\Admin\Music\Dram.php(65): App\Libraries\Template::tampil_admin('admin/dram/edit_dram', [...])
 7 SYSTEMPATH\CodeIgniter.php(919): App\Controllers\Admin\Music\Dram->edit('images', 'pujungan.png')
 8 SYSTEMPATH\CodeIgniter.php(494): CodeIgniter\CodeIgniter->runController(Object(App\Controllers\Admin\Music\Dram))
 9 SYSTEMPATH\CodeIgniter.php(353): CodeIgniter\CodeIgniter->handleRequest(null, Object(Config\Cache), false)
10 FCPATH\index.php(79): CodeIgniter\CodeIgniter->run()
CRITICAL - 2023-12-20 08:04:03 --> Trying to access array offset on value of type null
in APPPATH\Views\admin\dram\edit_dram.php on line 5.
 1 APPPATH\Views\admin\dram\edit_dram.php(5): CodeIgniter\Debug\Exceptions->errorHandler(2, 'Trying to access array offset on value of type null', 'C:\\xampp\\htdocs\\toko_music\\app\\Views\\admin\\dram\\edit_dram.php', 5)
 2 SYSTEMPATH\View\View.php(226): include('C:\\xampp\\htdocs\\toko_music\\app\\Views\\admin\\dram\\edit_dram.php')
 3 SYSTEMPATH\View\View.php(229): CodeIgniter\View\View->CodeIgniter\View\{closure}()
 4 SYSTEMPATH\Common.php(1188): CodeIgniter\View\View->render('admin/dram/edit_dram', [], true)
 5 APPPATH\Libraries\Template.php(25): view('admin/dram/edit_dram', [...])
 6 APPPATH\Controllers\Admin\Music\Dram.php(65): App\Libraries\Template::tampil_admin('admin/dram/edit_dram', [...])
 7 SYSTEMPATH\CodeIgniter.php(919): App\Controllers\Admin\Music\Dram->edit('images', 'pujungan.png')
 8 SYSTEMPATH\CodeIgniter.php(494): CodeIgniter\CodeIgniter->runController(Object(App\Controllers\Admin\Music\Dram))
 9 SYSTEMPATH\CodeIgniter.php(353): CodeIgniter\CodeIgniter->handleRequest(null, Object(Config\Cache), false)
10 FCPATH\index.php(79): CodeIgniter\CodeIgniter->run()
