CRITICAL - 2023-11-15 10:43:07 --> Cannot use positional argument after named argument
in APPPATH\Controllers\Admin\Produk.php on line 20.
 1 [internal function]: CodeIgniter\Debug\Exceptions->shutdownHandler()
CRITICAL - 2023-11-15 10:44:11 --> Call to undefined method App\Models\mproduct::orderby()
in APPPATH\Controllers\Admin\Produk.php on line 14.
 1 SYSTEMPATH\CodeIgniter.php(919): App\Controllers\Admin\Produk->index()
 2 SYSTEMPATH\CodeIgniter.php(494): CodeIgniter\CodeIgniter->runController(Object(App\Controllers\Admin\Produk))
 3 SYSTEMPATH\CodeIgniter.php(353): CodeIgniter\CodeIgniter->handleRequest(null, Object(Config\Cache), false)
 4 FCPATH\index.php(79): CodeIgniter\CodeIgniter->run()
CRITICAL - 2023-11-15 10:44:12 --> Call to undefined method App\Models\mproduct::orderby()
in APPPATH\Controllers\Admin\Produk.php on line 14.
 1 SYSTEMPATH\CodeIgniter.php(919): App\Controllers\Admin\Produk->index()
 2 SYSTEMPATH\CodeIgniter.php(494): CodeIgniter\CodeIgniter->runController(Object(App\Controllers\Admin\Produk))
 3 SYSTEMPATH\CodeIgniter.php(353): CodeIgniter\CodeIgniter->handleRequest(null, Object(Config\Cache), false)
 4 FCPATH\index.php(79): CodeIgniter\CodeIgniter->run()
CRITICAL - 2023-11-15 10:44:59 --> Cannot use positional argument after named argument
in APPPATH\Controllers\Admin\Produk.php on line 20.
 1 [internal function]: CodeIgniter\Debug\Exceptions->shutdownHandler()
CRITICAL - 2023-11-15 10:47:30 --> Cannot use positional argument after named argument
in APPPATH\Controllers\Admin\Produk.php on line 20.
 1 [internal function]: CodeIgniter\Debug\Exceptions->shutdownHandler()
CRITICAL - 2023-11-15 10:48:48 --> Call to undefined method App\Models\mproduct::orderBy()
in APPPATH\Controllers\Admin\Produk.php on line 14.
 1 SYSTEMPATH\CodeIgniter.php(919): App\Controllers\Admin\Produk->index()
 2 SYSTEMPATH\CodeIgniter.php(494): CodeIgniter\CodeIgniter->runController(Object(App\Controllers\Admin\Produk))
 3 SYSTEMPATH\CodeIgniter.php(353): CodeIgniter\CodeIgniter->handleRequest(null, Object(Config\Cache), false)
 4 FCPATH\index.php(79): CodeIgniter\CodeIgniter->run()
CRITICAL - 2023-11-15 10:49:08 --> Cannot use positional argument after named argument
in APPPATH\Controllers\Admin\Produk.php on line 20.
 1 [internal function]: CodeIgniter\Debug\Exceptions->shutdownHandler()
CRITICAL - 2023-11-15 11:01:29 --> Too few arguments to function App\Libraries\Template::tampil_admin(), 1 passed in C:\xampp\htdocs\web2\pertemuan10\app\Controllers\Admin\Produk.php on line 20 and exactly 2 expected
in APPPATH\Libraries\Template.php on line 21.
 1 APPPATH\Controllers\Admin\Produk.php(20): App\Libraries\Template::tampil_admin('admin/produk_daftar')
 2 SYSTEMPATH\CodeIgniter.php(919): App\Controllers\Admin\Produk->index()
 3 SYSTEMPATH\CodeIgniter.php(494): CodeIgniter\CodeIgniter->runController(Object(App\Controllers\Admin\Produk))
 4 SYSTEMPATH\CodeIgniter.php(353): CodeIgniter\CodeIgniter->handleRequest(null, Object(Config\Cache), false)
 5 FCPATH\index.php(79): CodeIgniter\CodeIgniter->run()
CRITICAL - 2023-11-15 11:01:45 --> Cannot use positional argument after named argument
in APPPATH\Controllers\Admin\Produk.php on line 20.
 1 [internal function]: CodeIgniter\Debug\Exceptions->shutdownHandler()
CRITICAL - 2023-11-15 11:06:02 --> Cannot use positional argument after named argument
in APPPATH\Controllers\Admin\Produk.php on line 20.
 1 [internal function]: CodeIgniter\Debug\Exceptions->shutdownHandler()
CRITICAL - 2023-11-15 11:06:18 --> Too few arguments to function App\Libraries\Template::tampil_admin(), 1 passed in C:\xampp\htdocs\web2\pertemuan10\app\Controllers\Admin\Produk.php on line 20 and exactly 2 expected
in APPPATH\Libraries\Template.php on line 21.
 1 APPPATH\Controllers\Admin\Produk.php(20): App\Libraries\Template::tampil_admin('admin/produk_daftar')
 2 SYSTEMPATH\CodeIgniter.php(919): App\Controllers\Admin\Produk->index()
 3 SYSTEMPATH\CodeIgniter.php(494): CodeIgniter\CodeIgniter->runController(Object(App\Controllers\Admin\Produk))
 4 SYSTEMPATH\CodeIgniter.php(353): CodeIgniter\CodeIgniter->handleRequest(null, Object(Config\Cache), false)
 5 FCPATH\index.php(79): CodeIgniter\CodeIgniter->run()
CRITICAL - 2023-11-15 11:07:02 --> Undefined variable $data
in APPPATH\Libraries\Template.php on line 25.
 1 APPPATH\Libraries\Template.php(25): CodeIgniter\Debug\Exceptions->errorHandler(2, 'Undefined variable $data', 'C:\\xampp\\htdocs\\web2\\pertemuan10\\app\\Libraries\\Template.php', 25)
 2 APPPATH\Controllers\Admin\Produk.php(20): App\Libraries\Template::tampil_admin('admin/produk_daftar')
 3 SYSTEMPATH\CodeIgniter.php(919): App\Controllers\Admin\Produk->index()
 4 SYSTEMPATH\CodeIgniter.php(494): CodeIgniter\CodeIgniter->runController(Object(App\Controllers\Admin\Produk))
 5 SYSTEMPATH\CodeIgniter.php(353): CodeIgniter\CodeIgniter->handleRequest(null, Object(Config\Cache), false)
 6 FCPATH\index.php(79): CodeIgniter\CodeIgniter->run()
CRITICAL - 2023-11-15 11:07:09 --> Undefined variable $product_list
in APPPATH\Views\admin\produk_daftar.php on line 26.
 1 APPPATH\Views\admin\produk_daftar.php(26): CodeIgniter\Debug\Exceptions->errorHandler(2, 'Undefined variable $product_list', 'C:\\xampp\\htdocs\\web2\\pertemuan10\\app\\Views\\admin\\produk_daftar.php', 26)
 2 SYSTEMPATH\View\View.php(226): include('C:\\xampp\\htdocs\\web2\\pertemuan10\\app\\Views\\admin\\produk_daftar.php')
 3 SYSTEMPATH\View\View.php(229): CodeIgniter\View\View->CodeIgniter\View\{closure}()
 4 SYSTEMPATH\Common.php(1188): CodeIgniter\View\View->render('admin/produk_daftar', [], true)
 5 APPPATH\Libraries\Template.php(25): view('admin/produk_daftar')
 6 APPPATH\Controllers\Admin\Produk.php(20): App\Libraries\Template::tampil_admin('admin/produk_daftar')
 7 SYSTEMPATH\CodeIgniter.php(919): App\Controllers\Admin\Produk->index()
 8 SYSTEMPATH\CodeIgniter.php(494): CodeIgniter\CodeIgniter->runController(Object(App\Controllers\Admin\Produk))
 9 SYSTEMPATH\CodeIgniter.php(353): CodeIgniter\CodeIgniter->handleRequest(null, Object(Config\Cache), false)
10 FCPATH\index.php(79): CodeIgniter\CodeIgniter->run()
CRITICAL - 2023-11-15 11:07:42 --> Cannot use positional argument after named argument
in APPPATH\Controllers\Admin\Produk.php on line 20.
 1 [internal function]: CodeIgniter\Debug\Exceptions->shutdownHandler()
CRITICAL - 2023-11-15 11:10:04 --> Too few arguments to function App\Libraries\Template::tampil_admin(), 1 passed in C:\xampp\htdocs\web2\pertemuan10\app\Controllers\Admin\Produk.php on line 20 and exactly 2 expected
in APPPATH\Libraries\Template.php on line 21.
 1 APPPATH\Controllers\Admin\Produk.php(20): App\Libraries\Template::tampil_admin([...])
 2 SYSTEMPATH\CodeIgniter.php(919): App\Controllers\Admin\Produk->index()
 3 SYSTEMPATH\CodeIgniter.php(494): CodeIgniter\CodeIgniter->runController(Object(App\Controllers\Admin\Produk))
 4 SYSTEMPATH\CodeIgniter.php(353): CodeIgniter\CodeIgniter->handleRequest(null, Object(Config\Cache), false)
 5 FCPATH\index.php(79): CodeIgniter\CodeIgniter->run()
CRITICAL - 2023-11-15 11:10:39 --> Cannot use positional argument after named argument
in APPPATH\Controllers\Admin\Produk.php on line 20.
 1 [internal function]: CodeIgniter\Debug\Exceptions->shutdownHandler()
CRITICAL - 2023-11-15 11:11:37 --> Too few arguments to function App\Libraries\Template::tampil_admin(), 1 passed in C:\xampp\htdocs\web2\pertemuan10\app\Controllers\Admin\Produk.php on line 20 and exactly 2 expected
in APPPATH\Libraries\Template.php on line 21.
 1 APPPATH\Controllers\Admin\Produk.php(20): App\Libraries\Template::tampil_admin('admin/produk_daftar')
 2 SYSTEMPATH\CodeIgniter.php(919): App\Controllers\Admin\Produk->index()
 3 SYSTEMPATH\CodeIgniter.php(494): CodeIgniter\CodeIgniter->runController(Object(App\Controllers\Admin\Produk))
 4 SYSTEMPATH\CodeIgniter.php(353): CodeIgniter\CodeIgniter->handleRequest(null, Object(Config\Cache), false)
 5 FCPATH\index.php(79): CodeIgniter\CodeIgniter->run()
CRITICAL - 2023-11-15 11:11:47 --> Too few arguments to function App\Libraries\Template::tampil_admin(), 1 passed in C:\xampp\htdocs\web2\pertemuan10\app\Controllers\Admin\Produk.php on line 20 and exactly 2 expected
in APPPATH\Libraries\Template.php on line 21.
 1 APPPATH\Controllers\Admin\Produk.php(20): App\Libraries\Template::tampil_admin('admin/produk_daftar')
 2 SYSTEMPATH\CodeIgniter.php(919): App\Controllers\Admin\Produk->index()
 3 SYSTEMPATH\CodeIgniter.php(494): CodeIgniter\CodeIgniter->runController(Object(App\Controllers\Admin\Produk))
 4 SYSTEMPATH\CodeIgniter.php(353): CodeIgniter\CodeIgniter->handleRequest(null, Object(Config\Cache), false)
 5 FCPATH\index.php(79): CodeIgniter\CodeIgniter->run()
CRITICAL - 2023-11-15 11:11:57 --> syntax error, unexpected variable "$data", expecting ")"
in APPPATH\Controllers\Admin\Produk.php on line 20.
 1 SYSTEMPATH\Autoloader\Autoloader.php(285): CodeIgniter\Autoloader\Autoloader->includeFile('C:\\xampp\\htdocs\\web2\\pertemuan10\\app\\Controllers\\Admin\\Produk.php')
 2 SYSTEMPATH\Autoloader\Autoloader.php(263): CodeIgniter\Autoloader\Autoloader->loadInNamespace('App\\Controllers\\Admin\\Produk')
 3 [internal function]: CodeIgniter\Autoloader\Autoloader->loadClass('App\\Controllers\\Admin\\Produk')
 4 SYSTEMPATH\CodeIgniter.php(877): class_exists('\\App\\Controllers\\Admin\\Produk', true)
 5 SYSTEMPATH\CodeIgniter.php(481): CodeIgniter\CodeIgniter->startController()
 6 SYSTEMPATH\CodeIgniter.php(353): CodeIgniter\CodeIgniter->handleRequest(null, Object(Config\Cache), false)
 7 FCPATH\index.php(79): CodeIgniter\CodeIgniter->run()
CRITICAL - 2023-11-15 11:12:04 --> Cannot use positional argument after named argument
in APPPATH\Controllers\Admin\Produk.php on line 20.
 1 [internal function]: CodeIgniter\Debug\Exceptions->shutdownHandler()
CRITICAL - 2023-11-15 11:12:28 --> view(): Argument #1 ($name) must be of type string, array given, called in C:\xampp\htdocs\web2\pertemuan10\app\Libraries\Template.php on line 25
in SYSTEMPATH\Common.php on line 1176.
 1 APPPATH\Libraries\Template.php(25): view([...], 'admin/produk_daftar')
 2 APPPATH\Controllers\Admin\Produk.php(20): App\Libraries\Template::tampil_admin([...], 'admin/produk_daftar')
 3 SYSTEMPATH\CodeIgniter.php(919): App\Controllers\Admin\Produk->index()
 4 SYSTEMPATH\CodeIgniter.php(494): CodeIgniter\CodeIgniter->runController(Object(App\Controllers\Admin\Produk))
 5 SYSTEMPATH\CodeIgniter.php(353): CodeIgniter\CodeIgniter->handleRequest(null, Object(Config\Cache), false)
 6 FCPATH\index.php(79): CodeIgniter\CodeIgniter->run()
CRITICAL - 2023-11-15 11:12:45 --> view(): Argument #1 ($name) must be of type string, array given, called in C:\xampp\htdocs\web2\pertemuan10\app\Libraries\Template.php on line 25
in SYSTEMPATH\Common.php on line 1176.
 1 APPPATH\Libraries\Template.php(25): view([...], 'admin/produk_daftar')
 2 APPPATH\Controllers\Admin\Produk.php(20): App\Libraries\Template::tampil_admin([...], 'admin/produk_daftar')
 3 SYSTEMPATH\CodeIgniter.php(919): App\Controllers\Admin\Produk->index()
 4 SYSTEMPATH\CodeIgniter.php(494): CodeIgniter\CodeIgniter->runController(Object(App\Controllers\Admin\Produk))
 5 SYSTEMPATH\CodeIgniter.php(353): CodeIgniter\CodeIgniter->handleRequest(null, Object(Config\Cache), false)
 6 FCPATH\index.php(79): CodeIgniter\CodeIgniter->run()
CRITICAL - 2023-11-15 11:13:07 --> Named parameter $nama_view overwrites previous argument
in APPPATH\Controllers\Admin\Produk.php on line 20.
 1 SYSTEMPATH\CodeIgniter.php(919): App\Controllers\Admin\Produk->index()
 2 SYSTEMPATH\CodeIgniter.php(494): CodeIgniter\CodeIgniter->runController(Object(App\Controllers\Admin\Produk))
 3 SYSTEMPATH\CodeIgniter.php(353): CodeIgniter\CodeIgniter->handleRequest(null, Object(Config\Cache), false)
 4 FCPATH\index.php(79): CodeIgniter\CodeIgniter->run()
CRITICAL - 2023-11-15 11:13:17 --> Named parameter $nama_view overwrites previous argument
in APPPATH\Controllers\Admin\Produk.php on line 20.
 1 SYSTEMPATH\CodeIgniter.php(919): App\Controllers\Admin\Produk->index()
 2 SYSTEMPATH\CodeIgniter.php(494): CodeIgniter\CodeIgniter->runController(Object(App\Controllers\Admin\Produk))
 3 SYSTEMPATH\CodeIgniter.php(353): CodeIgniter\CodeIgniter->handleRequest(null, Object(Config\Cache), false)
 4 FCPATH\index.php(79): CodeIgniter\CodeIgniter->run()
CRITICAL - 2023-11-15 11:13:29 --> view(): Argument #1 ($name) must be of type string, array given, called in C:\xampp\htdocs\web2\pertemuan10\app\Libraries\Template.php on line 25
in SYSTEMPATH\Common.php on line 1176.
 1 APPPATH\Libraries\Template.php(25): view([...], 'admin/produk_daftar')
 2 APPPATH\Controllers\Admin\Produk.php(20): App\Libraries\Template::tampil_admin([...], 'admin/produk_daftar')
 3 SYSTEMPATH\CodeIgniter.php(919): App\Controllers\Admin\Produk->index()
 4 SYSTEMPATH\CodeIgniter.php(494): CodeIgniter\CodeIgniter->runController(Object(App\Controllers\Admin\Produk))
 5 SYSTEMPATH\CodeIgniter.php(353): CodeIgniter\CodeIgniter->handleRequest(null, Object(Config\Cache), false)
 6 FCPATH\index.php(79): CodeIgniter\CodeIgniter->run()
CRITICAL - 2023-11-15 11:13:56 --> Named parameter $nama_view overwrites previous argument
in APPPATH\Controllers\Admin\Produk.php on line 20.
 1 SYSTEMPATH\CodeIgniter.php(919): App\Controllers\Admin\Produk->index()
 2 SYSTEMPATH\CodeIgniter.php(494): CodeIgniter\CodeIgniter->runController(Object(App\Controllers\Admin\Produk))
 3 SYSTEMPATH\CodeIgniter.php(353): CodeIgniter\CodeIgniter->handleRequest(null, Object(Config\Cache), false)
 4 FCPATH\index.php(79): CodeIgniter\CodeIgniter->run()
CRITICAL - 2023-11-15 11:14:10 --> syntax error, unexpected identifier "nama_view", expecting ")"
in APPPATH\Controllers\Admin\Produk.php on line 20.
 1 SYSTEMPATH\Autoloader\Autoloader.php(285): CodeIgniter\Autoloader\Autoloader->includeFile('C:\\xampp\\htdocs\\web2\\pertemuan10\\app\\Controllers\\Admin\\Produk.php')
 2 SYSTEMPATH\Autoloader\Autoloader.php(263): CodeIgniter\Autoloader\Autoloader->loadInNamespace('App\\Controllers\\Admin\\Produk')
 3 [internal function]: CodeIgniter\Autoloader\Autoloader->loadClass('App\\Controllers\\Admin\\Produk')
 4 SYSTEMPATH\CodeIgniter.php(877): class_exists('\\App\\Controllers\\Admin\\Produk', true)
 5 SYSTEMPATH\CodeIgniter.php(481): CodeIgniter\CodeIgniter->startController()
 6 SYSTEMPATH\CodeIgniter.php(353): CodeIgniter\CodeIgniter->handleRequest(null, Object(Config\Cache), false)
 7 FCPATH\index.php(79): CodeIgniter\CodeIgniter->run()
CRITICAL - 2023-11-15 11:14:18 --> Named parameter $nama_view overwrites previous argument
in APPPATH\Controllers\Admin\Produk.php on line 20.
 1 SYSTEMPATH\CodeIgniter.php(919): App\Controllers\Admin\Produk->index()
 2 SYSTEMPATH\CodeIgniter.php(494): CodeIgniter\CodeIgniter->runController(Object(App\Controllers\Admin\Produk))
 3 SYSTEMPATH\CodeIgniter.php(353): CodeIgniter\CodeIgniter->handleRequest(null, Object(Config\Cache), false)
 4 FCPATH\index.php(79): CodeIgniter\CodeIgniter->run()
CRITICAL - 2023-11-15 11:14:29 --> Cannot use positional argument after named argument
in APPPATH\Controllers\Admin\Produk.php on line 20.
 1 [internal function]: CodeIgniter\Debug\Exceptions->shutdownHandler()
CRITICAL - 2023-11-15 11:14:48 --> syntax error, unexpected single-quoted string "admin/produk_daftar", expecting ")"
in APPPATH\Controllers\Admin\Produk.php on line 20.
 1 SYSTEMPATH\Autoloader\Autoloader.php(285): CodeIgniter\Autoloader\Autoloader->includeFile('C:\\xampp\\htdocs\\web2\\pertemuan10\\app\\Controllers\\Admin\\Produk.php')
 2 SYSTEMPATH\Autoloader\Autoloader.php(263): CodeIgniter\Autoloader\Autoloader->loadInNamespace('App\\Controllers\\Admin\\Produk')
 3 [internal function]: CodeIgniter\Autoloader\Autoloader->loadClass('App\\Controllers\\Admin\\Produk')
 4 SYSTEMPATH\CodeIgniter.php(877): class_exists('\\App\\Controllers\\Admin\\Produk', true)
 5 SYSTEMPATH\CodeIgniter.php(481): CodeIgniter\CodeIgniter->startController()
 6 SYSTEMPATH\CodeIgniter.php(353): CodeIgniter\CodeIgniter->handleRequest(null, Object(Config\Cache), false)
 7 FCPATH\index.php(79): CodeIgniter\CodeIgniter->run()
CRITICAL - 2023-11-15 11:17:05 --> Cannot use positional argument after named argument
in APPPATH\Controllers\Admin\Produk.php on line 20.
 1 [internal function]: CodeIgniter\Debug\Exceptions->shutdownHandler()
CRITICAL - 2023-11-15 11:17:38 --> Unknown named parameter $url
in APPPATH\Views\admin\produk_daftar.php on line 29.
 1 SYSTEMPATH\View\View.php(226): include()
 2 SYSTEMPATH\View\View.php(229): CodeIgniter\View\View->CodeIgniter\View\{closure}()
 3 SYSTEMPATH\Common.php(1188): CodeIgniter\View\View->render('admin/produk_daftar', [], true)
 4 APPPATH\Libraries\Template.php(25): view('admin/produk_daftar', [...])
 5 APPPATH\Controllers\Admin\Produk.php(20): App\Libraries\Template::tampil_admin('admin/produk_daftar', [...])
 6 SYSTEMPATH\CodeIgniter.php(919): App\Controllers\Admin\Produk->index()
 7 SYSTEMPATH\CodeIgniter.php(494): CodeIgniter\CodeIgniter->runController(Object(App\Controllers\Admin\Produk))
 8 SYSTEMPATH\CodeIgniter.php(353): CodeIgniter\CodeIgniter->handleRequest(null, Object(Config\Cache), false)
 9 FCPATH\index.php(79): CodeIgniter\CodeIgniter->run()
CRITICAL - 2023-11-15 11:22:04 --> Too few arguments to function App\Libraries\Template::tampil_admin(), 1 passed in C:\xampp\htdocs\web2\pertemuan10\app\Controllers\Admin\Dashboard.php on line 12 and exactly 2 expected
in APPPATH\Libraries\Template.php on line 21.
 1 APPPATH\Controllers\Admin\Dashboard.php(12): App\Libraries\Template::tampil_admin('admin/dashboard')
 2 SYSTEMPATH\CodeIgniter.php(919): App\Controllers\Admin\Dashboard->index()
 3 SYSTEMPATH\CodeIgniter.php(494): CodeIgniter\CodeIgniter->runController(Object(App\Controllers\Admin\Dashboard))
 4 SYSTEMPATH\CodeIgniter.php(353): CodeIgniter\CodeIgniter->handleRequest(null, Object(Config\Cache), false)
 5 FCPATH\index.php(79): CodeIgniter\CodeIgniter->run()
CRITICAL - 2023-11-15 11:22:20 --> Too few arguments to function App\Libraries\Template::tampil_admin(), 1 passed in C:\xampp\htdocs\web2\pertemuan10\app\Controllers\Admin\Dashboard.php on line 12 and exactly 2 expected
in APPPATH\Libraries\Template.php on line 21.
 1 APPPATH\Controllers\Admin\Dashboard.php(12): App\Libraries\Template::tampil_admin('admin/dashboard')
 2 SYSTEMPATH\CodeIgniter.php(919): App\Controllers\Admin\Dashboard->index()
 3 SYSTEMPATH\CodeIgniter.php(494): CodeIgniter\CodeIgniter->runController(Object(App\Controllers\Admin\Dashboard))
 4 SYSTEMPATH\CodeIgniter.php(353): CodeIgniter\CodeIgniter->handleRequest(null, Object(Config\Cache), false)
 5 FCPATH\index.php(79): CodeIgniter\CodeIgniter->run()
CRITICAL - 2023-11-15 11:22:45 --> Too few arguments to function App\Libraries\Template::tampil_admin(), 1 passed in C:\xampp\htdocs\web2\pertemuan10\app\Controllers\Admin\Dashboard.php on line 12 and exactly 2 expected
in APPPATH\Libraries\Template.php on line 21.
 1 APPPATH\Controllers\Admin\Dashboard.php(12): App\Libraries\Template::tampil_admin('admin/dashboard')
 2 SYSTEMPATH\CodeIgniter.php(919): App\Controllers\Admin\Dashboard->index()
 3 SYSTEMPATH\CodeIgniter.php(494): CodeIgniter\CodeIgniter->runController(Object(App\Controllers\Admin\Dashboard))
 4 SYSTEMPATH\CodeIgniter.php(353): CodeIgniter\CodeIgniter->handleRequest(null, Object(Config\Cache), false)
 5 FCPATH\index.php(79): CodeIgniter\CodeIgniter->run()
CRITICAL - 2023-11-15 11:23:20 --> Call to undefined function format_number()
in APPPATH\Views\admin\produk_daftar.php on line 31.
 1 SYSTEMPATH\View\View.php(226): include()
 2 SYSTEMPATH\View\View.php(229): CodeIgniter\View\View->CodeIgniter\View\{closure}()
 3 SYSTEMPATH\Common.php(1188): CodeIgniter\View\View->render('admin/produk_daftar', [], true)
 4 APPPATH\Libraries\Template.php(25): view('admin/produk_daftar', [...])
 5 APPPATH\Controllers\Admin\Produk.php(20): App\Libraries\Template::tampil_admin('admin/produk_daftar', [...])
 6 SYSTEMPATH\CodeIgniter.php(919): App\Controllers\Admin\Produk->index()
 7 SYSTEMPATH\CodeIgniter.php(494): CodeIgniter\CodeIgniter->runController(Object(App\Controllers\Admin\Produk))
 8 SYSTEMPATH\CodeIgniter.php(353): CodeIgniter\CodeIgniter->handleRequest(null, Object(Config\Cache), false)
 9 FCPATH\index.php(79): CodeIgniter\CodeIgniter->run()
CRITICAL - 2023-11-15 11:23:38 --> Too few arguments to function App\Libraries\Template::tampil_admin(), 1 passed in C:\xampp\htdocs\web2\pertemuan10\app\Controllers\Admin\Dashboard.php on line 12 and exactly 2 expected
in APPPATH\Libraries\Template.php on line 21.
 1 APPPATH\Controllers\Admin\Dashboard.php(12): App\Libraries\Template::tampil_admin('admin/dashboard')
 2 SYSTEMPATH\CodeIgniter.php(919): App\Controllers\Admin\Dashboard->index()
 3 SYSTEMPATH\CodeIgniter.php(494): CodeIgniter\CodeIgniter->runController(Object(App\Controllers\Admin\Dashboard))
 4 SYSTEMPATH\CodeIgniter.php(353): CodeIgniter\CodeIgniter->handleRequest(null, Object(Config\Cache), false)
 5 FCPATH\index.php(79): CodeIgniter\CodeIgniter->run()
CRITICAL - 2023-11-15 11:23:49 --> Undefined variable $data
in APPPATH\Libraries\Template.php on line 25.
 1 APPPATH\Libraries\Template.php(25): CodeIgniter\Debug\Exceptions->errorHandler(2, 'Undefined variable $data', 'C:\\xampp\\htdocs\\web2\\pertemuan10\\app\\Libraries\\Template.php', 25)
 2 APPPATH\Controllers\Admin\Dashboard.php(12): App\Libraries\Template::tampil_admin('admin/dashboard')
 3 SYSTEMPATH\CodeIgniter.php(919): App\Controllers\Admin\Dashboard->index()
 4 SYSTEMPATH\CodeIgniter.php(494): CodeIgniter\CodeIgniter->runController(Object(App\Controllers\Admin\Dashboard))
 5 SYSTEMPATH\CodeIgniter.php(353): CodeIgniter\CodeIgniter->handleRequest(null, Object(Config\Cache), false)
 6 FCPATH\index.php(79): CodeIgniter\CodeIgniter->run()
CRITICAL - 2023-11-15 11:24:18 --> Undefined variable $data
in APPPATH\Libraries\Template.php on line 28.
 1 APPPATH\Libraries\Template.php(28): CodeIgniter\Debug\Exceptions->errorHandler(2, 'Undefined variable $data', 'C:\\xampp\\htdocs\\web2\\pertemuan10\\app\\Libraries\\Template.php', 28)
 2 APPPATH\Controllers\Admin\Dashboard.php(12): App\Libraries\Template::tampil_admin('admin/dashboard')
 3 SYSTEMPATH\CodeIgniter.php(919): App\Controllers\Admin\Dashboard->index()
 4 SYSTEMPATH\CodeIgniter.php(494): CodeIgniter\CodeIgniter->runController(Object(App\Controllers\Admin\Dashboard))
 5 SYSTEMPATH\CodeIgniter.php(353): CodeIgniter\CodeIgniter->handleRequest(null, Object(Config\Cache), false)
 6 FCPATH\index.php(79): CodeIgniter\CodeIgniter->run()
CRITICAL - 2023-11-15 11:24:44 --> Undefined variable $product_list
in APPPATH\Views\admin\produk_daftar.php on line 26.
 1 APPPATH\Views\admin\produk_daftar.php(26): CodeIgniter\Debug\Exceptions->errorHandler(2, 'Undefined variable $product_list', 'C:\\xampp\\htdocs\\web2\\pertemuan10\\app\\Views\\admin\\produk_daftar.php', 26)
 2 SYSTEMPATH\View\View.php(226): include('C:\\xampp\\htdocs\\web2\\pertemuan10\\app\\Views\\admin\\produk_daftar.php')
 3 SYSTEMPATH\View\View.php(229): CodeIgniter\View\View->CodeIgniter\View\{closure}()
 4 SYSTEMPATH\Common.php(1188): CodeIgniter\View\View->render('admin/produk_daftar', [], true)
 5 APPPATH\Libraries\Template.php(25): view('admin/produk_daftar')
 6 APPPATH\Controllers\Admin\Produk.php(20): App\Libraries\Template::tampil_admin('admin/produk_daftar', [...])
 7 SYSTEMPATH\CodeIgniter.php(919): App\Controllers\Admin\Produk->index()
 8 SYSTEMPATH\CodeIgniter.php(494): CodeIgniter\CodeIgniter->runController(Object(App\Controllers\Admin\Produk))
 9 SYSTEMPATH\CodeIgniter.php(353): CodeIgniter\CodeIgniter->handleRequest(null, Object(Config\Cache), false)
10 FCPATH\index.php(79): CodeIgniter\CodeIgniter->run()
CRITICAL - 2023-11-15 11:26:37 --> Undefined variable $product_list
in APPPATH\Views\admin\produk_daftar.php on line 26.
 1 APPPATH\Views\admin\produk_daftar.php(26): CodeIgniter\Debug\Exceptions->errorHandler(2, 'Undefined variable $product_list', 'C:\\xampp\\htdocs\\web2\\pertemuan10\\app\\Views\\admin\\produk_daftar.php', 26)
 2 SYSTEMPATH\View\View.php(226): include('C:\\xampp\\htdocs\\web2\\pertemuan10\\app\\Views\\admin\\produk_daftar.php')
 3 SYSTEMPATH\View\View.php(229): CodeIgniter\View\View->CodeIgniter\View\{closure}()
 4 SYSTEMPATH\Common.php(1188): CodeIgniter\View\View->render('admin/produk_daftar', [], true)
 5 APPPATH\Libraries\Template.php(25): view('admin/produk_daftar')
 6 APPPATH\Controllers\Admin\Produk.php(20): App\Libraries\Template::tampil_admin('admin/produk_daftar', [...])
 7 SYSTEMPATH\CodeIgniter.php(919): App\Controllers\Admin\Produk->index()
 8 SYSTEMPATH\CodeIgniter.php(494): CodeIgniter\CodeIgniter->runController(Object(App\Controllers\Admin\Produk))
 9 SYSTEMPATH\CodeIgniter.php(353): CodeIgniter\CodeIgniter->handleRequest(null, Object(Config\Cache), false)
10 FCPATH\index.php(79): CodeIgniter\CodeIgniter->run()
CRITICAL - 2023-11-15 11:26:40 --> Undefined variable $product_list
in APPPATH\Views\admin\produk_daftar.php on line 26.
 1 APPPATH\Views\admin\produk_daftar.php(26): CodeIgniter\Debug\Exceptions->errorHandler(2, 'Undefined variable $product_list', 'C:\\xampp\\htdocs\\web2\\pertemuan10\\app\\Views\\admin\\produk_daftar.php', 26)
 2 SYSTEMPATH\View\View.php(226): include('C:\\xampp\\htdocs\\web2\\pertemuan10\\app\\Views\\admin\\produk_daftar.php')
 3 SYSTEMPATH\View\View.php(229): CodeIgniter\View\View->CodeIgniter\View\{closure}()
 4 SYSTEMPATH\Common.php(1188): CodeIgniter\View\View->render('admin/produk_daftar', [], true)
 5 APPPATH\Libraries\Template.php(25): view('admin/produk_daftar')
 6 APPPATH\Controllers\Admin\Produk.php(20): App\Libraries\Template::tampil_admin('admin/produk_daftar', [...])
 7 SYSTEMPATH\CodeIgniter.php(919): App\Controllers\Admin\Produk->index()
 8 SYSTEMPATH\CodeIgniter.php(494): CodeIgniter\CodeIgniter->runController(Object(App\Controllers\Admin\Produk))
 9 SYSTEMPATH\CodeIgniter.php(353): CodeIgniter\CodeIgniter->handleRequest(null, Object(Config\Cache), false)
10 FCPATH\index.php(79): CodeIgniter\CodeIgniter->run()
CRITICAL - 2023-11-15 11:26:43 --> Undefined variable $product_list
in APPPATH\Views\admin\produk_daftar.php on line 26.
 1 APPPATH\Views\admin\produk_daftar.php(26): CodeIgniter\Debug\Exceptions->errorHandler(2, 'Undefined variable $product_list', 'C:\\xampp\\htdocs\\web2\\pertemuan10\\app\\Views\\admin\\produk_daftar.php', 26)
 2 SYSTEMPATH\View\View.php(226): include('C:\\xampp\\htdocs\\web2\\pertemuan10\\app\\Views\\admin\\produk_daftar.php')
 3 SYSTEMPATH\View\View.php(229): CodeIgniter\View\View->CodeIgniter\View\{closure}()
 4 SYSTEMPATH\Common.php(1188): CodeIgniter\View\View->render('admin/produk_daftar', [], true)
 5 APPPATH\Libraries\Template.php(25): view('admin/produk_daftar')
 6 APPPATH\Controllers\Admin\Produk.php(20): App\Libraries\Template::tampil_admin('admin/produk_daftar', [...])
 7 SYSTEMPATH\CodeIgniter.php(919): App\Controllers\Admin\Produk->index()
 8 SYSTEMPATH\CodeIgniter.php(494): CodeIgniter\CodeIgniter->runController(Object(App\Controllers\Admin\Produk))
 9 SYSTEMPATH\CodeIgniter.php(353): CodeIgniter\CodeIgniter->handleRequest(null, Object(Config\Cache), false)
10 FCPATH\index.php(79): CodeIgniter\CodeIgniter->run()
CRITICAL - 2023-11-15 11:28:21 --> Undefined variable $product_list
in APPPATH\Views\admin\produk_daftar.php on line 26.
 1 APPPATH\Views\admin\produk_daftar.php(26): CodeIgniter\Debug\Exceptions->errorHandler(2, 'Undefined variable $product_list', 'C:\\xampp\\htdocs\\web2\\pertemuan10\\app\\Views\\admin\\produk_daftar.php', 26)
 2 SYSTEMPATH\View\View.php(226): include('C:\\xampp\\htdocs\\web2\\pertemuan10\\app\\Views\\admin\\produk_daftar.php')
 3 SYSTEMPATH\View\View.php(229): CodeIgniter\View\View->CodeIgniter\View\{closure}()
 4 SYSTEMPATH\Common.php(1188): CodeIgniter\View\View->render('admin/produk_daftar', [], true)
 5 APPPATH\Libraries\Template.php(25): view('admin/produk_daftar')
 6 APPPATH\Controllers\Admin\Produk.php(20): App\Libraries\Template::tampil_admin('admin/produk_daftar', [...])
 7 SYSTEMPATH\CodeIgniter.php(919): App\Controllers\Admin\Produk->index()
 8 SYSTEMPATH\CodeIgniter.php(494): CodeIgniter\CodeIgniter->runController(Object(App\Controllers\Admin\Produk))
 9 SYSTEMPATH\CodeIgniter.php(353): CodeIgniter\CodeIgniter->handleRequest(null, Object(Config\Cache), false)
10 FCPATH\index.php(79): CodeIgniter\CodeIgniter->run()
CRITICAL - 2023-11-15 11:28:23 --> Undefined variable $product_list
in APPPATH\Views\admin\produk_daftar.php on line 26.
 1 APPPATH\Views\admin\produk_daftar.php(26): CodeIgniter\Debug\Exceptions->errorHandler(2, 'Undefined variable $product_list', 'C:\\xampp\\htdocs\\web2\\pertemuan10\\app\\Views\\admin\\produk_daftar.php', 26)
 2 SYSTEMPATH\View\View.php(226): include('C:\\xampp\\htdocs\\web2\\pertemuan10\\app\\Views\\admin\\produk_daftar.php')
 3 SYSTEMPATH\View\View.php(229): CodeIgniter\View\View->CodeIgniter\View\{closure}()
 4 SYSTEMPATH\Common.php(1188): CodeIgniter\View\View->render('admin/produk_daftar', [], true)
 5 APPPATH\Libraries\Template.php(25): view('admin/produk_daftar')
 6 APPPATH\Controllers\Admin\Produk.php(20): App\Libraries\Template::tampil_admin('admin/produk_daftar', [...])
 7 SYSTEMPATH\CodeIgniter.php(919): App\Controllers\Admin\Produk->index()
 8 SYSTEMPATH\CodeIgniter.php(494): CodeIgniter\CodeIgniter->runController(Object(App\Controllers\Admin\Produk))
 9 SYSTEMPATH\CodeIgniter.php(353): CodeIgniter\CodeIgniter->handleRequest(null, Object(Config\Cache), false)
10 FCPATH\index.php(79): CodeIgniter\CodeIgniter->run()
CRITICAL - 2023-11-15 11:28:56 --> Too few arguments to function App\Libraries\Template::tampil_admin(), 1 passed in C:\xampp\htdocs\web2\pertemuan10\app\Controllers\Admin\Dashboard.php on line 12 and exactly 2 expected
in APPPATH\Libraries\Template.php on line 21.
 1 APPPATH\Controllers\Admin\Dashboard.php(12): App\Libraries\Template::tampil_admin('admin/dashboard')
 2 SYSTEMPATH\CodeIgniter.php(919): App\Controllers\Admin\Dashboard->index()
 3 SYSTEMPATH\CodeIgniter.php(494): CodeIgniter\CodeIgniter->runController(Object(App\Controllers\Admin\Dashboard))
 4 SYSTEMPATH\CodeIgniter.php(353): CodeIgniter\CodeIgniter->handleRequest(null, Object(Config\Cache), false)
 5 FCPATH\index.php(79): CodeIgniter\CodeIgniter->run()
CRITICAL - 2023-11-15 11:29:10 --> Too few arguments to function App\Libraries\Template::tampil_admin(), 1 passed in C:\xampp\htdocs\web2\pertemuan10\app\Controllers\Admin\Dashboard.php on line 12 and exactly 2 expected
in APPPATH\Libraries\Template.php on line 21.
 1 APPPATH\Controllers\Admin\Dashboard.php(12): App\Libraries\Template::tampil_admin('admin/dashboard')
 2 SYSTEMPATH\CodeIgniter.php(919): App\Controllers\Admin\Dashboard->index()
 3 SYSTEMPATH\CodeIgniter.php(494): CodeIgniter\CodeIgniter->runController(Object(App\Controllers\Admin\Dashboard))
 4 SYSTEMPATH\CodeIgniter.php(353): CodeIgniter\CodeIgniter->handleRequest(null, Object(Config\Cache), false)
 5 FCPATH\index.php(79): CodeIgniter\CodeIgniter->run()
CRITICAL - 2023-11-15 11:30:19 --> Too few arguments to function App\Libraries\Template::tampil_admin(), 1 passed in C:\xampp\htdocs\web2\pertemuan10\app\Controllers\Admin\Dashboard.php on line 12 and exactly 2 expected
in APPPATH\Libraries\Template.php on line 21.
 1 APPPATH\Controllers\Admin\Dashboard.php(12): App\Libraries\Template::tampil_admin('admin/dashboard')
 2 SYSTEMPATH\CodeIgniter.php(919): App\Controllers\Admin\Dashboard->index()
 3 SYSTEMPATH\CodeIgniter.php(494): CodeIgniter\CodeIgniter->runController(Object(App\Controllers\Admin\Dashboard))
 4 SYSTEMPATH\CodeIgniter.php(353): CodeIgniter\CodeIgniter->handleRequest(null, Object(Config\Cache), false)
 5 FCPATH\index.php(79): CodeIgniter\CodeIgniter->run()
CRITICAL - 2023-11-15 11:30:24 --> Too few arguments to function App\Libraries\Template::tampil_admin(), 1 passed in C:\xampp\htdocs\web2\pertemuan10\app\Controllers\Admin\Dashboard.php on line 12 and exactly 2 expected
in APPPATH\Libraries\Template.php on line 21.
 1 APPPATH\Controllers\Admin\Dashboard.php(12): App\Libraries\Template::tampil_admin('admin/dashboard')
 2 SYSTEMPATH\CodeIgniter.php(919): App\Controllers\Admin\Dashboard->index()
 3 SYSTEMPATH\CodeIgniter.php(494): CodeIgniter\CodeIgniter->runController(Object(App\Controllers\Admin\Dashboard))
 4 SYSTEMPATH\CodeIgniter.php(353): CodeIgniter\CodeIgniter->handleRequest(null, Object(Config\Cache), false)
 5 FCPATH\index.php(79): CodeIgniter\CodeIgniter->run()
CRITICAL - 2023-11-15 11:30:54 --> Too few arguments to function App\Libraries\Template::tampil_admin(), 1 passed in C:\xampp\htdocs\web2\pertemuan10\app\Controllers\Admin\Dashboard.php on line 12 and exactly 2 expected
in APPPATH\Libraries\Template.php on line 21.
 1 APPPATH\Controllers\Admin\Dashboard.php(12): App\Libraries\Template::tampil_admin('admin/dashboard')
 2 SYSTEMPATH\CodeIgniter.php(919): App\Controllers\Admin\Dashboard->index()
 3 SYSTEMPATH\CodeIgniter.php(494): CodeIgniter\CodeIgniter->runController(Object(App\Controllers\Admin\Dashboard))
 4 SYSTEMPATH\CodeIgniter.php(353): CodeIgniter\CodeIgniter->handleRequest(null, Object(Config\Cache), false)
 5 FCPATH\index.php(79): CodeIgniter\CodeIgniter->run()
CRITICAL - 2023-11-15 11:30:58 --> Too few arguments to function App\Libraries\Template::tampil_admin(), 1 passed in C:\xampp\htdocs\web2\pertemuan10\app\Controllers\Admin\Dashboard.php on line 12 and exactly 2 expected
in APPPATH\Libraries\Template.php on line 21.
 1 APPPATH\Controllers\Admin\Dashboard.php(12): App\Libraries\Template::tampil_admin('admin/dashboard')
 2 SYSTEMPATH\CodeIgniter.php(919): App\Controllers\Admin\Dashboard->index()
 3 SYSTEMPATH\CodeIgniter.php(494): CodeIgniter\CodeIgniter->runController(Object(App\Controllers\Admin\Dashboard))
 4 SYSTEMPATH\CodeIgniter.php(353): CodeIgniter\CodeIgniter->handleRequest(null, Object(Config\Cache), false)
 5 FCPATH\index.php(79): CodeIgniter\CodeIgniter->run()
CRITICAL - 2023-11-15 11:36:53 --> Too few arguments to function App\Libraries\Template::tampil_user(), 1 passed in C:\xampp\htdocs\web2\pertemuan10\app\Controllers\User\Beranda.php on line 12 and exactly 2 expected
in APPPATH\Libraries\Template.php on line 5.
 1 APPPATH\Controllers\User\Beranda.php(12): App\Libraries\Template::tampil_user('user/beranda')
 2 SYSTEMPATH\CodeIgniter.php(919): App\Controllers\User\Beranda->index()
 3 SYSTEMPATH\CodeIgniter.php(494): CodeIgniter\CodeIgniter->runController(Object(App\Controllers\User\Beranda))
 4 SYSTEMPATH\CodeIgniter.php(353): CodeIgniter\CodeIgniter->handleRequest(null, Object(Config\Cache), false)
 5 FCPATH\index.php(79): CodeIgniter\CodeIgniter->run()
CRITICAL - 2023-11-15 11:37:00 --> Too few arguments to function App\Libraries\Template::tampil_user(), 1 passed in C:\xampp\htdocs\web2\pertemuan10\app\Controllers\User\Beranda.php on line 12 and exactly 2 expected
in APPPATH\Libraries\Template.php on line 5.
 1 APPPATH\Controllers\User\Beranda.php(12): App\Libraries\Template::tampil_user('user/beranda')
 2 SYSTEMPATH\CodeIgniter.php(919): App\Controllers\User\Beranda->index()
 3 SYSTEMPATH\CodeIgniter.php(494): CodeIgniter\CodeIgniter->runController(Object(App\Controllers\User\Beranda))
 4 SYSTEMPATH\CodeIgniter.php(353): CodeIgniter\CodeIgniter->handleRequest(null, Object(Config\Cache), false)
 5 FCPATH\index.php(79): CodeIgniter\CodeIgniter->run()
CRITICAL - 2023-11-15 11:41:55 --> Too few arguments to function App\Libraries\Template::tampil_user(), 1 passed in C:\xampp\htdocs\web2\pertemuan10\app\Controllers\User\Beranda.php on line 12 and exactly 2 expected
in APPPATH\Libraries\Template.php on line 5.
 1 APPPATH\Controllers\User\Beranda.php(12): App\Libraries\Template::tampil_user('user/beranda')
 2 SYSTEMPATH\CodeIgniter.php(919): App\Controllers\User\Beranda->index()
 3 SYSTEMPATH\CodeIgniter.php(494): CodeIgniter\CodeIgniter->runController(Object(App\Controllers\User\Beranda))
 4 SYSTEMPATH\CodeIgniter.php(353): CodeIgniter\CodeIgniter->handleRequest(null, Object(Config\Cache), false)
 5 FCPATH\index.php(79): CodeIgniter\CodeIgniter->run()
CRITICAL - 2023-11-15 11:42:05 --> Too few arguments to function App\Libraries\Template::tampil_user(), 1 passed in C:\xampp\htdocs\web2\pertemuan10\app\Controllers\User\Beranda.php on line 12 and exactly 2 expected
in APPPATH\Libraries\Template.php on line 5.
 1 APPPATH\Controllers\User\Beranda.php(12): App\Libraries\Template::tampil_user('user/beranda')
 2 SYSTEMPATH\CodeIgniter.php(919): App\Controllers\User\Beranda->index()
 3 SYSTEMPATH\CodeIgniter.php(494): CodeIgniter\CodeIgniter->runController(Object(App\Controllers\User\Beranda))
 4 SYSTEMPATH\CodeIgniter.php(353): CodeIgniter\CodeIgniter->handleRequest(null, Object(Config\Cache), false)
 5 FCPATH\index.php(79): CodeIgniter\CodeIgniter->run()
CRITICAL - 2023-11-15 11:42:08 --> Too few arguments to function App\Libraries\Template::tampil_user(), 1 passed in C:\xampp\htdocs\web2\pertemuan10\app\Controllers\User\Beranda.php on line 12 and exactly 2 expected
in APPPATH\Libraries\Template.php on line 5.
 1 APPPATH\Controllers\User\Beranda.php(12): App\Libraries\Template::tampil_user('user/beranda')
 2 SYSTEMPATH\CodeIgniter.php(919): App\Controllers\User\Beranda->index()
 3 SYSTEMPATH\CodeIgniter.php(494): CodeIgniter\CodeIgniter->runController(Object(App\Controllers\User\Beranda))
 4 SYSTEMPATH\CodeIgniter.php(353): CodeIgniter\CodeIgniter->handleRequest(null, Object(Config\Cache), false)
 5 FCPATH\index.php(79): CodeIgniter\CodeIgniter->run()
CRITICAL - 2023-11-15 11:43:23 --> Too few arguments to function App\Libraries\Template::tampil_user(), 1 passed in C:\xampp\htdocs\web2\pertemuan10\app\Controllers\User\Beranda.php on line 12 and exactly 2 expected
in APPPATH\Libraries\Template.php on line 5.
 1 APPPATH\Controllers\User\Beranda.php(12): App\Libraries\Template::tampil_user('user/beranda')
 2 SYSTEMPATH\CodeIgniter.php(919): App\Controllers\User\Beranda->index()
 3 SYSTEMPATH\CodeIgniter.php(494): CodeIgniter\CodeIgniter->runController(Object(App\Controllers\User\Beranda))
 4 SYSTEMPATH\CodeIgniter.php(353): CodeIgniter\CodeIgniter->handleRequest(null, Object(Config\Cache), false)
 5 FCPATH\index.php(79): CodeIgniter\CodeIgniter->run()
CRITICAL - 2023-11-15 11:43:53 --> Too few arguments to function App\Libraries\Template::tampil_user(), 1 passed in C:\xampp\htdocs\web2\pertemuan10\app\Controllers\User\Beranda.php on line 12 and exactly 2 expected
in APPPATH\Libraries\Template.php on line 5.
 1 APPPATH\Controllers\User\Beranda.php(12): App\Libraries\Template::tampil_user('user/beranda')
 2 SYSTEMPATH\CodeIgniter.php(919): App\Controllers\User\Beranda->index()
 3 SYSTEMPATH\CodeIgniter.php(494): CodeIgniter\CodeIgniter->runController(Object(App\Controllers\User\Beranda))
 4 SYSTEMPATH\CodeIgniter.php(353): CodeIgniter\CodeIgniter->handleRequest(null, Object(Config\Cache), false)
 5 FCPATH\index.php(79): CodeIgniter\CodeIgniter->run()
CRITICAL - 2023-11-15 11:44:44 --> Class "App\Controllers\User\mProduct" not found
in APPPATH\Controllers\User\Beranda.php on line 13.
 1 SYSTEMPATH\CodeIgniter.php(919): App\Controllers\User\Beranda->index()
 2 SYSTEMPATH\CodeIgniter.php(494): CodeIgniter\CodeIgniter->runController(Object(App\Controllers\User\Beranda))
 3 SYSTEMPATH\CodeIgniter.php(353): CodeIgniter\CodeIgniter->handleRequest(null, Object(Config\Cache), false)
 4 FCPATH\index.php(79): CodeIgniter\CodeIgniter->run()
CRITICAL - 2023-11-15 11:45:15 --> Class "App\Controllers\User\mProduct" not found
in APPPATH\Controllers\User\Beranda.php on line 13.
 1 SYSTEMPATH\CodeIgniter.php(919): App\Controllers\User\Beranda->index()
 2 SYSTEMPATH\CodeIgniter.php(494): CodeIgniter\CodeIgniter->runController(Object(App\Controllers\User\Beranda))
 3 SYSTEMPATH\CodeIgniter.php(353): CodeIgniter\CodeIgniter->handleRequest(null, Object(Config\Cache), false)
 4 FCPATH\index.php(79): CodeIgniter\CodeIgniter->run()
CRITICAL - 2023-11-15 11:45:27 --> Class "App\Controllers\User\mProduct" not found
in APPPATH\Controllers\User\Beranda.php on line 13.
 1 SYSTEMPATH\CodeIgniter.php(919): App\Controllers\User\Beranda->index()
 2 SYSTEMPATH\CodeIgniter.php(494): CodeIgniter\CodeIgniter->runController(Object(App\Controllers\User\Beranda))
 3 SYSTEMPATH\CodeIgniter.php(353): CodeIgniter\CodeIgniter->handleRequest(null, Object(Config\Cache), false)
 4 FCPATH\index.php(79): CodeIgniter\CodeIgniter->run()
CRITICAL - 2023-11-15 11:46:09 --> Too few arguments to function App\Libraries\Template::tampil_user(), 1 passed in C:\xampp\htdocs\web2\pertemuan10\app\Controllers\User\Produk.php on line 13 and exactly 2 expected
in APPPATH\Libraries\Template.php on line 5.
 1 APPPATH\Controllers\User\Produk.php(13): App\Libraries\Template::tampil_user('user/daftar_produk')
 2 SYSTEMPATH\CodeIgniter.php(919): App\Controllers\User\Produk->index()
 3 SYSTEMPATH\CodeIgniter.php(494): CodeIgniter\CodeIgniter->runController(Object(App\Controllers\User\Produk))
 4 SYSTEMPATH\CodeIgniter.php(353): CodeIgniter\CodeIgniter->handleRequest(null, Object(Config\Cache), false)
 5 FCPATH\index.php(79): CodeIgniter\CodeIgniter->run()
CRITICAL - 2023-11-15 11:46:40 --> Undefined variable $row
in APPPATH\Views\user\daftar_produk.php on line 13.
 1 APPPATH\Views\user\daftar_produk.php(13): CodeIgniter\Debug\Exceptions->errorHandler(2, 'Undefined variable $row', 'C:\\xampp\\htdocs\\web2\\pertemuan10\\app\\Views\\user\\daftar_produk.php', 13)
 2 SYSTEMPATH\View\View.php(226): include('C:\\xampp\\htdocs\\web2\\pertemuan10\\app\\Views\\user\\daftar_produk.php')
 3 SYSTEMPATH\View\View.php(229): CodeIgniter\View\View->CodeIgniter\View\{closure}()
 4 SYSTEMPATH\Common.php(1188): CodeIgniter\View\View->render('user/daftar_produk', [], true)
 5 APPPATH\Libraries\Template.php(9): view('user/daftar_produk', [...])
 6 APPPATH\Controllers\User\Produk.php(21): App\Libraries\Template::tampil_user('user/daftar_produk', [...])
 7 SYSTEMPATH\CodeIgniter.php(919): App\Controllers\User\Produk->index()
 8 SYSTEMPATH\CodeIgniter.php(494): CodeIgniter\CodeIgniter->runController(Object(App\Controllers\User\Produk))
 9 SYSTEMPATH\CodeIgniter.php(353): CodeIgniter\CodeIgniter->handleRequest(null, Object(Config\Cache), false)
10 FCPATH\index.php(79): CodeIgniter\CodeIgniter->run()
CRITICAL - 2023-11-15 11:46:49 --> Undefined variable $row
in APPPATH\Views\user\daftar_produk.php on line 13.
 1 APPPATH\Views\user\daftar_produk.php(13): CodeIgniter\Debug\Exceptions->errorHandler(2, 'Undefined variable $row', 'C:\\xampp\\htdocs\\web2\\pertemuan10\\app\\Views\\user\\daftar_produk.php', 13)
 2 SYSTEMPATH\View\View.php(226): include('C:\\xampp\\htdocs\\web2\\pertemuan10\\app\\Views\\user\\daftar_produk.php')
 3 SYSTEMPATH\View\View.php(229): CodeIgniter\View\View->CodeIgniter\View\{closure}()
 4 SYSTEMPATH\Common.php(1188): CodeIgniter\View\View->render('user/daftar_produk', [], true)
 5 APPPATH\Libraries\Template.php(9): view('user/daftar_produk', [...])
 6 APPPATH\Controllers\User\Produk.php(21): App\Libraries\Template::tampil_user('user/daftar_produk', [...])
 7 SYSTEMPATH\CodeIgniter.php(919): App\Controllers\User\Produk->index()
 8 SYSTEMPATH\CodeIgniter.php(494): CodeIgniter\CodeIgniter->runController(Object(App\Controllers\User\Produk))
 9 SYSTEMPATH\CodeIgniter.php(353): CodeIgniter\CodeIgniter->handleRequest(null, Object(Config\Cache), false)
10 FCPATH\index.php(79): CodeIgniter\CodeIgniter->run()
CRITICAL - 2023-11-15 11:47:59 --> Array to string conversion
in APPPATH\Views\user\daftar_produk.php on line 13.
 1 APPPATH\Views\user\daftar_produk.php(13): CodeIgniter\Debug\Exceptions->errorHandler(2, 'Array to string conversion', 'C:\\xampp\\htdocs\\web2\\pertemuan10\\app\\Views\\user\\daftar_produk.php', 13)
 2 SYSTEMPATH\View\View.php(226): include('C:\\xampp\\htdocs\\web2\\pertemuan10\\app\\Views\\user\\daftar_produk.php')
 3 SYSTEMPATH\View\View.php(229): CodeIgniter\View\View->CodeIgniter\View\{closure}()
 4 SYSTEMPATH\Common.php(1188): CodeIgniter\View\View->render('user/daftar_produk', [], true)
 5 APPPATH\Libraries\Template.php(9): view('user/daftar_produk', [...])
 6 APPPATH\Controllers\User\Produk.php(21): App\Libraries\Template::tampil_user('user/daftar_produk', [...])
 7 SYSTEMPATH\CodeIgniter.php(919): App\Controllers\User\Produk->index()
 8 SYSTEMPATH\CodeIgniter.php(494): CodeIgniter\CodeIgniter->runController(Object(App\Controllers\User\Produk))
 9 SYSTEMPATH\CodeIgniter.php(353): CodeIgniter\CodeIgniter->handleRequest(null, Object(Config\Cache), false)
10 FCPATH\index.php(79): CodeIgniter\CodeIgniter->run()
CRITICAL - 2023-11-15 11:48:09 --> Undefined variable $row
in APPPATH\Views\user\daftar_produk.php on line 13.
 1 APPPATH\Views\user\daftar_produk.php(13): CodeIgniter\Debug\Exceptions->errorHandler(2, 'Undefined variable $row', 'C:\\xampp\\htdocs\\web2\\pertemuan10\\app\\Views\\user\\daftar_produk.php', 13)
 2 SYSTEMPATH\View\View.php(226): include('C:\\xampp\\htdocs\\web2\\pertemuan10\\app\\Views\\user\\daftar_produk.php')
 3 SYSTEMPATH\View\View.php(229): CodeIgniter\View\View->CodeIgniter\View\{closure}()
 4 SYSTEMPATH\Common.php(1188): CodeIgniter\View\View->render('user/daftar_produk', [], true)
 5 APPPATH\Libraries\Template.php(9): view('user/daftar_produk', [...])
 6 APPPATH\Controllers\User\Produk.php(21): App\Libraries\Template::tampil_user('user/daftar_produk', [...])
 7 SYSTEMPATH\CodeIgniter.php(919): App\Controllers\User\Produk->index()
 8 SYSTEMPATH\CodeIgniter.php(494): CodeIgniter\CodeIgniter->runController(Object(App\Controllers\User\Produk))
 9 SYSTEMPATH\CodeIgniter.php(353): CodeIgniter\CodeIgniter->handleRequest(null, Object(Config\Cache), false)
10 FCPATH\index.php(79): CodeIgniter\CodeIgniter->run()
CRITICAL - 2023-11-15 11:49:42 --> Undefined variable $row
in APPPATH\Views\user\daftar_produk.php on line 13.
 1 APPPATH\Views\user\daftar_produk.php(13): CodeIgniter\Debug\Exceptions->errorHandler(2, 'Undefined variable $row', 'C:\\xampp\\htdocs\\web2\\pertemuan10\\app\\Views\\user\\daftar_produk.php', 13)
 2 SYSTEMPATH\View\View.php(226): include('C:\\xampp\\htdocs\\web2\\pertemuan10\\app\\Views\\user\\daftar_produk.php')
 3 SYSTEMPATH\View\View.php(229): CodeIgniter\View\View->CodeIgniter\View\{closure}()
 4 SYSTEMPATH\Common.php(1188): CodeIgniter\View\View->render('user/daftar_produk', [], true)
 5 APPPATH\Libraries\Template.php(9): view('user/daftar_produk', [...])
 6 APPPATH\Controllers\User\Produk.php(21): App\Libraries\Template::tampil_user('user/daftar_produk', [...])
 7 SYSTEMPATH\CodeIgniter.php(919): App\Controllers\User\Produk->index()
 8 SYSTEMPATH\CodeIgniter.php(494): CodeIgniter\CodeIgniter->runController(Object(App\Controllers\User\Produk))
 9 SYSTEMPATH\CodeIgniter.php(353): CodeIgniter\CodeIgniter->handleRequest(null, Object(Config\Cache), false)
10 FCPATH\index.php(79): CodeIgniter\CodeIgniter->run()
CRITICAL - 2023-11-15 11:51:27 --> Undefined variable $row
in APPPATH\Views\user\daftar_produk.php on line 13.
 1 APPPATH\Views\user\daftar_produk.php(13): CodeIgniter\Debug\Exceptions->errorHandler(2, 'Undefined variable $row', 'C:\\xampp\\htdocs\\web2\\pertemuan10\\app\\Views\\user\\daftar_produk.php', 13)
 2 SYSTEMPATH\View\View.php(226): include('C:\\xampp\\htdocs\\web2\\pertemuan10\\app\\Views\\user\\daftar_produk.php')
 3 SYSTEMPATH\View\View.php(229): CodeIgniter\View\View->CodeIgniter\View\{closure}()
 4 SYSTEMPATH\Common.php(1188): CodeIgniter\View\View->render('user/daftar_produk', [], true)
 5 APPPATH\Libraries\Template.php(9): view('user/daftar_produk', [...])
 6 APPPATH\Controllers\User\Produk.php(21): App\Libraries\Template::tampil_user('user/daftar_produk', [...])
 7 SYSTEMPATH\CodeIgniter.php(919): App\Controllers\User\Produk->index()
 8 SYSTEMPATH\CodeIgniter.php(494): CodeIgniter\CodeIgniter->runController(Object(App\Controllers\User\Produk))
 9 SYSTEMPATH\CodeIgniter.php(353): CodeIgniter\CodeIgniter->handleRequest(null, Object(Config\Cache), false)
10 FCPATH\index.php(79): CodeIgniter\CodeIgniter->run()
CRITICAL - 2023-11-15 11:51:39 --> Undefined variable $row
in APPPATH\Views\user\daftar_produk.php on line 13.
 1 APPPATH\Views\user\daftar_produk.php(13): CodeIgniter\Debug\Exceptions->errorHandler(2, 'Undefined variable $row', 'C:\\xampp\\htdocs\\web2\\pertemuan10\\app\\Views\\user\\daftar_produk.php', 13)
 2 SYSTEMPATH\View\View.php(226): include('C:\\xampp\\htdocs\\web2\\pertemuan10\\app\\Views\\user\\daftar_produk.php')
 3 SYSTEMPATH\View\View.php(229): CodeIgniter\View\View->CodeIgniter\View\{closure}()
 4 SYSTEMPATH\Common.php(1188): CodeIgniter\View\View->render('user/daftar_produk', [], true)
 5 APPPATH\Libraries\Template.php(9): view('user/daftar_produk', [...])
 6 APPPATH\Controllers\User\Produk.php(21): App\Libraries\Template::tampil_user('user/daftar_produk', [...])
 7 SYSTEMPATH\CodeIgniter.php(919): App\Controllers\User\Produk->index()
 8 SYSTEMPATH\CodeIgniter.php(494): CodeIgniter\CodeIgniter->runController(Object(App\Controllers\User\Produk))
 9 SYSTEMPATH\CodeIgniter.php(353): CodeIgniter\CodeIgniter->handleRequest(null, Object(Config\Cache), false)
10 FCPATH\index.php(79): CodeIgniter\CodeIgniter->run()
CRITICAL - 2023-11-15 11:52:07 --> Undefined variable $row
in APPPATH\Views\user\daftar_produk.php on line 13.
 1 APPPATH\Views\user\daftar_produk.php(13): CodeIgniter\Debug\Exceptions->errorHandler(2, 'Undefined variable $row', 'C:\\xampp\\htdocs\\web2\\pertemuan10\\app\\Views\\user\\daftar_produk.php', 13)
 2 SYSTEMPATH\View\View.php(226): include('C:\\xampp\\htdocs\\web2\\pertemuan10\\app\\Views\\user\\daftar_produk.php')
 3 SYSTEMPATH\View\View.php(229): CodeIgniter\View\View->CodeIgniter\View\{closure}()
 4 SYSTEMPATH\Common.php(1188): CodeIgniter\View\View->render('user/daftar_produk', [], true)
 5 APPPATH\Libraries\Template.php(9): view('user/daftar_produk', [...])
 6 APPPATH\Controllers\User\Produk.php(21): App\Libraries\Template::tampil_user('user/daftar_produk', [...])
 7 SYSTEMPATH\CodeIgniter.php(919): App\Controllers\User\Produk->index()
 8 SYSTEMPATH\CodeIgniter.php(494): CodeIgniter\CodeIgniter->runController(Object(App\Controllers\User\Produk))
 9 SYSTEMPATH\CodeIgniter.php(353): CodeIgniter\CodeIgniter->handleRequest(null, Object(Config\Cache), false)
10 FCPATH\index.php(79): CodeIgniter\CodeIgniter->run()
CRITICAL - 2023-11-15 11:53:28 --> Too few arguments to function App\Libraries\Template::tampil_user(), 1 passed in C:\xampp\htdocs\web2\pertemuan10\app\Controllers\User\Tentang.php on line 12 and exactly 2 expected
in APPPATH\Libraries\Template.php on line 5.
 1 APPPATH\Controllers\User\Tentang.php(12): App\Libraries\Template::tampil_user('user/tentang_kami')
 2 SYSTEMPATH\CodeIgniter.php(919): App\Controllers\User\Tentang->index()
 3 SYSTEMPATH\CodeIgniter.php(494): CodeIgniter\CodeIgniter->runController(Object(App\Controllers\User\Tentang))
 4 SYSTEMPATH\CodeIgniter.php(353): CodeIgniter\CodeIgniter->handleRequest(null, Object(Config\Cache), false)
 5 FCPATH\index.php(79): CodeIgniter\CodeIgniter->run()
CRITICAL - 2023-11-15 11:53:34 --> Too few arguments to function App\Libraries\Template::tampil_user(), 1 passed in C:\xampp\htdocs\web2\pertemuan10\app\Controllers\User\Kontak.php on line 12 and exactly 2 expected
in APPPATH\Libraries\Template.php on line 5.
 1 APPPATH\Controllers\User\Kontak.php(12): App\Libraries\Template::tampil_user('user/kontak_kami')
 2 SYSTEMPATH\CodeIgniter.php(919): App\Controllers\User\Kontak->index()
 3 SYSTEMPATH\CodeIgniter.php(494): CodeIgniter\CodeIgniter->runController(Object(App\Controllers\User\Kontak))
 4 SYSTEMPATH\CodeIgniter.php(353): CodeIgniter\CodeIgniter->handleRequest(null, Object(Config\Cache), false)
 5 FCPATH\index.php(79): CodeIgniter\CodeIgniter->run()
CRITICAL - 2023-11-15 11:53:36 --> Undefined variable $row
in APPPATH\Views\user\daftar_produk.php on line 13.
 1 APPPATH\Views\user\daftar_produk.php(13): CodeIgniter\Debug\Exceptions->errorHandler(2, 'Undefined variable $row', 'C:\\xampp\\htdocs\\web2\\pertemuan10\\app\\Views\\user\\daftar_produk.php', 13)
 2 SYSTEMPATH\View\View.php(226): include('C:\\xampp\\htdocs\\web2\\pertemuan10\\app\\Views\\user\\daftar_produk.php')
 3 SYSTEMPATH\View\View.php(229): CodeIgniter\View\View->CodeIgniter\View\{closure}()
 4 SYSTEMPATH\Common.php(1188): CodeIgniter\View\View->render('user/daftar_produk', [], true)
 5 APPPATH\Libraries\Template.php(9): view('user/daftar_produk', [...])
 6 APPPATH\Controllers\User\Produk.php(21): App\Libraries\Template::tampil_user('user/daftar_produk', [...])
 7 SYSTEMPATH\CodeIgniter.php(919): App\Controllers\User\Produk->index()
 8 SYSTEMPATH\CodeIgniter.php(494): CodeIgniter\CodeIgniter->runController(Object(App\Controllers\User\Produk))
 9 SYSTEMPATH\CodeIgniter.php(353): CodeIgniter\CodeIgniter->handleRequest(null, Object(Config\Cache), false)
10 FCPATH\index.php(79): CodeIgniter\CodeIgniter->run()
CRITICAL - 2023-11-15 11:53:40 --> Too few arguments to function App\Libraries\Template::tampil_user(), 1 passed in C:\xampp\htdocs\web2\pertemuan10\app\Controllers\User\Tentang.php on line 12 and exactly 2 expected
in APPPATH\Libraries\Template.php on line 5.
 1 APPPATH\Controllers\User\Tentang.php(12): App\Libraries\Template::tampil_user('user/tentang_kami')
 2 SYSTEMPATH\CodeIgniter.php(919): App\Controllers\User\Tentang->index()
 3 SYSTEMPATH\CodeIgniter.php(494): CodeIgniter\CodeIgniter->runController(Object(App\Controllers\User\Tentang))
 4 SYSTEMPATH\CodeIgniter.php(353): CodeIgniter\CodeIgniter->handleRequest(null, Object(Config\Cache), false)
 5 FCPATH\index.php(79): CodeIgniter\CodeIgniter->run()
CRITICAL - 2023-11-15 11:55:04 --> Undefined variable $row
in APPPATH\Views\user\daftar_produk.php on line 13.
 1 APPPATH\Views\user\daftar_produk.php(13): CodeIgniter\Debug\Exceptions->errorHandler(2, 'Undefined variable $row', 'C:\\xampp\\htdocs\\web2\\pertemuan10\\app\\Views\\user\\daftar_produk.php', 13)
 2 SYSTEMPATH\View\View.php(226): include('C:\\xampp\\htdocs\\web2\\pertemuan10\\app\\Views\\user\\daftar_produk.php')
 3 SYSTEMPATH\View\View.php(229): CodeIgniter\View\View->CodeIgniter\View\{closure}()
 4 SYSTEMPATH\Common.php(1188): CodeIgniter\View\View->render('user/daftar_produk', [], true)
 5 APPPATH\Libraries\Template.php(9): view('user/daftar_produk', [...])
 6 APPPATH\Controllers\User\Produk.php(21): App\Libraries\Template::tampil_user('user/daftar_produk', [...])
 7 SYSTEMPATH\CodeIgniter.php(919): App\Controllers\User\Produk->index()
 8 SYSTEMPATH\CodeIgniter.php(494): CodeIgniter\CodeIgniter->runController(Object(App\Controllers\User\Produk))
 9 SYSTEMPATH\CodeIgniter.php(353): CodeIgniter\CodeIgniter->handleRequest(null, Object(Config\Cache), false)
10 FCPATH\index.php(79): CodeIgniter\CodeIgniter->run()
CRITICAL - 2023-11-15 11:55:15 --> Too few arguments to function App\Libraries\Template::tampil_admin(), 1 passed in C:\xampp\htdocs\web2\pertemuan10\app\Controllers\Admin\Dashboard.php on line 12 and exactly 2 expected
in APPPATH\Libraries\Template.php on line 21.
 1 APPPATH\Controllers\Admin\Dashboard.php(12): App\Libraries\Template::tampil_admin('admin/dashboard')
 2 SYSTEMPATH\CodeIgniter.php(919): App\Controllers\Admin\Dashboard->index()
 3 SYSTEMPATH\CodeIgniter.php(494): CodeIgniter\CodeIgniter->runController(Object(App\Controllers\Admin\Dashboard))
 4 SYSTEMPATH\CodeIgniter.php(353): CodeIgniter\CodeIgniter->handleRequest(null, Object(Config\Cache), false)
 5 FCPATH\index.php(79): CodeIgniter\CodeIgniter->run()
CRITICAL - 2023-11-15 11:57:37 --> Undefined variable $row
in APPPATH\Views\user\daftar_produk.php on line 13.
 1 APPPATH\Views\user\daftar_produk.php(13): CodeIgniter\Debug\Exceptions->errorHandler(2, 'Undefined variable $row', 'C:\\xampp\\htdocs\\web2\\pertemuan10\\app\\Views\\user\\daftar_produk.php', 13)
 2 SYSTEMPATH\View\View.php(226): include('C:\\xampp\\htdocs\\web2\\pertemuan10\\app\\Views\\user\\daftar_produk.php')
 3 SYSTEMPATH\View\View.php(229): CodeIgniter\View\View->CodeIgniter\View\{closure}()
 4 SYSTEMPATH\Common.php(1188): CodeIgniter\View\View->render('user/daftar_produk', [], true)
 5 APPPATH\Libraries\Template.php(9): view('user/daftar_produk', [...])
 6 APPPATH\Controllers\User\Produk.php(21): App\Libraries\Template::tampil_user('user/daftar_produk', [...])
 7 SYSTEMPATH\CodeIgniter.php(919): App\Controllers\User\Produk->index()
 8 SYSTEMPATH\CodeIgniter.php(494): CodeIgniter\CodeIgniter->runController(Object(App\Controllers\User\Produk))
 9 SYSTEMPATH\CodeIgniter.php(353): CodeIgniter\CodeIgniter->handleRequest(null, Object(Config\Cache), false)
10 FCPATH\index.php(79): CodeIgniter\CodeIgniter->run()
CRITICAL - 2023-11-15 11:57:50 --> Undefined variable $row
in APPPATH\Views\user\daftar_produk.php on line 13.
 1 APPPATH\Views\user\daftar_produk.php(13): CodeIgniter\Debug\Exceptions->errorHandler(2, 'Undefined variable $row', 'C:\\xampp\\htdocs\\web2\\pertemuan10\\app\\Views\\user\\daftar_produk.php', 13)
 2 SYSTEMPATH\View\View.php(226): include('C:\\xampp\\htdocs\\web2\\pertemuan10\\app\\Views\\user\\daftar_produk.php')
 3 SYSTEMPATH\View\View.php(229): CodeIgniter\View\View->CodeIgniter\View\{closure}()
 4 SYSTEMPATH\Common.php(1188): CodeIgniter\View\View->render('user/daftar_produk', [], true)
 5 APPPATH\Libraries\Template.php(9): view('user/daftar_produk', [...])
 6 APPPATH\Controllers\User\Produk.php(21): App\Libraries\Template::tampil_user('user/daftar_produk', [...])
 7 SYSTEMPATH\CodeIgniter.php(919): App\Controllers\User\Produk->index()
 8 SYSTEMPATH\CodeIgniter.php(494): CodeIgniter\CodeIgniter->runController(Object(App\Controllers\User\Produk))
 9 SYSTEMPATH\CodeIgniter.php(353): CodeIgniter\CodeIgniter->handleRequest(null, Object(Config\Cache), false)
10 FCPATH\index.php(79): CodeIgniter\CodeIgniter->run()
CRITICAL - 2023-11-15 12:03:15 --> Undefined variable $row
in APPPATH\Views\user\daftar_produk.php on line 13.
 1 APPPATH\Views\user\daftar_produk.php(13): CodeIgniter\Debug\Exceptions->errorHandler(2, 'Undefined variable $row', 'C:\\xampp\\htdocs\\web2\\pertemuan10\\app\\Views\\user\\daftar_produk.php', 13)
 2 SYSTEMPATH\View\View.php(226): include('C:\\xampp\\htdocs\\web2\\pertemuan10\\app\\Views\\user\\daftar_produk.php')
 3 SYSTEMPATH\View\View.php(229): CodeIgniter\View\View->CodeIgniter\View\{closure}()
 4 SYSTEMPATH\Common.php(1188): CodeIgniter\View\View->render('user/daftar_produk', [], true)
 5 APPPATH\Libraries\Template.php(9): view('user/daftar_produk', [...])
 6 APPPATH\Controllers\User\Produk.php(21): App\Libraries\Template::tampil_user('user/daftar_produk', [...])
 7 SYSTEMPATH\CodeIgniter.php(919): App\Controllers\User\Produk->index()
 8 SYSTEMPATH\CodeIgniter.php(494): CodeIgniter\CodeIgniter->runController(Object(App\Controllers\User\Produk))
 9 SYSTEMPATH\CodeIgniter.php(353): CodeIgniter\CodeIgniter->handleRequest(null, Object(Config\Cache), false)
10 FCPATH\index.php(79): CodeIgniter\CodeIgniter->run()
