CRITICAL - 2023-12-16 07:24:53 --> Invalid file: "user/tentang_kami.php"
in SYSTEMPATH\Exceptions\FrameworkException.php on line 39.
 1 SYSTEMPATH\View\View.php(214): CodeIgniter\Exceptions\FrameworkException::forInvalidFile('user/tentang_kami.php')
 2 SYSTEMPATH\Common.php(1188): CodeIgniter\View\View->render('user/tentang_kami', [], true)
 3 APPPATH\Libraries\Template.php(9): view('user/tentang_kami', [])
 4 APPPATH\Controllers\User\Tentang.php(14): App\Libraries\Template::tampil_user('user/tentang_kami', [])
 5 SYSTEMPATH\CodeIgniter.php(919): App\Controllers\User\Tentang->index()
 6 SYSTEMPATH\CodeIgniter.php(494): CodeIgniter\CodeIgniter->runController(Object(App\Controllers\User\Tentang))
 7 SYSTEMPATH\CodeIgniter.php(353): CodeIgniter\CodeIgniter->handleRequest(null, Object(Config\Cache), false)
 8 FCPATH\index.php(79): CodeIgniter\CodeIgniter->run()
CRITICAL - 2023-12-16 07:26:23 --> Invalid file: "user/kontak_kami.php"
in SYSTEMPATH\Exceptions\FrameworkException.php on line 39.
 1 SYSTEMPATH\View\View.php(214): CodeIgniter\Exceptions\FrameworkException::forInvalidFile('user/kontak_kami.php')
 2 SYSTEMPATH\Common.php(1188): CodeIgniter\View\View->render('user/kontak_kami', [], true)
 3 APPPATH\Libraries\Template.php(9): view('user/kontak_kami', [])
 4 APPPATH\Controllers\User\Kontak.php(14): App\Libraries\Template::tampil_user('user/kontak_kami', [])
 5 SYSTEMPATH\CodeIgniter.php(919): App\Controllers\User\Kontak->index()
 6 SYSTEMPATH\CodeIgniter.php(494): CodeIgniter\CodeIgniter->runController(Object(App\Controllers\User\Kontak))
 7 SYSTEMPATH\CodeIgniter.php(353): CodeIgniter\CodeIgniter->handleRequest(null, Object(Config\Cache), false)
 8 FCPATH\index.php(79): CodeIgniter\CodeIgniter->run()
CRITICAL - 2023-12-16 07:28:51 --> Class "App\Models\mProduct" not found
in APPPATH\Controllers\Admin\Dashboard.php on line 14.
 1 SYSTEMPATH\CodeIgniter.php(919): App\Controllers\Admin\Dashboard->index()
 2 SYSTEMPATH\CodeIgniter.php(494): CodeIgniter\CodeIgniter->runController(Object(App\Controllers\Admin\Dashboard))
 3 SYSTEMPATH\CodeIgniter.php(353): CodeIgniter\CodeIgniter->handleRequest(null, Object(Config\Cache), false)
 4 FCPATH\index.php(79): CodeIgniter\CodeIgniter->run()
CRITICAL - 2023-12-16 07:29:21 --> Class "App\Models\mProduct" not found
in APPPATH\Controllers\Admin\Dashboard.php on line 14.
 1 SYSTEMPATH\CodeIgniter.php(919): App\Controllers\Admin\Dashboard->index()
 2 SYSTEMPATH\CodeIgniter.php(494): CodeIgniter\CodeIgniter->runController(Object(App\Controllers\Admin\Dashboard))
 3 SYSTEMPATH\CodeIgniter.php(353): CodeIgniter\CodeIgniter->handleRequest(null, Object(Config\Cache), false)
 4 FCPATH\index.php(79): CodeIgniter\CodeIgniter->run()
CRITICAL - 2023-12-16 07:30:06 --> Class "App\Models\mProduct" not found
in APPPATH\Controllers\Admin\Produk.php on line 15.
 1 SYSTEMPATH\CodeIgniter.php(919): App\Controllers\Admin\Produk->index()
 2 SYSTEMPATH\CodeIgniter.php(494): CodeIgniter\CodeIgniter->runController(Object(App\Controllers\Admin\Produk))
 3 SYSTEMPATH\CodeIgniter.php(353): CodeIgniter\CodeIgniter->handleRequest(null, Object(Config\Cache), false)
 4 FCPATH\index.php(79): CodeIgniter\CodeIgniter->run()
CRITICAL - 2023-12-16 07:33:33 --> Undefined variable $product_list
in APPPATH\Views\admin\produk_daftar.php on line 26.
 1 APPPATH\Views\admin\produk_daftar.php(26): CodeIgniter\Debug\Exceptions->errorHandler(2, 'Undefined variable $product_list', 'C:\\xampp\\htdocs\\toko_music\\app\\Views\\admin\\produk_daftar.php', 26)
 2 SYSTEMPATH\View\View.php(226): include('C:\\xampp\\htdocs\\toko_music\\app\\Views\\admin\\produk_daftar.php')
 3 SYSTEMPATH\View\View.php(229): CodeIgniter\View\View->CodeIgniter\View\{closure}()
 4 SYSTEMPATH\Common.php(1188): CodeIgniter\View\View->render('admin/produk_daftar', [], true)
 5 APPPATH\Libraries\Template.php(25): view('admin/produk_daftar', [])
 6 APPPATH\Controllers\Admin\Produk.php(16): App\Libraries\Template::tampil_admin('admin/produk_daftar', [])
 7 SYSTEMPATH\CodeIgniter.php(919): App\Controllers\Admin\Produk->index()
 8 SYSTEMPATH\CodeIgniter.php(494): CodeIgniter\CodeIgniter->runController(Object(App\Controllers\Admin\Produk))
 9 SYSTEMPATH\CodeIgniter.php(353): CodeIgniter\CodeIgniter->handleRequest(null, Object(Config\Cache), false)
10 FCPATH\index.php(79): CodeIgniter\CodeIgniter->run()
CRITICAL - 2023-12-16 07:34:39 --> Undefined variable $row
in APPPATH\Views\admin\produk_daftar.php on line 34.
 1 APPPATH\Views\admin\produk_daftar.php(34): CodeIgniter\Debug\Exceptions->errorHandler(2, 'Undefined variable $row', 'C:\\xampp\\htdocs\\toko_music\\app\\Views\\admin\\produk_daftar.php', 34)
 2 SYSTEMPATH\View\View.php(226): include('C:\\xampp\\htdocs\\toko_music\\app\\Views\\admin\\produk_daftar.php')
 3 SYSTEMPATH\View\View.php(229): CodeIgniter\View\View->CodeIgniter\View\{closure}()
 4 SYSTEMPATH\Common.php(1188): CodeIgniter\View\View->render('admin/produk_daftar', [], true)
 5 APPPATH\Libraries\Template.php(25): view('admin/produk_daftar', [])
 6 APPPATH\Controllers\Admin\Produk.php(16): App\Libraries\Template::tampil_admin('admin/produk_daftar', [])
 7 SYSTEMPATH\CodeIgniter.php(919): App\Controllers\Admin\Produk->index()
 8 SYSTEMPATH\CodeIgniter.php(494): CodeIgniter\CodeIgniter->runController(Object(App\Controllers\Admin\Produk))
 9 SYSTEMPATH\CodeIgniter.php(353): CodeIgniter\CodeIgniter->handleRequest(null, Object(Config\Cache), false)
10 FCPATH\index.php(79): CodeIgniter\CodeIgniter->run()
CRITICAL - 2023-12-16 07:56:57 --> Undefined variable $menu
in APPPATH\Views\user\menu.php on line 30.
 1 APPPATH\Views\user\menu.php(30): CodeIgniter\Debug\Exceptions->errorHandler(2, 'Undefined variable $menu', 'C:\\xampp\\htdocs\\toko_music\\app\\Views\\user\\menu.php', 30)
 2 SYSTEMPATH\View\View.php(226): include('C:\\xampp\\htdocs\\toko_music\\app\\Views\\user\\menu.php')
 3 SYSTEMPATH\View\View.php(229): CodeIgniter\View\View->CodeIgniter\View\{closure}()
 4 SYSTEMPATH\Common.php(1188): CodeIgniter\View\View->render('user/menu', [], true)
 5 APPPATH\Libraries\Template.php(8): view('user/menu')
 6 APPPATH\Controllers\User\Beranda.php(22): App\Libraries\Template::tampil_user('user/beranda', [...])
 7 SYSTEMPATH\CodeIgniter.php(919): App\Controllers\User\Beranda->index()
 8 SYSTEMPATH\CodeIgniter.php(494): CodeIgniter\CodeIgniter->runController(Object(App\Controllers\User\Beranda))
 9 SYSTEMPATH\CodeIgniter.php(353): CodeIgniter\CodeIgniter->handleRequest(null, Object(Config\Cache), false)
10 FCPATH\index.php(79): CodeIgniter\CodeIgniter->run()
CRITICAL - 2023-12-16 07:57:04 --> Undefined variable $menu
in APPPATH\Views\user\menu.php on line 30.
 1 APPPATH\Views\user\menu.php(30): CodeIgniter\Debug\Exceptions->errorHandler(2, 'Undefined variable $menu', 'C:\\xampp\\htdocs\\toko_music\\app\\Views\\user\\menu.php', 30)
 2 SYSTEMPATH\View\View.php(226): include('C:\\xampp\\htdocs\\toko_music\\app\\Views\\user\\menu.php')
 3 SYSTEMPATH\View\View.php(229): CodeIgniter\View\View->CodeIgniter\View\{closure}()
 4 SYSTEMPATH\Common.php(1188): CodeIgniter\View\View->render('user/menu', [], true)
 5 APPPATH\Libraries\Template.php(8): view('user/menu')
 6 APPPATH\Controllers\User\Beranda.php(22): App\Libraries\Template::tampil_user('user/beranda', [...])
 7 SYSTEMPATH\CodeIgniter.php(919): App\Controllers\User\Beranda->index()
 8 SYSTEMPATH\CodeIgniter.php(494): CodeIgniter\CodeIgniter->runController(Object(App\Controllers\User\Beranda))
 9 SYSTEMPATH\CodeIgniter.php(353): CodeIgniter\CodeIgniter->handleRequest(null, Object(Config\Cache), false)
10 FCPATH\index.php(79): CodeIgniter\CodeIgniter->run()
CRITICAL - 2023-12-16 07:57:20 --> Undefined variable $menu
in APPPATH\Views\user\menu.php on line 30.
 1 APPPATH\Views\user\menu.php(30): CodeIgniter\Debug\Exceptions->errorHandler(2, 'Undefined variable $menu', 'C:\\xampp\\htdocs\\toko_music\\app\\Views\\user\\menu.php', 30)
 2 SYSTEMPATH\View\View.php(226): include('C:\\xampp\\htdocs\\toko_music\\app\\Views\\user\\menu.php')
 3 SYSTEMPATH\View\View.php(229): CodeIgniter\View\View->CodeIgniter\View\{closure}()
 4 SYSTEMPATH\Common.php(1188): CodeIgniter\View\View->render('user/menu', [], true)
 5 APPPATH\Libraries\Template.php(8): view('user/menu')
 6 APPPATH\Controllers\User\Beranda.php(22): App\Libraries\Template::tampil_user('user/beranda', [...])
 7 SYSTEMPATH\CodeIgniter.php(919): App\Controllers\User\Beranda->index()
 8 SYSTEMPATH\CodeIgniter.php(494): CodeIgniter\CodeIgniter->runController(Object(App\Controllers\User\Beranda))
 9 SYSTEMPATH\CodeIgniter.php(353): CodeIgniter\CodeIgniter->handleRequest(null, Object(Config\Cache), false)
10 FCPATH\index.php(79): CodeIgniter\CodeIgniter->run()
CRITICAL - 2023-12-16 09:03:30 --> Invalid file: "admin/menu.php"
in SYSTEMPATH\Exceptions\FrameworkException.php on line 39.
 1 SYSTEMPATH\View\View.php(214): CodeIgniter\Exceptions\FrameworkException::forInvalidFile('admin/menu.php')
 2 SYSTEMPATH\Common.php(1188): CodeIgniter\View\View->render('admin/menu', [], true)
 3 APPPATH\Libraries\Template.php(24): view('admin/menu')
 4 APPPATH\Controllers\Admin\Produk.php(16): App\Libraries\Template::tampil_admin('admin/produk_daftar', [])
 5 SYSTEMPATH\CodeIgniter.php(919): App\Controllers\Admin\Produk->index()
 6 SYSTEMPATH\CodeIgniter.php(494): CodeIgniter\CodeIgniter->runController(Object(App\Controllers\Admin\Produk))
 7 SYSTEMPATH\CodeIgniter.php(353): CodeIgniter\CodeIgniter->handleRequest(null, Object(Config\Cache), false)
 8 FCPATH\index.php(79): CodeIgniter\CodeIgniter->run()
CRITICAL - 2023-12-16 09:20:04 --> Invalid file: "admin/menu.php"
in SYSTEMPATH\Exceptions\FrameworkException.php on line 39.
 1 SYSTEMPATH\View\View.php(214): CodeIgniter\Exceptions\FrameworkException::forInvalidFile('admin/menu.php')
 2 SYSTEMPATH\Common.php(1188): CodeIgniter\View\View->render('admin/menu', [], true)
 3 APPPATH\Libraries\Template.php(24): view('admin/menu')
 4 APPPATH\Controllers\Admin\Beranda.php(14): App\Libraries\Template::tampil_admin('user/admin/beranda', [])
 5 SYSTEMPATH\CodeIgniter.php(919): App\Controllers\Admin\Beranda->index()
 6 SYSTEMPATH\CodeIgniter.php(494): CodeIgniter\CodeIgniter->runController(Object(App\Controllers\Admin\Beranda))
 7 SYSTEMPATH\CodeIgniter.php(353): CodeIgniter\CodeIgniter->handleRequest(null, Object(Config\Cache), false)
 8 FCPATH\index.php(79): CodeIgniter\CodeIgniter->run()
CRITICAL - 2023-12-16 09:26:47 --> Invalid file: "user/admin/menu.php"
in SYSTEMPATH\Exceptions\FrameworkException.php on line 39.
 1 SYSTEMPATH\View\View.php(214): CodeIgniter\Exceptions\FrameworkException::forInvalidFile('user/admin/menu.php')
 2 SYSTEMPATH\Common.php(1188): CodeIgniter\View\View->render('user/admin/menu', [], true)
 3 APPPATH\Libraries\Template.php(24): view('user/admin/menu')
 4 APPPATH\Controllers\Admin\Beranda.php(14): App\Libraries\Template::tampil_admin('user/beranda', [])
 5 SYSTEMPATH\CodeIgniter.php(919): App\Controllers\Admin\Beranda->index()
 6 SYSTEMPATH\CodeIgniter.php(494): CodeIgniter\CodeIgniter->runController(Object(App\Controllers\Admin\Beranda))
 7 SYSTEMPATH\CodeIgniter.php(353): CodeIgniter\CodeIgniter->handleRequest(null, Object(Config\Cache), false)
 8 FCPATH\index.php(79): CodeIgniter\CodeIgniter->run()
CRITICAL - 2023-12-16 09:27:18 --> Invalid file: "admin/menu1.php"
in SYSTEMPATH\Exceptions\FrameworkException.php on line 39.
 1 SYSTEMPATH\View\View.php(214): CodeIgniter\Exceptions\FrameworkException::forInvalidFile('admin/menu1.php')
 2 SYSTEMPATH\Common.php(1188): CodeIgniter\View\View->render('admin/menu1', [], true)
 3 APPPATH\Libraries\Template.php(24): view('admin/menu1')
 4 APPPATH\Controllers\Admin\Beranda.php(14): App\Libraries\Template::tampil_admin('user/beranda', [])
 5 SYSTEMPATH\CodeIgniter.php(919): App\Controllers\Admin\Beranda->index()
 6 SYSTEMPATH\CodeIgniter.php(494): CodeIgniter\CodeIgniter->runController(Object(App\Controllers\Admin\Beranda))
 7 SYSTEMPATH\CodeIgniter.php(353): CodeIgniter\CodeIgniter->handleRequest(null, Object(Config\Cache), false)
 8 FCPATH\index.php(79): CodeIgniter\CodeIgniter->run()
CRITICAL - 2023-12-16 09:27:44 --> Undefined variable $menu
in APPPATH\Views\user\index.php on line 12.
 1 APPPATH\Views\user\index.php(12): CodeIgniter\Debug\Exceptions->errorHandler(2, 'Undefined variable $menu', 'C:\\xampp\\htdocs\\toko_music\\app\\Views\\user\\index.php', 12)
 2 SYSTEMPATH\View\View.php(226): include('C:\\xampp\\htdocs\\toko_music\\app\\Views\\user\\index.php')
 3 SYSTEMPATH\View\View.php(229): CodeIgniter\View\View->CodeIgniter\View\{closure}()
 4 SYSTEMPATH\Common.php(1188): CodeIgniter\View\View->render('user/index', [], true)
 5 APPPATH\Libraries\Template.php(34): view('user/index', [...])
 6 APPPATH\Controllers\Admin\Beranda.php(14): App\Libraries\Template::tampil_admin('user/beranda', [...])
 7 SYSTEMPATH\CodeIgniter.php(919): App\Controllers\Admin\Beranda->index()
 8 SYSTEMPATH\CodeIgniter.php(494): CodeIgniter\CodeIgniter->runController(Object(App\Controllers\Admin\Beranda))
 9 SYSTEMPATH\CodeIgniter.php(353): CodeIgniter\CodeIgniter->handleRequest(null, Object(Config\Cache), false)
10 FCPATH\index.php(79): CodeIgniter\CodeIgniter->run()
CRITICAL - 2023-12-16 09:28:44 --> Undefined variable $menu
in APPPATH\Views\user\index.php on line 12.
 1 APPPATH\Views\user\index.php(12): CodeIgniter\Debug\Exceptions->errorHandler(2, 'Undefined variable $menu', 'C:\\xampp\\htdocs\\toko_music\\app\\Views\\user\\index.php', 12)
 2 SYSTEMPATH\View\View.php(226): include('C:\\xampp\\htdocs\\toko_music\\app\\Views\\user\\index.php')
 3 SYSTEMPATH\View\View.php(229): CodeIgniter\View\View->CodeIgniter\View\{closure}()
 4 SYSTEMPATH\Common.php(1188): CodeIgniter\View\View->render('user/index', [], true)
 5 APPPATH\Libraries\Template.php(34): view('user/index', [...])
 6 APPPATH\Controllers\Admin\Beranda.php(14): App\Libraries\Template::tampil_admin('user/beranda', [...])
 7 SYSTEMPATH\CodeIgniter.php(919): App\Controllers\Admin\Beranda->index()
 8 SYSTEMPATH\CodeIgniter.php(494): CodeIgniter\CodeIgniter->runController(Object(App\Controllers\Admin\Beranda))
 9 SYSTEMPATH\CodeIgniter.php(353): CodeIgniter\CodeIgniter->handleRequest(null, Object(Config\Cache), false)
10 FCPATH\index.php(79): CodeIgniter\CodeIgniter->run()
CRITICAL - 2023-12-16 09:28:48 --> Undefined variable $menu
in APPPATH\Views\user\index.php on line 12.
 1 APPPATH\Views\user\index.php(12): CodeIgniter\Debug\Exceptions->errorHandler(2, 'Undefined variable $menu', 'C:\\xampp\\htdocs\\toko_music\\app\\Views\\user\\index.php', 12)
 2 SYSTEMPATH\View\View.php(226): include('C:\\xampp\\htdocs\\toko_music\\app\\Views\\user\\index.php')
 3 SYSTEMPATH\View\View.php(229): CodeIgniter\View\View->CodeIgniter\View\{closure}()
 4 SYSTEMPATH\Common.php(1188): CodeIgniter\View\View->render('user/index', [], true)
 5 APPPATH\Libraries\Template.php(34): view('user/index', [...])
 6 APPPATH\Controllers\Admin\Beranda.php(14): App\Libraries\Template::tampil_admin('user/beranda', [...])
 7 SYSTEMPATH\CodeIgniter.php(919): App\Controllers\Admin\Beranda->index()
 8 SYSTEMPATH\CodeIgniter.php(494): CodeIgniter\CodeIgniter->runController(Object(App\Controllers\Admin\Beranda))
 9 SYSTEMPATH\CodeIgniter.php(353): CodeIgniter\CodeIgniter->handleRequest(null, Object(Config\Cache), false)
10 FCPATH\index.php(79): CodeIgniter\CodeIgniter->run()
CRITICAL - 2023-12-16 09:28:58 --> Undefined variable $menu
in APPPATH\Views\user\index.php on line 12.
 1 APPPATH\Views\user\index.php(12): CodeIgniter\Debug\Exceptions->errorHandler(2, 'Undefined variable $menu', 'C:\\xampp\\htdocs\\toko_music\\app\\Views\\user\\index.php', 12)
 2 SYSTEMPATH\View\View.php(226): include('C:\\xampp\\htdocs\\toko_music\\app\\Views\\user\\index.php')
 3 SYSTEMPATH\View\View.php(229): CodeIgniter\View\View->CodeIgniter\View\{closure}()
 4 SYSTEMPATH\Common.php(1188): CodeIgniter\View\View->render('user/index', [], true)
 5 APPPATH\Libraries\Template.php(34): view('user/index', [...])
 6 APPPATH\Controllers\Admin\Beranda.php(14): App\Libraries\Template::tampil_admin('user/beranda', [...])
 7 SYSTEMPATH\CodeIgniter.php(919): App\Controllers\Admin\Beranda->index()
 8 SYSTEMPATH\CodeIgniter.php(494): CodeIgniter\CodeIgniter->runController(Object(App\Controllers\Admin\Beranda))
 9 SYSTEMPATH\CodeIgniter.php(353): CodeIgniter\CodeIgniter->handleRequest(null, Object(Config\Cache), false)
10 FCPATH\index.php(79): CodeIgniter\CodeIgniter->run()
CRITICAL - 2023-12-16 09:29:49 --> Undefined variable $menu
in APPPATH\Views\user\index.php on line 12.
 1 APPPATH\Views\user\index.php(12): CodeIgniter\Debug\Exceptions->errorHandler(2, 'Undefined variable $menu', 'C:\\xampp\\htdocs\\toko_music\\app\\Views\\user\\index.php', 12)
 2 SYSTEMPATH\View\View.php(226): include('C:\\xampp\\htdocs\\toko_music\\app\\Views\\user\\index.php')
 3 SYSTEMPATH\View\View.php(229): CodeIgniter\View\View->CodeIgniter\View\{closure}()
 4 SYSTEMPATH\Common.php(1188): CodeIgniter\View\View->render('user/index', [], true)
 5 APPPATH\Libraries\Template.php(34): view('user/index', [...])
 6 APPPATH\Controllers\Admin\Beranda.php(14): App\Libraries\Template::tampil_admin('user/beranda', [...])
 7 SYSTEMPATH\CodeIgniter.php(919): App\Controllers\Admin\Beranda->index()
 8 SYSTEMPATH\CodeIgniter.php(494): CodeIgniter\CodeIgniter->runController(Object(App\Controllers\Admin\Beranda))
 9 SYSTEMPATH\CodeIgniter.php(353): CodeIgniter\CodeIgniter->handleRequest(null, Object(Config\Cache), false)
10 FCPATH\index.php(79): CodeIgniter\CodeIgniter->run()
CRITICAL - 2023-12-16 09:31:26 --> Invalid file: "admin/menu.php"
in SYSTEMPATH\Exceptions\FrameworkException.php on line 39.
 1 SYSTEMPATH\View\View.php(214): CodeIgniter\Exceptions\FrameworkException::forInvalidFile('admin/menu.php')
 2 SYSTEMPATH\Common.php(1188): CodeIgniter\View\View->render('admin/menu', [], true)
 3 APPPATH\Libraries\Template.php(24): view('admin/menu')
 4 APPPATH\Controllers\Admin\Beranda.php(14): App\Libraries\Template::tampil_admin('admin/beranda', [])
 5 SYSTEMPATH\CodeIgniter.php(919): App\Controllers\Admin\Beranda->index()
 6 SYSTEMPATH\CodeIgniter.php(494): CodeIgniter\CodeIgniter->runController(Object(App\Controllers\Admin\Beranda))
 7 SYSTEMPATH\CodeIgniter.php(353): CodeIgniter\CodeIgniter->handleRequest(null, Object(Config\Cache), false)
 8 FCPATH\index.php(79): CodeIgniter\CodeIgniter->run()
CRITICAL - 2023-12-16 09:31:49 --> Invalid file: "admin/menu.php"
in SYSTEMPATH\Exceptions\FrameworkException.php on line 39.
 1 SYSTEMPATH\View\View.php(214): CodeIgniter\Exceptions\FrameworkException::forInvalidFile('admin/menu.php')
 2 SYSTEMPATH\Common.php(1188): CodeIgniter\View\View->render('admin/menu', [], true)
 3 APPPATH\Libraries\Template.php(24): view('admin/menu')
 4 APPPATH\Controllers\Admin\Beranda.php(14): App\Libraries\Template::tampil_admin('admin/beranda', [])
 5 SYSTEMPATH\CodeIgniter.php(919): App\Controllers\Admin\Beranda->index()
 6 SYSTEMPATH\CodeIgniter.php(494): CodeIgniter\CodeIgniter->runController(Object(App\Controllers\Admin\Beranda))
 7 SYSTEMPATH\CodeIgniter.php(353): CodeIgniter\CodeIgniter->handleRequest(null, Object(Config\Cache), false)
 8 FCPATH\index.php(79): CodeIgniter\CodeIgniter->run()
CRITICAL - 2023-12-16 10:05:33 --> Undefined variable $pemesan_list
in APPPATH\Views\admin\gitar.php on line 31.
 1 APPPATH\Views\admin\gitar.php(31): CodeIgniter\Debug\Exceptions->errorHandler(2, 'Undefined variable $pemesan_list', 'C:\\xampp\\htdocs\\toko_music\\app\\Views\\admin\\gitar.php', 31)
 2 SYSTEMPATH\View\View.php(226): include('C:\\xampp\\htdocs\\toko_music\\app\\Views\\admin\\gitar.php')
 3 SYSTEMPATH\View\View.php(229): CodeIgniter\View\View->CodeIgniter\View\{closure}()
 4 SYSTEMPATH\Common.php(1188): CodeIgniter\View\View->render('admin/gitar', [], true)
 5 APPPATH\Libraries\Template.php(25): view('admin/gitar', [])
 6 APPPATH\Controllers\Admin\Gitar.php(14): App\Libraries\Template::tampil_admin('admin/gitar', [])
 7 SYSTEMPATH\CodeIgniter.php(919): App\Controllers\Admin\Gitar->index()
 8 SYSTEMPATH\CodeIgniter.php(494): CodeIgniter\CodeIgniter->runController(Object(App\Controllers\Admin\Gitar))
 9 SYSTEMPATH\CodeIgniter.php(353): CodeIgniter\CodeIgniter->handleRequest(null, Object(Config\Cache), false)
10 FCPATH\index.php(79): CodeIgniter\CodeIgniter->run()
CRITICAL - 2023-12-16 10:06:34 --> Undefined variable $key
in APPPATH\Views\admin\gitar.php on line 33.
 1 APPPATH\Views\admin\gitar.php(33): CodeIgniter\Debug\Exceptions->errorHandler(2, 'Undefined variable $key', 'C:\\xampp\\htdocs\\toko_music\\app\\Views\\admin\\gitar.php', 33)
 2 SYSTEMPATH\View\View.php(226): include('C:\\xampp\\htdocs\\toko_music\\app\\Views\\admin\\gitar.php')
 3 SYSTEMPATH\View\View.php(229): CodeIgniter\View\View->CodeIgniter\View\{closure}()
 4 SYSTEMPATH\Common.php(1188): CodeIgniter\View\View->render('admin/gitar', [], true)
 5 APPPATH\Libraries\Template.php(25): view('admin/gitar', [])
 6 APPPATH\Controllers\Admin\Gitar.php(14): App\Libraries\Template::tampil_admin('admin/gitar', [])
 7 SYSTEMPATH\CodeIgniter.php(919): App\Controllers\Admin\Gitar->index()
 8 SYSTEMPATH\CodeIgniter.php(494): CodeIgniter\CodeIgniter->runController(Object(App\Controllers\Admin\Gitar))
 9 SYSTEMPATH\CodeIgniter.php(353): CodeIgniter\CodeIgniter->handleRequest(null, Object(Config\Cache), false)
10 FCPATH\index.php(79): CodeIgniter\CodeIgniter->run()
CRITICAL - 2023-12-16 10:30:33 --> Invalid file: "admin/aks.php"
in SYSTEMPATH\Exceptions\FrameworkException.php on line 39.
 1 SYSTEMPATH\View\View.php(214): CodeIgniter\Exceptions\FrameworkException::forInvalidFile('admin/aks.php')
 2 SYSTEMPATH\Common.php(1188): CodeIgniter\View\View->render('admin/aks', [], true)
 3 APPPATH\Libraries\Template.php(25): view('admin/aks', [])
 4 APPPATH\Controllers\Admin\Aks.php(14): App\Libraries\Template::tampil_admin('admin/aks', [])
 5 SYSTEMPATH\CodeIgniter.php(919): App\Controllers\Admin\Aks->index()
 6 SYSTEMPATH\CodeIgniter.php(494): CodeIgniter\CodeIgniter->runController(Object(App\Controllers\Admin\Aks))
 7 SYSTEMPATH\CodeIgniter.php(353): CodeIgniter\CodeIgniter->handleRequest(null, Object(Config\Cache), false)
 8 FCPATH\index.php(79): CodeIgniter\CodeIgniter->run()
CRITICAL - 2023-12-16 10:50:24 --> Undefined variable $gitar_list
in APPPATH\Views\admin\drum\drum.php on line 22.
 1 APPPATH\Views\admin\drum\drum.php(22): CodeIgniter\Debug\Exceptions->errorHandler(2, 'Undefined variable $gitar_list', 'C:\\xampp\\htdocs\\toko_music\\app\\Views\\admin\\drum\\drum.php', 22)
 2 SYSTEMPATH\View\View.php(226): include('C:\\xampp\\htdocs\\toko_music\\app\\Views\\admin\\drum\\drum.php')
 3 SYSTEMPATH\View\View.php(229): CodeIgniter\View\View->CodeIgniter\View\{closure}()
 4 SYSTEMPATH\Common.php(1188): CodeIgniter\View\View->render('admin/drum/drum', [], true)
 5 APPPATH\Libraries\Template.php(25): view('admin/drum/drum', [])
 6 APPPATH\Controllers\Admin\Music\Drum.php(14): App\Libraries\Template::tampil_admin('admin/drum/drum', [])
 7 SYSTEMPATH\CodeIgniter.php(919): App\Controllers\Admin\Music\Drum->index()
 8 SYSTEMPATH\CodeIgniter.php(494): CodeIgniter\CodeIgniter->runController(Object(App\Controllers\Admin\Music\Drum))
 9 SYSTEMPATH\CodeIgniter.php(353): CodeIgniter\CodeIgniter->handleRequest(null, Object(Config\Cache), false)
10 FCPATH\index.php(79): CodeIgniter\CodeIgniter->run()
CRITICAL - 2023-12-16 11:54:10 --> Invalid file: "gitar-edit.php"
in SYSTEMPATH\Exceptions\FrameworkException.php on line 39.
 1 SYSTEMPATH\View\View.php(214): CodeIgniter\Exceptions\FrameworkException::forInvalidFile('gitar-edit.php')
 2 SYSTEMPATH\Common.php(1188): CodeIgniter\View\View->render('gitar-edit', [], true)
 3 APPPATH\Libraries\Template.php(25): view('gitar-edit', [...])
 4 APPPATH\Controllers\Admin\Music\Gitar.php(65): App\Libraries\Template::tampil_admin('gitar-edit', [...])
 5 SYSTEMPATH\CodeIgniter.php(919): App\Controllers\Admin\Music\Gitar->edit('1')
 6 SYSTEMPATH\CodeIgniter.php(494): CodeIgniter\CodeIgniter->runController(Object(App\Controllers\Admin\Music\Gitar))
 7 SYSTEMPATH\CodeIgniter.php(353): CodeIgniter\CodeIgniter->handleRequest(null, Object(Config\Cache), false)
 8 FCPATH\index.php(79): CodeIgniter\CodeIgniter->run()
CRITICAL - 2023-12-16 11:55:20 --> Trying to access array offset on value of type null
in APPPATH\Views\admin\gitar\edit_gitar.php on line 5.
 1 APPPATH\Views\admin\gitar\edit_gitar.php(5): CodeIgniter\Debug\Exceptions->errorHandler(2, 'Trying to access array offset on value of type null', 'C:\\xampp\\htdocs\\toko_music\\app\\Views\\admin\\gitar\\edit_gitar.php', 5)
 2 SYSTEMPATH\View\View.php(226): include('C:\\xampp\\htdocs\\toko_music\\app\\Views\\admin\\gitar\\edit_gitar.php')
 3 SYSTEMPATH\View\View.php(229): CodeIgniter\View\View->CodeIgniter\View\{closure}()
 4 SYSTEMPATH\Common.php(1188): CodeIgniter\View\View->render('admin/gitar/edit_gitar', [], true)
 5 APPPATH\Libraries\Template.php(25): view('admin/gitar/edit_gitar', [...])
 6 APPPATH\Controllers\Admin\Music\Gitar.php(65): App\Libraries\Template::tampil_admin('admin/gitar/edit_gitar', [...])
 7 SYSTEMPATH\CodeIgniter.php(919): App\Controllers\Admin\Music\Gitar->edit('images', 'pujungan.png')
 8 SYSTEMPATH\CodeIgniter.php(494): CodeIgniter\CodeIgniter->runController(Object(App\Controllers\Admin\Music\Gitar))
 9 SYSTEMPATH\CodeIgniter.php(353): CodeIgniter\CodeIgniter->handleRequest(null, Object(Config\Cache), false)
10 FCPATH\index.php(79): CodeIgniter\CodeIgniter->run()
CRITICAL - 2023-12-16 11:55:20 --> Trying to access array offset on value of type null
in APPPATH\Views\admin\gitar\edit_gitar.php on line 5.
 1 APPPATH\Views\admin\gitar\edit_gitar.php(5): CodeIgniter\Debug\Exceptions->errorHandler(2, 'Trying to access array offset on value of type null', 'C:\\xampp\\htdocs\\toko_music\\app\\Views\\admin\\gitar\\edit_gitar.php', 5)
 2 SYSTEMPATH\View\View.php(226): include('C:\\xampp\\htdocs\\toko_music\\app\\Views\\admin\\gitar\\edit_gitar.php')
 3 SYSTEMPATH\View\View.php(229): CodeIgniter\View\View->CodeIgniter\View\{closure}()
 4 SYSTEMPATH\Common.php(1188): CodeIgniter\View\View->render('admin/gitar/edit_gitar', [], true)
 5 APPPATH\Libraries\Template.php(25): view('admin/gitar/edit_gitar', [...])
 6 APPPATH\Controllers\Admin\Music\Gitar.php(65): App\Libraries\Template::tampil_admin('admin/gitar/edit_gitar', [...])
 7 SYSTEMPATH\CodeIgniter.php(919): App\Controllers\Admin\Music\Gitar->edit('images', 'pujungan.png')
 8 SYSTEMPATH\CodeIgniter.php(494): CodeIgniter\CodeIgniter->runController(Object(App\Controllers\Admin\Music\Gitar))
 9 SYSTEMPATH\CodeIgniter.php(353): CodeIgniter\CodeIgniter->handleRequest(null, Object(Config\Cache), false)
10 FCPATH\index.php(79): CodeIgniter\CodeIgniter->run()
CRITICAL - 2023-12-16 11:55:34 --> Trying to access array offset on value of type null
in APPPATH\Views\admin\gitar\edit_gitar.php on line 5.
 1 APPPATH\Views\admin\gitar\edit_gitar.php(5): CodeIgniter\Debug\Exceptions->errorHandler(2, 'Trying to access array offset on value of type null', 'C:\\xampp\\htdocs\\toko_music\\app\\Views\\admin\\gitar\\edit_gitar.php', 5)
 2 SYSTEMPATH\View\View.php(226): include('C:\\xampp\\htdocs\\toko_music\\app\\Views\\admin\\gitar\\edit_gitar.php')
 3 SYSTEMPATH\View\View.php(229): CodeIgniter\View\View->CodeIgniter\View\{closure}()
 4 SYSTEMPATH\Common.php(1188): CodeIgniter\View\View->render('admin/gitar/edit_gitar', [], true)
 5 APPPATH\Libraries\Template.php(25): view('admin/gitar/edit_gitar', [...])
 6 APPPATH\Controllers\Admin\Music\Gitar.php(65): App\Libraries\Template::tampil_admin('admin/gitar/edit_gitar', [...])
 7 SYSTEMPATH\CodeIgniter.php(919): App\Controllers\Admin\Music\Gitar->edit('images', 'pujungan.png')
 8 SYSTEMPATH\CodeIgniter.php(494): CodeIgniter\CodeIgniter->runController(Object(App\Controllers\Admin\Music\Gitar))
 9 SYSTEMPATH\CodeIgniter.php(353): CodeIgniter\CodeIgniter->handleRequest(null, Object(Config\Cache), false)
10 FCPATH\index.php(79): CodeIgniter\CodeIgniter->run()
CRITICAL - 2023-12-16 11:55:34 --> Trying to access array offset on value of type null
in APPPATH\Views\admin\gitar\edit_gitar.php on line 5.
 1 APPPATH\Views\admin\gitar\edit_gitar.php(5): CodeIgniter\Debug\Exceptions->errorHandler(2, 'Trying to access array offset on value of type null', 'C:\\xampp\\htdocs\\toko_music\\app\\Views\\admin\\gitar\\edit_gitar.php', 5)
 2 SYSTEMPATH\View\View.php(226): include('C:\\xampp\\htdocs\\toko_music\\app\\Views\\admin\\gitar\\edit_gitar.php')
 3 SYSTEMPATH\View\View.php(229): CodeIgniter\View\View->CodeIgniter\View\{closure}()
 4 SYSTEMPATH\Common.php(1188): CodeIgniter\View\View->render('admin/gitar/edit_gitar', [], true)
 5 APPPATH\Libraries\Template.php(25): view('admin/gitar/edit_gitar', [...])
 6 APPPATH\Controllers\Admin\Music\Gitar.php(65): App\Libraries\Template::tampil_admin('admin/gitar/edit_gitar', [...])
 7 SYSTEMPATH\CodeIgniter.php(919): App\Controllers\Admin\Music\Gitar->edit('images', 'pujungan.png')
 8 SYSTEMPATH\CodeIgniter.php(494): CodeIgniter\CodeIgniter->runController(Object(App\Controllers\Admin\Music\Gitar))
 9 SYSTEMPATH\CodeIgniter.php(353): CodeIgniter\CodeIgniter->handleRequest(null, Object(Config\Cache), false)
10 FCPATH\index.php(79): CodeIgniter\CodeIgniter->run()
CRITICAL - 2023-12-16 12:00:39 --> Trying to access array offset on value of type null
in APPPATH\Views\admin\gitar\edit_gitar.php on line 5.
 1 APPPATH\Views\admin\gitar\edit_gitar.php(5): CodeIgniter\Debug\Exceptions->errorHandler(2, 'Trying to access array offset on value of type null', 'C:\\xampp\\htdocs\\toko_music\\app\\Views\\admin\\gitar\\edit_gitar.php', 5)
 2 SYSTEMPATH\View\View.php(226): include('C:\\xampp\\htdocs\\toko_music\\app\\Views\\admin\\gitar\\edit_gitar.php')
 3 SYSTEMPATH\View\View.php(229): CodeIgniter\View\View->CodeIgniter\View\{closure}()
 4 SYSTEMPATH\Common.php(1188): CodeIgniter\View\View->render('admin/gitar/edit_gitar', [], true)
 5 APPPATH\Libraries\Template.php(25): view('admin/gitar/edit_gitar', [...])
 6 APPPATH\Controllers\Admin\Music\Gitar.php(65): App\Libraries\Template::tampil_admin('admin/gitar/edit_gitar', [...])
 7 SYSTEMPATH\CodeIgniter.php(919): App\Controllers\Admin\Music\Gitar->edit('images', 'pujungan.png')
 8 SYSTEMPATH\CodeIgniter.php(494): CodeIgniter\CodeIgniter->runController(Object(App\Controllers\Admin\Music\Gitar))
 9 SYSTEMPATH\CodeIgniter.php(353): CodeIgniter\CodeIgniter->handleRequest(null, Object(Config\Cache), false)
10 FCPATH\index.php(79): CodeIgniter\CodeIgniter->run()
CRITICAL - 2023-12-16 12:00:39 --> Trying to access array offset on value of type null
in APPPATH\Views\admin\gitar\edit_gitar.php on line 5.
 1 APPPATH\Views\admin\gitar\edit_gitar.php(5): CodeIgniter\Debug\Exceptions->errorHandler(2, 'Trying to access array offset on value of type null', 'C:\\xampp\\htdocs\\toko_music\\app\\Views\\admin\\gitar\\edit_gitar.php', 5)
 2 SYSTEMPATH\View\View.php(226): include('C:\\xampp\\htdocs\\toko_music\\app\\Views\\admin\\gitar\\edit_gitar.php')
 3 SYSTEMPATH\View\View.php(229): CodeIgniter\View\View->CodeIgniter\View\{closure}()
 4 SYSTEMPATH\Common.php(1188): CodeIgniter\View\View->render('admin/gitar/edit_gitar', [], true)
 5 APPPATH\Libraries\Template.php(25): view('admin/gitar/edit_gitar', [...])
 6 APPPATH\Controllers\Admin\Music\Gitar.php(65): App\Libraries\Template::tampil_admin('admin/gitar/edit_gitar', [...])
 7 SYSTEMPATH\CodeIgniter.php(919): App\Controllers\Admin\Music\Gitar->edit('images', 'pujungan.png')
 8 SYSTEMPATH\CodeIgniter.php(494): CodeIgniter\CodeIgniter->runController(Object(App\Controllers\Admin\Music\Gitar))
 9 SYSTEMPATH\CodeIgniter.php(353): CodeIgniter\CodeIgniter->handleRequest(null, Object(Config\Cache), false)
10 FCPATH\index.php(79): CodeIgniter\CodeIgniter->run()
CRITICAL - 2023-12-16 12:00:47 --> The route for "admin/gitar/gitar" cannot be found.
in SYSTEMPATH\HTTP\RedirectResponse.php on line 60.
 1 SYSTEMPATH\HTTP\RedirectResponse.php(60): CodeIgniter\HTTP\Exceptions\HTTPException::forInvalidRedirectRoute('admin/gitar/gitar')
 2 SYSTEMPATH\Common.php(878): CodeIgniter\HTTP\RedirectResponse->route(false)
 3 APPPATH\Controllers\Admin\Music\Gitar.php(93): redirect('admin/gitar/gitar')
 4 SYSTEMPATH\CodeIgniter.php(919): App\Controllers\Admin\Music\Gitar->update('1')
 5 SYSTEMPATH\CodeIgniter.php(494): CodeIgniter\CodeIgniter->runController(Object(App\Controllers\Admin\Music\Gitar))
 6 SYSTEMPATH\CodeIgniter.php(353): CodeIgniter\CodeIgniter->handleRequest(null, Object(Config\Cache), false)
 7 FCPATH\index.php(79): CodeIgniter\CodeIgniter->run()
CRITICAL - 2023-12-16 12:04:34 --> The route for "admin/gitar/gitar" cannot be found.
in SYSTEMPATH\HTTP\RedirectResponse.php on line 60.
 1 SYSTEMPATH\HTTP\RedirectResponse.php(60): CodeIgniter\HTTP\Exceptions\HTTPException::forInvalidRedirectRoute('admin/gitar/gitar')
 2 SYSTEMPATH\Common.php(878): CodeIgniter\HTTP\RedirectResponse->route(false)
 3 APPPATH\Controllers\Admin\Music\Gitar.php(93): redirect('admin/gitar/gitar')
 4 SYSTEMPATH\CodeIgniter.php(919): App\Controllers\Admin\Music\Gitar->update('1')
 5 SYSTEMPATH\CodeIgniter.php(494): CodeIgniter\CodeIgniter->runController(Object(App\Controllers\Admin\Music\Gitar))
 6 SYSTEMPATH\CodeIgniter.php(353): CodeIgniter\CodeIgniter->handleRequest(null, Object(Config\Cache), false)
 7 FCPATH\index.php(79): CodeIgniter\CodeIgniter->run()
CRITICAL - 2023-12-16 12:04:42 --> Trying to access array offset on value of type null
in APPPATH\Views\admin\gitar\edit_gitar.php on line 5.
 1 APPPATH\Views\admin\gitar\edit_gitar.php(5): CodeIgniter\Debug\Exceptions->errorHandler(2, 'Trying to access array offset on value of type null', 'C:\\xampp\\htdocs\\toko_music\\app\\Views\\admin\\gitar\\edit_gitar.php', 5)
 2 SYSTEMPATH\View\View.php(226): include('C:\\xampp\\htdocs\\toko_music\\app\\Views\\admin\\gitar\\edit_gitar.php')
 3 SYSTEMPATH\View\View.php(229): CodeIgniter\View\View->CodeIgniter\View\{closure}()
 4 SYSTEMPATH\Common.php(1188): CodeIgniter\View\View->render('admin/gitar/edit_gitar', [], true)
 5 APPPATH\Libraries\Template.php(25): view('admin/gitar/edit_gitar', [...])
 6 APPPATH\Controllers\Admin\Music\Gitar.php(65): App\Libraries\Template::tampil_admin('admin/gitar/edit_gitar', [...])
 7 SYSTEMPATH\CodeIgniter.php(919): App\Controllers\Admin\Music\Gitar->edit('images', 'pujungan.png')
 8 SYSTEMPATH\CodeIgniter.php(494): CodeIgniter\CodeIgniter->runController(Object(App\Controllers\Admin\Music\Gitar))
 9 SYSTEMPATH\CodeIgniter.php(353): CodeIgniter\CodeIgniter->handleRequest(null, Object(Config\Cache), false)
10 FCPATH\index.php(79): CodeIgniter\CodeIgniter->run()
CRITICAL - 2023-12-16 12:04:42 --> Trying to access array offset on value of type null
in APPPATH\Views\admin\gitar\edit_gitar.php on line 5.
 1 APPPATH\Views\admin\gitar\edit_gitar.php(5): CodeIgniter\Debug\Exceptions->errorHandler(2, 'Trying to access array offset on value of type null', 'C:\\xampp\\htdocs\\toko_music\\app\\Views\\admin\\gitar\\edit_gitar.php', 5)
 2 SYSTEMPATH\View\View.php(226): include('C:\\xampp\\htdocs\\toko_music\\app\\Views\\admin\\gitar\\edit_gitar.php')
 3 SYSTEMPATH\View\View.php(229): CodeIgniter\View\View->CodeIgniter\View\{closure}()
 4 SYSTEMPATH\Common.php(1188): CodeIgniter\View\View->render('admin/gitar/edit_gitar', [], true)
 5 APPPATH\Libraries\Template.php(25): view('admin/gitar/edit_gitar', [...])
 6 APPPATH\Controllers\Admin\Music\Gitar.php(65): App\Libraries\Template::tampil_admin('admin/gitar/edit_gitar', [...])
 7 SYSTEMPATH\CodeIgniter.php(919): App\Controllers\Admin\Music\Gitar->edit('images', 'pujungan.png')
 8 SYSTEMPATH\CodeIgniter.php(494): CodeIgniter\CodeIgniter->runController(Object(App\Controllers\Admin\Music\Gitar))
 9 SYSTEMPATH\CodeIgniter.php(353): CodeIgniter\CodeIgniter->handleRequest(null, Object(Config\Cache), false)
10 FCPATH\index.php(79): CodeIgniter\CodeIgniter->run()
CRITICAL - 2023-12-16 12:04:55 --> Trying to access array offset on value of type null
in APPPATH\Views\admin\gitar\edit_gitar.php on line 5.
 1 APPPATH\Views\admin\gitar\edit_gitar.php(5): CodeIgniter\Debug\Exceptions->errorHandler(2, 'Trying to access array offset on value of type null', 'C:\\xampp\\htdocs\\toko_music\\app\\Views\\admin\\gitar\\edit_gitar.php', 5)
 2 SYSTEMPATH\View\View.php(226): include('C:\\xampp\\htdocs\\toko_music\\app\\Views\\admin\\gitar\\edit_gitar.php')
 3 SYSTEMPATH\View\View.php(229): CodeIgniter\View\View->CodeIgniter\View\{closure}()
 4 SYSTEMPATH\Common.php(1188): CodeIgniter\View\View->render('admin/gitar/edit_gitar', [], true)
 5 APPPATH\Libraries\Template.php(25): view('admin/gitar/edit_gitar', [...])
 6 APPPATH\Controllers\Admin\Music\Gitar.php(65): App\Libraries\Template::tampil_admin('admin/gitar/edit_gitar', [...])
 7 SYSTEMPATH\CodeIgniter.php(919): App\Controllers\Admin\Music\Gitar->edit('images', 'pujungan.png')
 8 SYSTEMPATH\CodeIgniter.php(494): CodeIgniter\CodeIgniter->runController(Object(App\Controllers\Admin\Music\Gitar))
 9 SYSTEMPATH\CodeIgniter.php(353): CodeIgniter\CodeIgniter->handleRequest(null, Object(Config\Cache), false)
10 FCPATH\index.php(79): CodeIgniter\CodeIgniter->run()
CRITICAL - 2023-12-16 12:04:55 --> Trying to access array offset on value of type null
in APPPATH\Views\admin\gitar\edit_gitar.php on line 5.
 1 APPPATH\Views\admin\gitar\edit_gitar.php(5): CodeIgniter\Debug\Exceptions->errorHandler(2, 'Trying to access array offset on value of type null', 'C:\\xampp\\htdocs\\toko_music\\app\\Views\\admin\\gitar\\edit_gitar.php', 5)
 2 SYSTEMPATH\View\View.php(226): include('C:\\xampp\\htdocs\\toko_music\\app\\Views\\admin\\gitar\\edit_gitar.php')
 3 SYSTEMPATH\View\View.php(229): CodeIgniter\View\View->CodeIgniter\View\{closure}()
 4 SYSTEMPATH\Common.php(1188): CodeIgniter\View\View->render('admin/gitar/edit_gitar', [], true)
 5 APPPATH\Libraries\Template.php(25): view('admin/gitar/edit_gitar', [...])
 6 APPPATH\Controllers\Admin\Music\Gitar.php(65): App\Libraries\Template::tampil_admin('admin/gitar/edit_gitar', [...])
 7 SYSTEMPATH\CodeIgniter.php(919): App\Controllers\Admin\Music\Gitar->edit('images', 'pujungan.png')
 8 SYSTEMPATH\CodeIgniter.php(494): CodeIgniter\CodeIgniter->runController(Object(App\Controllers\Admin\Music\Gitar))
 9 SYSTEMPATH\CodeIgniter.php(353): CodeIgniter\CodeIgniter->handleRequest(null, Object(Config\Cache), false)
10 FCPATH\index.php(79): CodeIgniter\CodeIgniter->run()
CRITICAL - 2023-12-16 12:05:21 --> The route for "admin/gitar/gitar" cannot be found.
in SYSTEMPATH\HTTP\RedirectResponse.php on line 60.
 1 SYSTEMPATH\HTTP\RedirectResponse.php(60): CodeIgniter\HTTP\Exceptions\HTTPException::forInvalidRedirectRoute('admin/gitar/gitar')
 2 SYSTEMPATH\Common.php(878): CodeIgniter\HTTP\RedirectResponse->route(false)
 3 APPPATH\Controllers\Admin\Music\Gitar.php(93): redirect('admin/gitar/gitar')
 4 SYSTEMPATH\CodeIgniter.php(919): App\Controllers\Admin\Music\Gitar->update('3')
 5 SYSTEMPATH\CodeIgniter.php(494): CodeIgniter\CodeIgniter->runController(Object(App\Controllers\Admin\Music\Gitar))
 6 SYSTEMPATH\CodeIgniter.php(353): CodeIgniter\CodeIgniter->handleRequest(null, Object(Config\Cache), false)
 7 FCPATH\index.php(79): CodeIgniter\CodeIgniter->run()
CRITICAL - 2023-12-16 12:05:35 --> Trying to access array offset on value of type null
in APPPATH\Views\admin\gitar\edit_gitar.php on line 5.
 1 APPPATH\Views\admin\gitar\edit_gitar.php(5): CodeIgniter\Debug\Exceptions->errorHandler(2, 'Trying to access array offset on value of type null', 'C:\\xampp\\htdocs\\toko_music\\app\\Views\\admin\\gitar\\edit_gitar.php', 5)
 2 SYSTEMPATH\View\View.php(226): include('C:\\xampp\\htdocs\\toko_music\\app\\Views\\admin\\gitar\\edit_gitar.php')
 3 SYSTEMPATH\View\View.php(229): CodeIgniter\View\View->CodeIgniter\View\{closure}()
 4 SYSTEMPATH\Common.php(1188): CodeIgniter\View\View->render('admin/gitar/edit_gitar', [], true)
 5 APPPATH\Libraries\Template.php(25): view('admin/gitar/edit_gitar', [...])
 6 APPPATH\Controllers\Admin\Music\Gitar.php(65): App\Libraries\Template::tampil_admin('admin/gitar/edit_gitar', [...])
 7 SYSTEMPATH\CodeIgniter.php(919): App\Controllers\Admin\Music\Gitar->edit('images', 'pujungan.png')
 8 SYSTEMPATH\CodeIgniter.php(494): CodeIgniter\CodeIgniter->runController(Object(App\Controllers\Admin\Music\Gitar))
 9 SYSTEMPATH\CodeIgniter.php(353): CodeIgniter\CodeIgniter->handleRequest(null, Object(Config\Cache), false)
10 FCPATH\index.php(79): CodeIgniter\CodeIgniter->run()
CRITICAL - 2023-12-16 12:05:35 --> Trying to access array offset on value of type null
in APPPATH\Views\admin\gitar\edit_gitar.php on line 5.
 1 APPPATH\Views\admin\gitar\edit_gitar.php(5): CodeIgniter\Debug\Exceptions->errorHandler(2, 'Trying to access array offset on value of type null', 'C:\\xampp\\htdocs\\toko_music\\app\\Views\\admin\\gitar\\edit_gitar.php', 5)
 2 SYSTEMPATH\View\View.php(226): include('C:\\xampp\\htdocs\\toko_music\\app\\Views\\admin\\gitar\\edit_gitar.php')
 3 SYSTEMPATH\View\View.php(229): CodeIgniter\View\View->CodeIgniter\View\{closure}()
 4 SYSTEMPATH\Common.php(1188): CodeIgniter\View\View->render('admin/gitar/edit_gitar', [], true)
 5 APPPATH\Libraries\Template.php(25): view('admin/gitar/edit_gitar', [...])
 6 APPPATH\Controllers\Admin\Music\Gitar.php(65): App\Libraries\Template::tampil_admin('admin/gitar/edit_gitar', [...])
 7 SYSTEMPATH\CodeIgniter.php(919): App\Controllers\Admin\Music\Gitar->edit('images', 'pujungan.png')
 8 SYSTEMPATH\CodeIgniter.php(494): CodeIgniter\CodeIgniter->runController(Object(App\Controllers\Admin\Music\Gitar))
 9 SYSTEMPATH\CodeIgniter.php(353): CodeIgniter\CodeIgniter->handleRequest(null, Object(Config\Cache), false)
10 FCPATH\index.php(79): CodeIgniter\CodeIgniter->run()
CRITICAL - 2023-12-16 12:05:44 --> Trying to access array offset on value of type null
in APPPATH\Views\admin\gitar\edit_gitar.php on line 5.
 1 APPPATH\Views\admin\gitar\edit_gitar.php(5): CodeIgniter\Debug\Exceptions->errorHandler(2, 'Trying to access array offset on value of type null', 'C:\\xampp\\htdocs\\toko_music\\app\\Views\\admin\\gitar\\edit_gitar.php', 5)
 2 SYSTEMPATH\View\View.php(226): include('C:\\xampp\\htdocs\\toko_music\\app\\Views\\admin\\gitar\\edit_gitar.php')
 3 SYSTEMPATH\View\View.php(229): CodeIgniter\View\View->CodeIgniter\View\{closure}()
 4 SYSTEMPATH\Common.php(1188): CodeIgniter\View\View->render('admin/gitar/edit_gitar', [], true)
 5 APPPATH\Libraries\Template.php(25): view('admin/gitar/edit_gitar', [...])
 6 APPPATH\Controllers\Admin\Music\Gitar.php(65): App\Libraries\Template::tampil_admin('admin/gitar/edit_gitar', [...])
 7 SYSTEMPATH\CodeIgniter.php(919): App\Controllers\Admin\Music\Gitar->edit('images', 'pujungan.png')
 8 SYSTEMPATH\CodeIgniter.php(494): CodeIgniter\CodeIgniter->runController(Object(App\Controllers\Admin\Music\Gitar))
 9 SYSTEMPATH\CodeIgniter.php(353): CodeIgniter\CodeIgniter->handleRequest(null, Object(Config\Cache), false)
10 FCPATH\index.php(79): CodeIgniter\CodeIgniter->run()
CRITICAL - 2023-12-16 12:05:45 --> Trying to access array offset on value of type null
in APPPATH\Views\admin\gitar\edit_gitar.php on line 5.
 1 APPPATH\Views\admin\gitar\edit_gitar.php(5): CodeIgniter\Debug\Exceptions->errorHandler(2, 'Trying to access array offset on value of type null', 'C:\\xampp\\htdocs\\toko_music\\app\\Views\\admin\\gitar\\edit_gitar.php', 5)
 2 SYSTEMPATH\View\View.php(226): include('C:\\xampp\\htdocs\\toko_music\\app\\Views\\admin\\gitar\\edit_gitar.php')
 3 SYSTEMPATH\View\View.php(229): CodeIgniter\View\View->CodeIgniter\View\{closure}()
 4 SYSTEMPATH\Common.php(1188): CodeIgniter\View\View->render('admin/gitar/edit_gitar', [], true)
 5 APPPATH\Libraries\Template.php(25): view('admin/gitar/edit_gitar', [...])
 6 APPPATH\Controllers\Admin\Music\Gitar.php(65): App\Libraries\Template::tampil_admin('admin/gitar/edit_gitar', [...])
 7 SYSTEMPATH\CodeIgniter.php(919): App\Controllers\Admin\Music\Gitar->edit('images', 'pujungan.png')
 8 SYSTEMPATH\CodeIgniter.php(494): CodeIgniter\CodeIgniter->runController(Object(App\Controllers\Admin\Music\Gitar))
 9 SYSTEMPATH\CodeIgniter.php(353): CodeIgniter\CodeIgniter->handleRequest(null, Object(Config\Cache), false)
10 FCPATH\index.php(79): CodeIgniter\CodeIgniter->run()
CRITICAL - 2023-12-16 12:06:23 --> Trying to access array offset on value of type null
in APPPATH\Views\admin\gitar\edit_gitar.php on line 5.
 1 APPPATH\Views\admin\gitar\edit_gitar.php(5): CodeIgniter\Debug\Exceptions->errorHandler(2, 'Trying to access array offset on value of type null', 'C:\\xampp\\htdocs\\toko_music\\app\\Views\\admin\\gitar\\edit_gitar.php', 5)
 2 SYSTEMPATH\View\View.php(226): include('C:\\xampp\\htdocs\\toko_music\\app\\Views\\admin\\gitar\\edit_gitar.php')
 3 SYSTEMPATH\View\View.php(229): CodeIgniter\View\View->CodeIgniter\View\{closure}()
 4 SYSTEMPATH\Common.php(1188): CodeIgniter\View\View->render('admin/gitar/edit_gitar', [], true)
 5 APPPATH\Libraries\Template.php(25): view('admin/gitar/edit_gitar', [...])
 6 APPPATH\Controllers\Admin\Music\Gitar.php(65): App\Libraries\Template::tampil_admin('admin/gitar/edit_gitar', [...])
 7 SYSTEMPATH\CodeIgniter.php(919): App\Controllers\Admin\Music\Gitar->edit('images', 'pujungan.png')
 8 SYSTEMPATH\CodeIgniter.php(494): CodeIgniter\CodeIgniter->runController(Object(App\Controllers\Admin\Music\Gitar))
 9 SYSTEMPATH\CodeIgniter.php(353): CodeIgniter\CodeIgniter->handleRequest(null, Object(Config\Cache), false)
10 FCPATH\index.php(79): CodeIgniter\CodeIgniter->run()
CRITICAL - 2023-12-16 12:06:24 --> Trying to access array offset on value of type null
in APPPATH\Views\admin\gitar\edit_gitar.php on line 5.
 1 APPPATH\Views\admin\gitar\edit_gitar.php(5): CodeIgniter\Debug\Exceptions->errorHandler(2, 'Trying to access array offset on value of type null', 'C:\\xampp\\htdocs\\toko_music\\app\\Views\\admin\\gitar\\edit_gitar.php', 5)
 2 SYSTEMPATH\View\View.php(226): include('C:\\xampp\\htdocs\\toko_music\\app\\Views\\admin\\gitar\\edit_gitar.php')
 3 SYSTEMPATH\View\View.php(229): CodeIgniter\View\View->CodeIgniter\View\{closure}()
 4 SYSTEMPATH\Common.php(1188): CodeIgniter\View\View->render('admin/gitar/edit_gitar', [], true)
 5 APPPATH\Libraries\Template.php(25): view('admin/gitar/edit_gitar', [...])
 6 APPPATH\Controllers\Admin\Music\Gitar.php(65): App\Libraries\Template::tampil_admin('admin/gitar/edit_gitar', [...])
 7 SYSTEMPATH\CodeIgniter.php(919): App\Controllers\Admin\Music\Gitar->edit('images', 'pujungan.png')
 8 SYSTEMPATH\CodeIgniter.php(494): CodeIgniter\CodeIgniter->runController(Object(App\Controllers\Admin\Music\Gitar))
 9 SYSTEMPATH\CodeIgniter.php(353): CodeIgniter\CodeIgniter->handleRequest(null, Object(Config\Cache), false)
10 FCPATH\index.php(79): CodeIgniter\CodeIgniter->run()
CRITICAL - 2023-12-16 12:06:28 --> The route for "admin/gitar" cannot be found.
in SYSTEMPATH\HTTP\RedirectResponse.php on line 60.
 1 SYSTEMPATH\HTTP\RedirectResponse.php(60): CodeIgniter\HTTP\Exceptions\HTTPException::forInvalidRedirectRoute('admin/gitar')
 2 SYSTEMPATH\Common.php(878): CodeIgniter\HTTP\RedirectResponse->route(false)
 3 APPPATH\Controllers\Admin\Music\Gitar.php(93): redirect('admin/gitar')
 4 SYSTEMPATH\CodeIgniter.php(919): App\Controllers\Admin\Music\Gitar->update('3')
 5 SYSTEMPATH\CodeIgniter.php(494): CodeIgniter\CodeIgniter->runController(Object(App\Controllers\Admin\Music\Gitar))
 6 SYSTEMPATH\CodeIgniter.php(353): CodeIgniter\CodeIgniter->handleRequest(null, Object(Config\Cache), false)
 7 FCPATH\index.php(79): CodeIgniter\CodeIgniter->run()
CRITICAL - 2023-12-16 12:06:34 --> Trying to access array offset on value of type null
in APPPATH\Views\admin\gitar\edit_gitar.php on line 5.
 1 APPPATH\Views\admin\gitar\edit_gitar.php(5): CodeIgniter\Debug\Exceptions->errorHandler(2, 'Trying to access array offset on value of type null', 'C:\\xampp\\htdocs\\toko_music\\app\\Views\\admin\\gitar\\edit_gitar.php', 5)
 2 SYSTEMPATH\View\View.php(226): include('C:\\xampp\\htdocs\\toko_music\\app\\Views\\admin\\gitar\\edit_gitar.php')
 3 SYSTEMPATH\View\View.php(229): CodeIgniter\View\View->CodeIgniter\View\{closure}()
 4 SYSTEMPATH\Common.php(1188): CodeIgniter\View\View->render('admin/gitar/edit_gitar', [], true)
 5 APPPATH\Libraries\Template.php(25): view('admin/gitar/edit_gitar', [...])
 6 APPPATH\Controllers\Admin\Music\Gitar.php(65): App\Libraries\Template::tampil_admin('admin/gitar/edit_gitar', [...])
 7 SYSTEMPATH\CodeIgniter.php(919): App\Controllers\Admin\Music\Gitar->edit('images', 'pujungan.png')
 8 SYSTEMPATH\CodeIgniter.php(494): CodeIgniter\CodeIgniter->runController(Object(App\Controllers\Admin\Music\Gitar))
 9 SYSTEMPATH\CodeIgniter.php(353): CodeIgniter\CodeIgniter->handleRequest(null, Object(Config\Cache), false)
10 FCPATH\index.php(79): CodeIgniter\CodeIgniter->run()
CRITICAL - 2023-12-16 12:06:34 --> Trying to access array offset on value of type null
in APPPATH\Views\admin\gitar\edit_gitar.php on line 5.
 1 APPPATH\Views\admin\gitar\edit_gitar.php(5): CodeIgniter\Debug\Exceptions->errorHandler(2, 'Trying to access array offset on value of type null', 'C:\\xampp\\htdocs\\toko_music\\app\\Views\\admin\\gitar\\edit_gitar.php', 5)
 2 SYSTEMPATH\View\View.php(226): include('C:\\xampp\\htdocs\\toko_music\\app\\Views\\admin\\gitar\\edit_gitar.php')
 3 SYSTEMPATH\View\View.php(229): CodeIgniter\View\View->CodeIgniter\View\{closure}()
 4 SYSTEMPATH\Common.php(1188): CodeIgniter\View\View->render('admin/gitar/edit_gitar', [], true)
 5 APPPATH\Libraries\Template.php(25): view('admin/gitar/edit_gitar', [...])
 6 APPPATH\Controllers\Admin\Music\Gitar.php(65): App\Libraries\Template::tampil_admin('admin/gitar/edit_gitar', [...])
 7 SYSTEMPATH\CodeIgniter.php(919): App\Controllers\Admin\Music\Gitar->edit('images', 'pujungan.png')
 8 SYSTEMPATH\CodeIgniter.php(494): CodeIgniter\CodeIgniter->runController(Object(App\Controllers\Admin\Music\Gitar))
 9 SYSTEMPATH\CodeIgniter.php(353): CodeIgniter\CodeIgniter->handleRequest(null, Object(Config\Cache), false)
10 FCPATH\index.php(79): CodeIgniter\CodeIgniter->run()
CRITICAL - 2023-12-16 12:07:18 --> Trying to access array offset on value of type null
in APPPATH\Views\admin\gitar\edit_gitar.php on line 5.
 1 APPPATH\Views\admin\gitar\edit_gitar.php(5): CodeIgniter\Debug\Exceptions->errorHandler(2, 'Trying to access array offset on value of type null', 'C:\\xampp\\htdocs\\toko_music\\app\\Views\\admin\\gitar\\edit_gitar.php', 5)
 2 SYSTEMPATH\View\View.php(226): include('C:\\xampp\\htdocs\\toko_music\\app\\Views\\admin\\gitar\\edit_gitar.php')
 3 SYSTEMPATH\View\View.php(229): CodeIgniter\View\View->CodeIgniter\View\{closure}()
 4 SYSTEMPATH\Common.php(1188): CodeIgniter\View\View->render('admin/gitar/edit_gitar', [], true)
 5 APPPATH\Libraries\Template.php(25): view('admin/gitar/edit_gitar', [...])
 6 APPPATH\Controllers\Admin\Music\Gitar.php(65): App\Libraries\Template::tampil_admin('admin/gitar/edit_gitar', [...])
 7 SYSTEMPATH\CodeIgniter.php(919): App\Controllers\Admin\Music\Gitar->edit('images', 'pujungan.png')
 8 SYSTEMPATH\CodeIgniter.php(494): CodeIgniter\CodeIgniter->runController(Object(App\Controllers\Admin\Music\Gitar))
 9 SYSTEMPATH\CodeIgniter.php(353): CodeIgniter\CodeIgniter->handleRequest(null, Object(Config\Cache), false)
10 FCPATH\index.php(79): CodeIgniter\CodeIgniter->run()
CRITICAL - 2023-12-16 12:07:18 --> Trying to access array offset on value of type null
in APPPATH\Views\admin\gitar\edit_gitar.php on line 5.
 1 APPPATH\Views\admin\gitar\edit_gitar.php(5): CodeIgniter\Debug\Exceptions->errorHandler(2, 'Trying to access array offset on value of type null', 'C:\\xampp\\htdocs\\toko_music\\app\\Views\\admin\\gitar\\edit_gitar.php', 5)
 2 SYSTEMPATH\View\View.php(226): include('C:\\xampp\\htdocs\\toko_music\\app\\Views\\admin\\gitar\\edit_gitar.php')
 3 SYSTEMPATH\View\View.php(229): CodeIgniter\View\View->CodeIgniter\View\{closure}()
 4 SYSTEMPATH\Common.php(1188): CodeIgniter\View\View->render('admin/gitar/edit_gitar', [], true)
 5 APPPATH\Libraries\Template.php(25): view('admin/gitar/edit_gitar', [...])
 6 APPPATH\Controllers\Admin\Music\Gitar.php(65): App\Libraries\Template::tampil_admin('admin/gitar/edit_gitar', [...])
 7 SYSTEMPATH\CodeIgniter.php(919): App\Controllers\Admin\Music\Gitar->edit('images', 'pujungan.png')
 8 SYSTEMPATH\CodeIgniter.php(494): CodeIgniter\CodeIgniter->runController(Object(App\Controllers\Admin\Music\Gitar))
 9 SYSTEMPATH\CodeIgniter.php(353): CodeIgniter\CodeIgniter->handleRequest(null, Object(Config\Cache), false)
10 FCPATH\index.php(79): CodeIgniter\CodeIgniter->run()
CRITICAL - 2023-12-16 12:07:19 --> The route for "gitar/gitar" cannot be found.
in SYSTEMPATH\HTTP\RedirectResponse.php on line 60.
 1 SYSTEMPATH\HTTP\RedirectResponse.php(60): CodeIgniter\HTTP\Exceptions\HTTPException::forInvalidRedirectRoute('gitar/gitar')
 2 SYSTEMPATH\Common.php(878): CodeIgniter\HTTP\RedirectResponse->route(false)
 3 APPPATH\Controllers\Admin\Music\Gitar.php(93): redirect('gitar/gitar')
 4 SYSTEMPATH\CodeIgniter.php(919): App\Controllers\Admin\Music\Gitar->update('3')
 5 SYSTEMPATH\CodeIgniter.php(494): CodeIgniter\CodeIgniter->runController(Object(App\Controllers\Admin\Music\Gitar))
 6 SYSTEMPATH\CodeIgniter.php(353): CodeIgniter\CodeIgniter->handleRequest(null, Object(Config\Cache), false)
 7 FCPATH\index.php(79): CodeIgniter\CodeIgniter->run()
CRITICAL - 2023-12-16 12:08:34 --> Trying to access array offset on value of type null
in APPPATH\Views\admin\gitar\edit_gitar.php on line 5.
 1 APPPATH\Views\admin\gitar\edit_gitar.php(5): CodeIgniter\Debug\Exceptions->errorHandler(2, 'Trying to access array offset on value of type null', 'C:\\xampp\\htdocs\\toko_music\\app\\Views\\admin\\gitar\\edit_gitar.php', 5)
 2 SYSTEMPATH\View\View.php(226): include('C:\\xampp\\htdocs\\toko_music\\app\\Views\\admin\\gitar\\edit_gitar.php')
 3 SYSTEMPATH\View\View.php(229): CodeIgniter\View\View->CodeIgniter\View\{closure}()
 4 SYSTEMPATH\Common.php(1188): CodeIgniter\View\View->render('admin/gitar/edit_gitar', [], true)
 5 APPPATH\Libraries\Template.php(25): view('admin/gitar/edit_gitar', [...])
 6 APPPATH\Controllers\Admin\Music\Gitar.php(65): App\Libraries\Template::tampil_admin('admin/gitar/edit_gitar', [...])
 7 SYSTEMPATH\CodeIgniter.php(919): App\Controllers\Admin\Music\Gitar->edit('images', 'pujungan.png')
 8 SYSTEMPATH\CodeIgniter.php(494): CodeIgniter\CodeIgniter->runController(Object(App\Controllers\Admin\Music\Gitar))
 9 SYSTEMPATH\CodeIgniter.php(353): CodeIgniter\CodeIgniter->handleRequest(null, Object(Config\Cache), false)
10 FCPATH\index.php(79): CodeIgniter\CodeIgniter->run()
CRITICAL - 2023-12-16 12:08:35 --> Trying to access array offset on value of type null
in APPPATH\Views\admin\gitar\edit_gitar.php on line 5.
 1 APPPATH\Views\admin\gitar\edit_gitar.php(5): CodeIgniter\Debug\Exceptions->errorHandler(2, 'Trying to access array offset on value of type null', 'C:\\xampp\\htdocs\\toko_music\\app\\Views\\admin\\gitar\\edit_gitar.php', 5)
 2 SYSTEMPATH\View\View.php(226): include('C:\\xampp\\htdocs\\toko_music\\app\\Views\\admin\\gitar\\edit_gitar.php')
 3 SYSTEMPATH\View\View.php(229): CodeIgniter\View\View->CodeIgniter\View\{closure}()
 4 SYSTEMPATH\Common.php(1188): CodeIgniter\View\View->render('admin/gitar/edit_gitar', [], true)
 5 APPPATH\Libraries\Template.php(25): view('admin/gitar/edit_gitar', [...])
 6 APPPATH\Controllers\Admin\Music\Gitar.php(65): App\Libraries\Template::tampil_admin('admin/gitar/edit_gitar', [...])
 7 SYSTEMPATH\CodeIgniter.php(919): App\Controllers\Admin\Music\Gitar->edit('images', 'pujungan.png')
 8 SYSTEMPATH\CodeIgniter.php(494): CodeIgniter\CodeIgniter->runController(Object(App\Controllers\Admin\Music\Gitar))
 9 SYSTEMPATH\CodeIgniter.php(353): CodeIgniter\CodeIgniter->handleRequest(null, Object(Config\Cache), false)
10 FCPATH\index.php(79): CodeIgniter\CodeIgniter->run()
CRITICAL - 2023-12-16 12:08:36 --> The route for "admin/gitar" cannot be found.
in SYSTEMPATH\HTTP\RedirectResponse.php on line 60.
 1 SYSTEMPATH\HTTP\RedirectResponse.php(60): CodeIgniter\HTTP\Exceptions\HTTPException::forInvalidRedirectRoute('admin/gitar')
 2 SYSTEMPATH\Common.php(878): CodeIgniter\HTTP\RedirectResponse->route(false)
 3 APPPATH\Controllers\Admin\Music\Gitar.php(93): redirect('admin/gitar')
 4 SYSTEMPATH\CodeIgniter.php(919): App\Controllers\Admin\Music\Gitar->update('3')
 5 SYSTEMPATH\CodeIgniter.php(494): CodeIgniter\CodeIgniter->runController(Object(App\Controllers\Admin\Music\Gitar))
 6 SYSTEMPATH\CodeIgniter.php(353): CodeIgniter\CodeIgniter->handleRequest(null, Object(Config\Cache), false)
 7 FCPATH\index.php(79): CodeIgniter\CodeIgniter->run()
CRITICAL - 2023-12-16 12:09:18 --> The route for "gitar" cannot be found.
in SYSTEMPATH\HTTP\RedirectResponse.php on line 60.
 1 SYSTEMPATH\HTTP\RedirectResponse.php(60): CodeIgniter\HTTP\Exceptions\HTTPException::forInvalidRedirectRoute('gitar')
 2 SYSTEMPATH\Common.php(878): CodeIgniter\HTTP\RedirectResponse->route(false)
 3 APPPATH\Controllers\Admin\Music\Gitar.php(93): redirect('gitar')
 4 SYSTEMPATH\CodeIgniter.php(919): App\Controllers\Admin\Music\Gitar->update('3')
 5 SYSTEMPATH\CodeIgniter.php(494): CodeIgniter\CodeIgniter->runController(Object(App\Controllers\Admin\Music\Gitar))
 6 SYSTEMPATH\CodeIgniter.php(353): CodeIgniter\CodeIgniter->handleRequest(null, Object(Config\Cache), false)
 7 FCPATH\index.php(79): CodeIgniter\CodeIgniter->run()
CRITICAL - 2023-12-16 12:09:50 --> Trying to access array offset on value of type null
in APPPATH\Views\admin\gitar\edit_gitar.php on line 5.
 1 APPPATH\Views\admin\gitar\edit_gitar.php(5): CodeIgniter\Debug\Exceptions->errorHandler(2, 'Trying to access array offset on value of type null', 'C:\\xampp\\htdocs\\toko_music\\app\\Views\\admin\\gitar\\edit_gitar.php', 5)
 2 SYSTEMPATH\View\View.php(226): include('C:\\xampp\\htdocs\\toko_music\\app\\Views\\admin\\gitar\\edit_gitar.php')
 3 SYSTEMPATH\View\View.php(229): CodeIgniter\View\View->CodeIgniter\View\{closure}()
 4 SYSTEMPATH\Common.php(1188): CodeIgniter\View\View->render('admin/gitar/edit_gitar', [], true)
 5 APPPATH\Libraries\Template.php(25): view('admin/gitar/edit_gitar', [...])
 6 APPPATH\Controllers\Admin\Music\Gitar.php(65): App\Libraries\Template::tampil_admin('admin/gitar/edit_gitar', [...])
 7 SYSTEMPATH\CodeIgniter.php(919): App\Controllers\Admin\Music\Gitar->edit('images', 'pujungan.png')
 8 SYSTEMPATH\CodeIgniter.php(494): CodeIgniter\CodeIgniter->runController(Object(App\Controllers\Admin\Music\Gitar))
 9 SYSTEMPATH\CodeIgniter.php(353): CodeIgniter\CodeIgniter->handleRequest(null, Object(Config\Cache), false)
10 FCPATH\index.php(79): CodeIgniter\CodeIgniter->run()
CRITICAL - 2023-12-16 12:09:50 --> Trying to access array offset on value of type null
in APPPATH\Views\admin\gitar\edit_gitar.php on line 5.
 1 APPPATH\Views\admin\gitar\edit_gitar.php(5): CodeIgniter\Debug\Exceptions->errorHandler(2, 'Trying to access array offset on value of type null', 'C:\\xampp\\htdocs\\toko_music\\app\\Views\\admin\\gitar\\edit_gitar.php', 5)
 2 SYSTEMPATH\View\View.php(226): include('C:\\xampp\\htdocs\\toko_music\\app\\Views\\admin\\gitar\\edit_gitar.php')
 3 SYSTEMPATH\View\View.php(229): CodeIgniter\View\View->CodeIgniter\View\{closure}()
 4 SYSTEMPATH\Common.php(1188): CodeIgniter\View\View->render('admin/gitar/edit_gitar', [], true)
 5 APPPATH\Libraries\Template.php(25): view('admin/gitar/edit_gitar', [...])
 6 APPPATH\Controllers\Admin\Music\Gitar.php(65): App\Libraries\Template::tampil_admin('admin/gitar/edit_gitar', [...])
 7 SYSTEMPATH\CodeIgniter.php(919): App\Controllers\Admin\Music\Gitar->edit('images', 'pujungan.png')
 8 SYSTEMPATH\CodeIgniter.php(494): CodeIgniter\CodeIgniter->runController(Object(App\Controllers\Admin\Music\Gitar))
 9 SYSTEMPATH\CodeIgniter.php(353): CodeIgniter\CodeIgniter->handleRequest(null, Object(Config\Cache), false)
10 FCPATH\index.php(79): CodeIgniter\CodeIgniter->run()
CRITICAL - 2023-12-16 12:11:12 --> Trying to access array offset on value of type null
in APPPATH\Views\admin\gitar\edit_gitar.php on line 5.
 1 APPPATH\Views\admin\gitar\edit_gitar.php(5): CodeIgniter\Debug\Exceptions->errorHandler(2, 'Trying to access array offset on value of type null', 'C:\\xampp\\htdocs\\toko_music\\app\\Views\\admin\\gitar\\edit_gitar.php', 5)
 2 SYSTEMPATH\View\View.php(226): include('C:\\xampp\\htdocs\\toko_music\\app\\Views\\admin\\gitar\\edit_gitar.php')
 3 SYSTEMPATH\View\View.php(229): CodeIgniter\View\View->CodeIgniter\View\{closure}()
 4 SYSTEMPATH\Common.php(1188): CodeIgniter\View\View->render('admin/gitar/edit_gitar', [], true)
 5 APPPATH\Libraries\Template.php(25): view('admin/gitar/edit_gitar', [...])
 6 APPPATH\Controllers\Admin\Music\Gitar.php(65): App\Libraries\Template::tampil_admin('admin/gitar/edit_gitar', [...])
 7 SYSTEMPATH\CodeIgniter.php(919): App\Controllers\Admin\Music\Gitar->edit('images', 'pujungan.png')
 8 SYSTEMPATH\CodeIgniter.php(494): CodeIgniter\CodeIgniter->runController(Object(App\Controllers\Admin\Music\Gitar))
 9 SYSTEMPATH\CodeIgniter.php(353): CodeIgniter\CodeIgniter->handleRequest(null, Object(Config\Cache), false)
10 FCPATH\index.php(79): CodeIgniter\CodeIgniter->run()
CRITICAL - 2023-12-16 12:11:12 --> Trying to access array offset on value of type null
in APPPATH\Views\admin\gitar\edit_gitar.php on line 5.
 1 APPPATH\Views\admin\gitar\edit_gitar.php(5): CodeIgniter\Debug\Exceptions->errorHandler(2, 'Trying to access array offset on value of type null', 'C:\\xampp\\htdocs\\toko_music\\app\\Views\\admin\\gitar\\edit_gitar.php', 5)
 2 SYSTEMPATH\View\View.php(226): include('C:\\xampp\\htdocs\\toko_music\\app\\Views\\admin\\gitar\\edit_gitar.php')
 3 SYSTEMPATH\View\View.php(229): CodeIgniter\View\View->CodeIgniter\View\{closure}()
 4 SYSTEMPATH\Common.php(1188): CodeIgniter\View\View->render('admin/gitar/edit_gitar', [], true)
 5 APPPATH\Libraries\Template.php(25): view('admin/gitar/edit_gitar', [...])
 6 APPPATH\Controllers\Admin\Music\Gitar.php(65): App\Libraries\Template::tampil_admin('admin/gitar/edit_gitar', [...])
 7 SYSTEMPATH\CodeIgniter.php(919): App\Controllers\Admin\Music\Gitar->edit('images', 'pujungan.png')
 8 SYSTEMPATH\CodeIgniter.php(494): CodeIgniter\CodeIgniter->runController(Object(App\Controllers\Admin\Music\Gitar))
 9 SYSTEMPATH\CodeIgniter.php(353): CodeIgniter\CodeIgniter->handleRequest(null, Object(Config\Cache), false)
10 FCPATH\index.php(79): CodeIgniter\CodeIgniter->run()
CRITICAL - 2023-12-16 12:11:16 --> Trying to access array offset on value of type null
in APPPATH\Views\admin\gitar\edit_gitar.php on line 5.
 1 APPPATH\Views\admin\gitar\edit_gitar.php(5): CodeIgniter\Debug\Exceptions->errorHandler(2, 'Trying to access array offset on value of type null', 'C:\\xampp\\htdocs\\toko_music\\app\\Views\\admin\\gitar\\edit_gitar.php', 5)
 2 SYSTEMPATH\View\View.php(226): include('C:\\xampp\\htdocs\\toko_music\\app\\Views\\admin\\gitar\\edit_gitar.php')
 3 SYSTEMPATH\View\View.php(229): CodeIgniter\View\View->CodeIgniter\View\{closure}()
 4 SYSTEMPATH\Common.php(1188): CodeIgniter\View\View->render('admin/gitar/edit_gitar', [], true)
 5 APPPATH\Libraries\Template.php(25): view('admin/gitar/edit_gitar', [...])
 6 APPPATH\Controllers\Admin\Music\Gitar.php(65): App\Libraries\Template::tampil_admin('admin/gitar/edit_gitar', [...])
 7 SYSTEMPATH\CodeIgniter.php(919): App\Controllers\Admin\Music\Gitar->edit('images', 'pujungan.png')
 8 SYSTEMPATH\CodeIgniter.php(494): CodeIgniter\CodeIgniter->runController(Object(App\Controllers\Admin\Music\Gitar))
 9 SYSTEMPATH\CodeIgniter.php(353): CodeIgniter\CodeIgniter->handleRequest(null, Object(Config\Cache), false)
10 FCPATH\index.php(79): CodeIgniter\CodeIgniter->run()
CRITICAL - 2023-12-16 12:11:16 --> Trying to access array offset on value of type null
in APPPATH\Views\admin\gitar\edit_gitar.php on line 5.
 1 APPPATH\Views\admin\gitar\edit_gitar.php(5): CodeIgniter\Debug\Exceptions->errorHandler(2, 'Trying to access array offset on value of type null', 'C:\\xampp\\htdocs\\toko_music\\app\\Views\\admin\\gitar\\edit_gitar.php', 5)
 2 SYSTEMPATH\View\View.php(226): include('C:\\xampp\\htdocs\\toko_music\\app\\Views\\admin\\gitar\\edit_gitar.php')
 3 SYSTEMPATH\View\View.php(229): CodeIgniter\View\View->CodeIgniter\View\{closure}()
 4 SYSTEMPATH\Common.php(1188): CodeIgniter\View\View->render('admin/gitar/edit_gitar', [], true)
 5 APPPATH\Libraries\Template.php(25): view('admin/gitar/edit_gitar', [...])
 6 APPPATH\Controllers\Admin\Music\Gitar.php(65): App\Libraries\Template::tampil_admin('admin/gitar/edit_gitar', [...])
 7 SYSTEMPATH\CodeIgniter.php(919): App\Controllers\Admin\Music\Gitar->edit('images', 'pujungan.png')
 8 SYSTEMPATH\CodeIgniter.php(494): CodeIgniter\CodeIgniter->runController(Object(App\Controllers\Admin\Music\Gitar))
 9 SYSTEMPATH\CodeIgniter.php(353): CodeIgniter\CodeIgniter->handleRequest(null, Object(Config\Cache), false)
10 FCPATH\index.php(79): CodeIgniter\CodeIgniter->run()
CRITICAL - 2023-12-16 12:11:24 --> Trying to access array offset on value of type null
in APPPATH\Views\admin\gitar\edit_gitar.php on line 5.
 1 APPPATH\Views\admin\gitar\edit_gitar.php(5): CodeIgniter\Debug\Exceptions->errorHandler(2, 'Trying to access array offset on value of type null', 'C:\\xampp\\htdocs\\toko_music\\app\\Views\\admin\\gitar\\edit_gitar.php', 5)
 2 SYSTEMPATH\View\View.php(226): include('C:\\xampp\\htdocs\\toko_music\\app\\Views\\admin\\gitar\\edit_gitar.php')
 3 SYSTEMPATH\View\View.php(229): CodeIgniter\View\View->CodeIgniter\View\{closure}()
 4 SYSTEMPATH\Common.php(1188): CodeIgniter\View\View->render('admin/gitar/edit_gitar', [], true)
 5 APPPATH\Libraries\Template.php(25): view('admin/gitar/edit_gitar', [...])
 6 APPPATH\Controllers\Admin\Music\Gitar.php(65): App\Libraries\Template::tampil_admin('admin/gitar/edit_gitar', [...])
 7 SYSTEMPATH\CodeIgniter.php(919): App\Controllers\Admin\Music\Gitar->edit('images', 'pujungan.png')
 8 SYSTEMPATH\CodeIgniter.php(494): CodeIgniter\CodeIgniter->runController(Object(App\Controllers\Admin\Music\Gitar))
 9 SYSTEMPATH\CodeIgniter.php(353): CodeIgniter\CodeIgniter->handleRequest(null, Object(Config\Cache), false)
10 FCPATH\index.php(79): CodeIgniter\CodeIgniter->run()
CRITICAL - 2023-12-16 12:11:25 --> Trying to access array offset on value of type null
in APPPATH\Views\admin\gitar\edit_gitar.php on line 5.
 1 APPPATH\Views\admin\gitar\edit_gitar.php(5): CodeIgniter\Debug\Exceptions->errorHandler(2, 'Trying to access array offset on value of type null', 'C:\\xampp\\htdocs\\toko_music\\app\\Views\\admin\\gitar\\edit_gitar.php', 5)
 2 SYSTEMPATH\View\View.php(226): include('C:\\xampp\\htdocs\\toko_music\\app\\Views\\admin\\gitar\\edit_gitar.php')
 3 SYSTEMPATH\View\View.php(229): CodeIgniter\View\View->CodeIgniter\View\{closure}()
 4 SYSTEMPATH\Common.php(1188): CodeIgniter\View\View->render('admin/gitar/edit_gitar', [], true)
 5 APPPATH\Libraries\Template.php(25): view('admin/gitar/edit_gitar', [...])
 6 APPPATH\Controllers\Admin\Music\Gitar.php(65): App\Libraries\Template::tampil_admin('admin/gitar/edit_gitar', [...])
 7 SYSTEMPATH\CodeIgniter.php(919): App\Controllers\Admin\Music\Gitar->edit('images', 'pujungan.png')
 8 SYSTEMPATH\CodeIgniter.php(494): CodeIgniter\CodeIgniter->runController(Object(App\Controllers\Admin\Music\Gitar))
 9 SYSTEMPATH\CodeIgniter.php(353): CodeIgniter\CodeIgniter->handleRequest(null, Object(Config\Cache), false)
10 FCPATH\index.php(79): CodeIgniter\CodeIgniter->run()
