INFO - 2024-01-01 03:39:09 --> Session: Class initialized using 'CodeIgniter\Session\Handlers\FileHandler' driver.
INFO - 2024-01-01 03:40:07 --> Session: Class initialized using 'CodeIgniter\Session\Handlers\FileHandler' driver.
INFO - 2024-01-01 03:40:11 --> Session: Class initialized using 'CodeIgniter\Session\Handlers\FileHandler' driver.
INFO - 2024-01-01 03:40:11 --> Session: Class initialized using 'CodeIgniter\Session\Handlers\FileHandler' driver.
INFO - 2024-01-01 03:40:20 --> Session: Class initialized using 'CodeIgniter\Session\Handlers\FileHandler' driver.
INFO - 2024-01-01 03:40:23 --> Session: Class initialized using 'CodeIgniter\Session\Handlers\FileHandler' driver.
INFO - 2024-01-01 03:40:24 --> Session: Class initialized using 'CodeIgniter\Session\Handlers\FileHandler' driver.
CRITICAL - 2024-01-01 03:40:24 --> Trying to access array offset on value of type null
in APPPATH\Views\admin\aks\edit_aks.php on line 5.
 1 APPPATH\Views\admin\aks\edit_aks.php(5): CodeIgniter\Debug\Exceptions->errorHandler(2, 'Trying to access array offset on value of type null', 'C:\\xampp\\htdocs\\toko_music\\app\\Views\\admin\\aks\\edit_aks.php', 5)
 2 SYSTEMPATH\View\View.php(226): include('C:\\xampp\\htdocs\\toko_music\\app\\Views\\admin\\aks\\edit_aks.php')
 3 SYSTEMPATH\View\View.php(229): CodeIgniter\View\View->CodeIgniter\View\{closure}()
 4 SYSTEMPATH\Common.php(1188): CodeIgniter\View\View->render('admin/aks/edit_aks', [], true)
 5 APPPATH\Libraries\Template.php(25): view('admin/aks/edit_aks', [...])
 6 APPPATH\Controllers\Admin\Music\Aks.php(76): App\Libraries\Template::tampil_admin('admin/aks/edit_aks', [...])
 7 SYSTEMPATH\CodeIgniter.php(919): App\Controllers\Admin\Music\Aks->edit('images', 'pujungan.png')
 8 SYSTEMPATH\CodeIgniter.php(494): CodeIgniter\CodeIgniter->runController(Object(App\Controllers\Admin\Music\Aks))
 9 SYSTEMPATH\CodeIgniter.php(353): CodeIgniter\CodeIgniter->handleRequest(null, Object(Config\Cache), false)
10 FCPATH\index.php(79): CodeIgniter\CodeIgniter->run()
INFO - 2024-01-01 03:40:24 --> Session: Class initialized using 'CodeIgniter\Session\Handlers\FileHandler' driver.
CRITICAL - 2024-01-01 03:40:24 --> Trying to access array offset on value of type null
in APPPATH\Views\admin\aks\edit_aks.php on line 5.
 1 APPPATH\Views\admin\aks\edit_aks.php(5): CodeIgniter\Debug\Exceptions->errorHandler(2, 'Trying to access array offset on value of type null', 'C:\\xampp\\htdocs\\toko_music\\app\\Views\\admin\\aks\\edit_aks.php', 5)
 2 SYSTEMPATH\View\View.php(226): include('C:\\xampp\\htdocs\\toko_music\\app\\Views\\admin\\aks\\edit_aks.php')
 3 SYSTEMPATH\View\View.php(229): CodeIgniter\View\View->CodeIgniter\View\{closure}()
 4 SYSTEMPATH\Common.php(1188): CodeIgniter\View\View->render('admin/aks/edit_aks', [], true)
 5 APPPATH\Libraries\Template.php(25): view('admin/aks/edit_aks', [...])
 6 APPPATH\Controllers\Admin\Music\Aks.php(76): App\Libraries\Template::tampil_admin('admin/aks/edit_aks', [...])
 7 SYSTEMPATH\CodeIgniter.php(919): App\Controllers\Admin\Music\Aks->edit('images', 'pujungan.png')
 8 SYSTEMPATH\CodeIgniter.php(494): CodeIgniter\CodeIgniter->runController(Object(App\Controllers\Admin\Music\Aks))
 9 SYSTEMPATH\CodeIgniter.php(353): CodeIgniter\CodeIgniter->handleRequest(null, Object(Config\Cache), false)
10 FCPATH\index.php(79): CodeIgniter\CodeIgniter->run()
INFO - 2024-01-01 03:40:47 --> Session: Class initialized using 'CodeIgniter\Session\Handlers\FileHandler' driver.
INFO - 2024-01-01 03:40:47 --> Session: Class initialized using 'CodeIgniter\Session\Handlers\FileHandler' driver.
INFO - 2024-01-01 03:40:49 --> Session: Class initialized using 'CodeIgniter\Session\Handlers\FileHandler' driver.
INFO - 2024-01-01 03:40:50 --> Session: Class initialized using 'CodeIgniter\Session\Handlers\FileHandler' driver.
CRITICAL - 2024-01-01 03:40:50 --> Trying to access array offset on value of type null
in APPPATH\Views\admin\aks\edit_aks.php on line 5.
 1 APPPATH\Views\admin\aks\edit_aks.php(5): CodeIgniter\Debug\Exceptions->errorHandler(2, 'Trying to access array offset on value of type null', 'C:\\xampp\\htdocs\\toko_music\\app\\Views\\admin\\aks\\edit_aks.php', 5)
 2 SYSTEMPATH\View\View.php(226): include('C:\\xampp\\htdocs\\toko_music\\app\\Views\\admin\\aks\\edit_aks.php')
 3 SYSTEMPATH\View\View.php(229): CodeIgniter\View\View->CodeIgniter\View\{closure}()
 4 SYSTEMPATH\Common.php(1188): CodeIgniter\View\View->render('admin/aks/edit_aks', [], true)
 5 APPPATH\Libraries\Template.php(25): view('admin/aks/edit_aks', [...])
 6 APPPATH\Controllers\Admin\Music\Aks.php(76): App\Libraries\Template::tampil_admin('admin/aks/edit_aks', [...])
 7 SYSTEMPATH\CodeIgniter.php(919): App\Controllers\Admin\Music\Aks->edit('images', 'pujungan.png')
 8 SYSTEMPATH\CodeIgniter.php(494): CodeIgniter\CodeIgniter->runController(Object(App\Controllers\Admin\Music\Aks))
 9 SYSTEMPATH\CodeIgniter.php(353): CodeIgniter\CodeIgniter->handleRequest(null, Object(Config\Cache), false)
10 FCPATH\index.php(79): CodeIgniter\CodeIgniter->run()
INFO - 2024-01-01 03:40:50 --> Session: Class initialized using 'CodeIgniter\Session\Handlers\FileHandler' driver.
CRITICAL - 2024-01-01 03:40:50 --> Trying to access array offset on value of type null
in APPPATH\Views\admin\aks\edit_aks.php on line 5.
 1 APPPATH\Views\admin\aks\edit_aks.php(5): CodeIgniter\Debug\Exceptions->errorHandler(2, 'Trying to access array offset on value of type null', 'C:\\xampp\\htdocs\\toko_music\\app\\Views\\admin\\aks\\edit_aks.php', 5)
 2 SYSTEMPATH\View\View.php(226): include('C:\\xampp\\htdocs\\toko_music\\app\\Views\\admin\\aks\\edit_aks.php')
 3 SYSTEMPATH\View\View.php(229): CodeIgniter\View\View->CodeIgniter\View\{closure}()
 4 SYSTEMPATH\Common.php(1188): CodeIgniter\View\View->render('admin/aks/edit_aks', [], true)
 5 APPPATH\Libraries\Template.php(25): view('admin/aks/edit_aks', [...])
 6 APPPATH\Controllers\Admin\Music\Aks.php(76): App\Libraries\Template::tampil_admin('admin/aks/edit_aks', [...])
 7 SYSTEMPATH\CodeIgniter.php(919): App\Controllers\Admin\Music\Aks->edit('images', 'pujungan.png')
 8 SYSTEMPATH\CodeIgniter.php(494): CodeIgniter\CodeIgniter->runController(Object(App\Controllers\Admin\Music\Aks))
 9 SYSTEMPATH\CodeIgniter.php(353): CodeIgniter\CodeIgniter->handleRequest(null, Object(Config\Cache), false)
10 FCPATH\index.php(79): CodeIgniter\CodeIgniter->run()
INFO - 2024-01-01 03:40:55 --> Session: Class initialized using 'CodeIgniter\Session\Handlers\FileHandler' driver.
INFO - 2024-01-01 03:40:56 --> Session: Class initialized using 'CodeIgniter\Session\Handlers\FileHandler' driver.
INFO - 2024-01-01 03:40:58 --> Session: Class initialized using 'CodeIgniter\Session\Handlers\FileHandler' driver.
INFO - 2024-01-01 03:41:08 --> Session: Class initialized using 'CodeIgniter\Session\Handlers\FileHandler' driver.
INFO - 2024-01-01 03:41:09 --> Session: Class initialized using 'CodeIgniter\Session\Handlers\FileHandler' driver.
INFO - 2024-01-01 03:41:11 --> Session: Class initialized using 'CodeIgniter\Session\Handlers\FileHandler' driver.
INFO - 2024-01-01 03:41:23 --> Session: Class initialized using 'CodeIgniter\Session\Handlers\FileHandler' driver.
INFO - 2024-01-01 03:41:24 --> Session: Class initialized using 'CodeIgniter\Session\Handlers\FileHandler' driver.
INFO - 2024-01-01 03:41:29 --> Session: Class initialized using 'CodeIgniter\Session\Handlers\FileHandler' driver.
INFO - 2024-01-01 03:41:38 --> Session: Class initialized using 'CodeIgniter\Session\Handlers\FileHandler' driver.
INFO - 2024-01-01 03:41:39 --> Session: Class initialized using 'CodeIgniter\Session\Handlers\FileHandler' driver.
INFO - 2024-01-01 03:41:50 --> Session: Class initialized using 'CodeIgniter\Session\Handlers\FileHandler' driver.
INFO - 2024-01-01 03:42:00 --> Session: Class initialized using 'CodeIgniter\Session\Handlers\FileHandler' driver.
INFO - 2024-01-01 03:42:00 --> Session: Class initialized using 'CodeIgniter\Session\Handlers\FileHandler' driver.
INFO - 2024-01-01 03:42:03 --> Session: Class initialized using 'CodeIgniter\Session\Handlers\FileHandler' driver.
INFO - 2024-01-01 03:42:11 --> Session: Class initialized using 'CodeIgniter\Session\Handlers\FileHandler' driver.
INFO - 2024-01-01 03:42:11 --> Session: Class initialized using 'CodeIgniter\Session\Handlers\FileHandler' driver.
INFO - 2024-01-01 03:42:17 --> Session: Class initialized using 'CodeIgniter\Session\Handlers\FileHandler' driver.
INFO - 2024-01-01 03:42:17 --> Session: Class initialized using 'CodeIgniter\Session\Handlers\FileHandler' driver.
INFO - 2024-01-01 03:43:48 --> Session: Class initialized using 'CodeIgniter\Session\Handlers\FileHandler' driver.
INFO - 2024-01-01 03:43:51 --> Session: Class initialized using 'CodeIgniter\Session\Handlers\FileHandler' driver.
INFO - 2024-01-01 03:43:52 --> Session: Class initialized using 'CodeIgniter\Session\Handlers\FileHandler' driver.
CRITICAL - 2024-01-01 03:43:52 --> Trying to access array offset on value of type null
in APPPATH\Views\admin\gitar\edit_gitar.php on line 5.
 1 APPPATH\Views\admin\gitar\edit_gitar.php(5): CodeIgniter\Debug\Exceptions->errorHandler(2, 'Trying to access array offset on value of type null', 'C:\\xampp\\htdocs\\toko_music\\app\\Views\\admin\\gitar\\edit_gitar.php', 5)
 2 SYSTEMPATH\View\View.php(226): include('C:\\xampp\\htdocs\\toko_music\\app\\Views\\admin\\gitar\\edit_gitar.php')
 3 SYSTEMPATH\View\View.php(229): CodeIgniter\View\View->CodeIgniter\View\{closure}()
 4 SYSTEMPATH\Common.php(1188): CodeIgniter\View\View->render('admin/gitar/edit_gitar', [], true)
 5 APPPATH\Libraries\Template.php(25): view('admin/gitar/edit_gitar', [...])
 6 APPPATH\Controllers\Admin\Music\Gitar.php(75): App\Libraries\Template::tampil_admin('admin/gitar/edit_gitar', [...])
 7 SYSTEMPATH\CodeIgniter.php(919): App\Controllers\Admin\Music\Gitar->edit('images', 'pujungan.png')
 8 SYSTEMPATH\CodeIgniter.php(494): CodeIgniter\CodeIgniter->runController(Object(App\Controllers\Admin\Music\Gitar))
 9 SYSTEMPATH\CodeIgniter.php(353): CodeIgniter\CodeIgniter->handleRequest(null, Object(Config\Cache), false)
10 FCPATH\index.php(79): CodeIgniter\CodeIgniter->run()
INFO - 2024-01-01 03:43:52 --> Session: Class initialized using 'CodeIgniter\Session\Handlers\FileHandler' driver.
CRITICAL - 2024-01-01 03:43:52 --> Trying to access array offset on value of type null
in APPPATH\Views\admin\gitar\edit_gitar.php on line 5.
 1 APPPATH\Views\admin\gitar\edit_gitar.php(5): CodeIgniter\Debug\Exceptions->errorHandler(2, 'Trying to access array offset on value of type null', 'C:\\xampp\\htdocs\\toko_music\\app\\Views\\admin\\gitar\\edit_gitar.php', 5)
 2 SYSTEMPATH\View\View.php(226): include('C:\\xampp\\htdocs\\toko_music\\app\\Views\\admin\\gitar\\edit_gitar.php')
 3 SYSTEMPATH\View\View.php(229): CodeIgniter\View\View->CodeIgniter\View\{closure}()
 4 SYSTEMPATH\Common.php(1188): CodeIgniter\View\View->render('admin/gitar/edit_gitar', [], true)
 5 APPPATH\Libraries\Template.php(25): view('admin/gitar/edit_gitar', [...])
 6 APPPATH\Controllers\Admin\Music\Gitar.php(75): App\Libraries\Template::tampil_admin('admin/gitar/edit_gitar', [...])
 7 SYSTEMPATH\CodeIgniter.php(919): App\Controllers\Admin\Music\Gitar->edit('images', 'pujungan.png')
 8 SYSTEMPATH\CodeIgniter.php(494): CodeIgniter\CodeIgniter->runController(Object(App\Controllers\Admin\Music\Gitar))
 9 SYSTEMPATH\CodeIgniter.php(353): CodeIgniter\CodeIgniter->handleRequest(null, Object(Config\Cache), false)
10 FCPATH\index.php(79): CodeIgniter\CodeIgniter->run()
INFO - 2024-01-01 03:43:57 --> Session: Class initialized using 'CodeIgniter\Session\Handlers\FileHandler' driver.
INFO - 2024-01-01 03:43:59 --> Session: Class initialized using 'CodeIgniter\Session\Handlers\FileHandler' driver.
INFO - 2024-01-01 03:44:00 --> Session: Class initialized using 'CodeIgniter\Session\Handlers\FileHandler' driver.
INFO - 2024-01-01 03:44:01 --> Session: Class initialized using 'CodeIgniter\Session\Handlers\FileHandler' driver.
INFO - 2024-01-01 03:44:03 --> Session: Class initialized using 'CodeIgniter\Session\Handlers\FileHandler' driver.
INFO - 2024-01-01 03:44:06 --> Session: Class initialized using 'CodeIgniter\Session\Handlers\FileHandler' driver.
INFO - 2024-01-01 03:44:07 --> Session: Class initialized using 'CodeIgniter\Session\Handlers\FileHandler' driver.
CRITICAL - 2024-01-01 03:44:07 --> Trying to access array offset on value of type null
in APPPATH\Views\admin\aks\edit_aks.php on line 5.
 1 APPPATH\Views\admin\aks\edit_aks.php(5): CodeIgniter\Debug\Exceptions->errorHandler(2, 'Trying to access array offset on value of type null', 'C:\\xampp\\htdocs\\toko_music\\app\\Views\\admin\\aks\\edit_aks.php', 5)
 2 SYSTEMPATH\View\View.php(226): include('C:\\xampp\\htdocs\\toko_music\\app\\Views\\admin\\aks\\edit_aks.php')
 3 SYSTEMPATH\View\View.php(229): CodeIgniter\View\View->CodeIgniter\View\{closure}()
 4 SYSTEMPATH\Common.php(1188): CodeIgniter\View\View->render('admin/aks/edit_aks', [], true)
 5 APPPATH\Libraries\Template.php(25): view('admin/aks/edit_aks', [...])
 6 APPPATH\Controllers\Admin\Music\Aks.php(76): App\Libraries\Template::tampil_admin('admin/aks/edit_aks', [...])
 7 SYSTEMPATH\CodeIgniter.php(919): App\Controllers\Admin\Music\Aks->edit('images', 'pujungan.png')
 8 SYSTEMPATH\CodeIgniter.php(494): CodeIgniter\CodeIgniter->runController(Object(App\Controllers\Admin\Music\Aks))
 9 SYSTEMPATH\CodeIgniter.php(353): CodeIgniter\CodeIgniter->handleRequest(null, Object(Config\Cache), false)
10 FCPATH\index.php(79): CodeIgniter\CodeIgniter->run()
INFO - 2024-01-01 03:44:07 --> Session: Class initialized using 'CodeIgniter\Session\Handlers\FileHandler' driver.
CRITICAL - 2024-01-01 03:44:07 --> Trying to access array offset on value of type null
in APPPATH\Views\admin\aks\edit_aks.php on line 5.
 1 APPPATH\Views\admin\aks\edit_aks.php(5): CodeIgniter\Debug\Exceptions->errorHandler(2, 'Trying to access array offset on value of type null', 'C:\\xampp\\htdocs\\toko_music\\app\\Views\\admin\\aks\\edit_aks.php', 5)
 2 SYSTEMPATH\View\View.php(226): include('C:\\xampp\\htdocs\\toko_music\\app\\Views\\admin\\aks\\edit_aks.php')
 3 SYSTEMPATH\View\View.php(229): CodeIgniter\View\View->CodeIgniter\View\{closure}()
 4 SYSTEMPATH\Common.php(1188): CodeIgniter\View\View->render('admin/aks/edit_aks', [], true)
 5 APPPATH\Libraries\Template.php(25): view('admin/aks/edit_aks', [...])
 6 APPPATH\Controllers\Admin\Music\Aks.php(76): App\Libraries\Template::tampil_admin('admin/aks/edit_aks', [...])
 7 SYSTEMPATH\CodeIgniter.php(919): App\Controllers\Admin\Music\Aks->edit('images', 'pujungan.png')
 8 SYSTEMPATH\CodeIgniter.php(494): CodeIgniter\CodeIgniter->runController(Object(App\Controllers\Admin\Music\Aks))
 9 SYSTEMPATH\CodeIgniter.php(353): CodeIgniter\CodeIgniter->handleRequest(null, Object(Config\Cache), false)
10 FCPATH\index.php(79): CodeIgniter\CodeIgniter->run()
INFO - 2024-01-01 03:44:44 --> Session: Class initialized using 'CodeIgniter\Session\Handlers\FileHandler' driver.
INFO - 2024-01-01 03:44:45 --> Session: Class initialized using 'CodeIgniter\Session\Handlers\FileHandler' driver.
INFO - 2024-01-01 03:44:50 --> Session: Class initialized using 'CodeIgniter\Session\Handlers\FileHandler' driver.
INFO - 2024-01-01 03:44:50 --> Session: Class initialized using 'CodeIgniter\Session\Handlers\FileHandler' driver.
CRITICAL - 2024-01-01 03:44:50 --> Trying to access array offset on value of type null
in APPPATH\Views\admin\aks\edit_aks.php on line 5.
 1 APPPATH\Views\admin\aks\edit_aks.php(5): CodeIgniter\Debug\Exceptions->errorHandler(2, 'Trying to access array offset on value of type null', 'C:\\xampp\\htdocs\\toko_music\\app\\Views\\admin\\aks\\edit_aks.php', 5)
 2 SYSTEMPATH\View\View.php(226): include('C:\\xampp\\htdocs\\toko_music\\app\\Views\\admin\\aks\\edit_aks.php')
 3 SYSTEMPATH\View\View.php(229): CodeIgniter\View\View->CodeIgniter\View\{closure}()
 4 SYSTEMPATH\Common.php(1188): CodeIgniter\View\View->render('admin/aks/edit_aks', [], true)
 5 APPPATH\Libraries\Template.php(25): view('admin/aks/edit_aks', [...])
 6 APPPATH\Controllers\Admin\Music\Aks.php(76): App\Libraries\Template::tampil_admin('admin/aks/edit_aks', [...])
 7 SYSTEMPATH\CodeIgniter.php(919): App\Controllers\Admin\Music\Aks->edit('images', 'pujungan.png')
 8 SYSTEMPATH\CodeIgniter.php(494): CodeIgniter\CodeIgniter->runController(Object(App\Controllers\Admin\Music\Aks))
 9 SYSTEMPATH\CodeIgniter.php(353): CodeIgniter\CodeIgniter->handleRequest(null, Object(Config\Cache), false)
10 FCPATH\index.php(79): CodeIgniter\CodeIgniter->run()
INFO - 2024-01-01 03:44:50 --> Session: Class initialized using 'CodeIgniter\Session\Handlers\FileHandler' driver.
CRITICAL - 2024-01-01 03:44:50 --> Trying to access array offset on value of type null
in APPPATH\Views\admin\aks\edit_aks.php on line 5.
 1 APPPATH\Views\admin\aks\edit_aks.php(5): CodeIgniter\Debug\Exceptions->errorHandler(2, 'Trying to access array offset on value of type null', 'C:\\xampp\\htdocs\\toko_music\\app\\Views\\admin\\aks\\edit_aks.php', 5)
 2 SYSTEMPATH\View\View.php(226): include('C:\\xampp\\htdocs\\toko_music\\app\\Views\\admin\\aks\\edit_aks.php')
 3 SYSTEMPATH\View\View.php(229): CodeIgniter\View\View->CodeIgniter\View\{closure}()
 4 SYSTEMPATH\Common.php(1188): CodeIgniter\View\View->render('admin/aks/edit_aks', [], true)
 5 APPPATH\Libraries\Template.php(25): view('admin/aks/edit_aks', [...])
 6 APPPATH\Controllers\Admin\Music\Aks.php(76): App\Libraries\Template::tampil_admin('admin/aks/edit_aks', [...])
 7 SYSTEMPATH\CodeIgniter.php(919): App\Controllers\Admin\Music\Aks->edit('images', 'pujungan.png')
 8 SYSTEMPATH\CodeIgniter.php(494): CodeIgniter\CodeIgniter->runController(Object(App\Controllers\Admin\Music\Aks))
 9 SYSTEMPATH\CodeIgniter.php(353): CodeIgniter\CodeIgniter->handleRequest(null, Object(Config\Cache), false)
10 FCPATH\index.php(79): CodeIgniter\CodeIgniter->run()
INFO - 2024-01-01 03:45:23 --> Session: Class initialized using 'CodeIgniter\Session\Handlers\FileHandler' driver.
INFO - 2024-01-01 03:45:24 --> Session: Class initialized using 'CodeIgniter\Session\Handlers\FileHandler' driver.
INFO - 2024-01-01 03:45:28 --> Session: Class initialized using 'CodeIgniter\Session\Handlers\FileHandler' driver.
INFO - 2024-01-01 03:45:28 --> Session: Class initialized using 'CodeIgniter\Session\Handlers\FileHandler' driver.
CRITICAL - 2024-01-01 03:45:28 --> Trying to access array offset on value of type null
in APPPATH\Views\admin\aks\edit_aks.php on line 5.
 1 APPPATH\Views\admin\aks\edit_aks.php(5): CodeIgniter\Debug\Exceptions->errorHandler(2, 'Trying to access array offset on value of type null', 'C:\\xampp\\htdocs\\toko_music\\app\\Views\\admin\\aks\\edit_aks.php', 5)
 2 SYSTEMPATH\View\View.php(226): include('C:\\xampp\\htdocs\\toko_music\\app\\Views\\admin\\aks\\edit_aks.php')
 3 SYSTEMPATH\View\View.php(229): CodeIgniter\View\View->CodeIgniter\View\{closure}()
 4 SYSTEMPATH\Common.php(1188): CodeIgniter\View\View->render('admin/aks/edit_aks', [], true)
 5 APPPATH\Libraries\Template.php(25): view('admin/aks/edit_aks', [...])
 6 APPPATH\Controllers\Admin\Music\Aks.php(76): App\Libraries\Template::tampil_admin('admin/aks/edit_aks', [...])
 7 SYSTEMPATH\CodeIgniter.php(919): App\Controllers\Admin\Music\Aks->edit('images', 'pujungan.png')
 8 SYSTEMPATH\CodeIgniter.php(494): CodeIgniter\CodeIgniter->runController(Object(App\Controllers\Admin\Music\Aks))
 9 SYSTEMPATH\CodeIgniter.php(353): CodeIgniter\CodeIgniter->handleRequest(null, Object(Config\Cache), false)
10 FCPATH\index.php(79): CodeIgniter\CodeIgniter->run()
INFO - 2024-01-01 03:45:29 --> Session: Class initialized using 'CodeIgniter\Session\Handlers\FileHandler' driver.
CRITICAL - 2024-01-01 03:45:29 --> Trying to access array offset on value of type null
in APPPATH\Views\admin\aks\edit_aks.php on line 5.
 1 APPPATH\Views\admin\aks\edit_aks.php(5): CodeIgniter\Debug\Exceptions->errorHandler(2, 'Trying to access array offset on value of type null', 'C:\\xampp\\htdocs\\toko_music\\app\\Views\\admin\\aks\\edit_aks.php', 5)
 2 SYSTEMPATH\View\View.php(226): include('C:\\xampp\\htdocs\\toko_music\\app\\Views\\admin\\aks\\edit_aks.php')
 3 SYSTEMPATH\View\View.php(229): CodeIgniter\View\View->CodeIgniter\View\{closure}()
 4 SYSTEMPATH\Common.php(1188): CodeIgniter\View\View->render('admin/aks/edit_aks', [], true)
 5 APPPATH\Libraries\Template.php(25): view('admin/aks/edit_aks', [...])
 6 APPPATH\Controllers\Admin\Music\Aks.php(76): App\Libraries\Template::tampil_admin('admin/aks/edit_aks', [...])
 7 SYSTEMPATH\CodeIgniter.php(919): App\Controllers\Admin\Music\Aks->edit('images', 'pujungan.png')
 8 SYSTEMPATH\CodeIgniter.php(494): CodeIgniter\CodeIgniter->runController(Object(App\Controllers\Admin\Music\Aks))
 9 SYSTEMPATH\CodeIgniter.php(353): CodeIgniter\CodeIgniter->handleRequest(null, Object(Config\Cache), false)
10 FCPATH\index.php(79): CodeIgniter\CodeIgniter->run()
INFO - 2024-01-01 03:45:58 --> Session: Class initialized using 'CodeIgniter\Session\Handlers\FileHandler' driver.
INFO - 2024-01-01 03:45:59 --> Session: Class initialized using 'CodeIgniter\Session\Handlers\FileHandler' driver.
INFO - 2024-01-01 03:46:04 --> Session: Class initialized using 'CodeIgniter\Session\Handlers\FileHandler' driver.
INFO - 2024-01-01 03:46:05 --> Session: Class initialized using 'CodeIgniter\Session\Handlers\FileHandler' driver.
CRITICAL - 2024-01-01 03:46:05 --> Trying to access array offset on value of type null
in APPPATH\Views\admin\aks\edit_aks.php on line 5.
 1 APPPATH\Views\admin\aks\edit_aks.php(5): CodeIgniter\Debug\Exceptions->errorHandler(2, 'Trying to access array offset on value of type null', 'C:\\xampp\\htdocs\\toko_music\\app\\Views\\admin\\aks\\edit_aks.php', 5)
 2 SYSTEMPATH\View\View.php(226): include('C:\\xampp\\htdocs\\toko_music\\app\\Views\\admin\\aks\\edit_aks.php')
 3 SYSTEMPATH\View\View.php(229): CodeIgniter\View\View->CodeIgniter\View\{closure}()
 4 SYSTEMPATH\Common.php(1188): CodeIgniter\View\View->render('admin/aks/edit_aks', [], true)
 5 APPPATH\Libraries\Template.php(25): view('admin/aks/edit_aks', [...])
 6 APPPATH\Controllers\Admin\Music\Aks.php(76): App\Libraries\Template::tampil_admin('admin/aks/edit_aks', [...])
 7 SYSTEMPATH\CodeIgniter.php(919): App\Controllers\Admin\Music\Aks->edit('images', 'pujungan.png')
 8 SYSTEMPATH\CodeIgniter.php(494): CodeIgniter\CodeIgniter->runController(Object(App\Controllers\Admin\Music\Aks))
 9 SYSTEMPATH\CodeIgniter.php(353): CodeIgniter\CodeIgniter->handleRequest(null, Object(Config\Cache), false)
10 FCPATH\index.php(79): CodeIgniter\CodeIgniter->run()
INFO - 2024-01-01 03:46:05 --> Session: Class initialized using 'CodeIgniter\Session\Handlers\FileHandler' driver.
CRITICAL - 2024-01-01 03:46:05 --> Trying to access array offset on value of type null
in APPPATH\Views\admin\aks\edit_aks.php on line 5.
 1 APPPATH\Views\admin\aks\edit_aks.php(5): CodeIgniter\Debug\Exceptions->errorHandler(2, 'Trying to access array offset on value of type null', 'C:\\xampp\\htdocs\\toko_music\\app\\Views\\admin\\aks\\edit_aks.php', 5)
 2 SYSTEMPATH\View\View.php(226): include('C:\\xampp\\htdocs\\toko_music\\app\\Views\\admin\\aks\\edit_aks.php')
 3 SYSTEMPATH\View\View.php(229): CodeIgniter\View\View->CodeIgniter\View\{closure}()
 4 SYSTEMPATH\Common.php(1188): CodeIgniter\View\View->render('admin/aks/edit_aks', [], true)
 5 APPPATH\Libraries\Template.php(25): view('admin/aks/edit_aks', [...])
 6 APPPATH\Controllers\Admin\Music\Aks.php(76): App\Libraries\Template::tampil_admin('admin/aks/edit_aks', [...])
 7 SYSTEMPATH\CodeIgniter.php(919): App\Controllers\Admin\Music\Aks->edit('images', 'pujungan.png')
 8 SYSTEMPATH\CodeIgniter.php(494): CodeIgniter\CodeIgniter->runController(Object(App\Controllers\Admin\Music\Aks))
 9 SYSTEMPATH\CodeIgniter.php(353): CodeIgniter\CodeIgniter->handleRequest(null, Object(Config\Cache), false)
10 FCPATH\index.php(79): CodeIgniter\CodeIgniter->run()
INFO - 2024-01-01 03:46:45 --> Session: Class initialized using 'CodeIgniter\Session\Handlers\FileHandler' driver.
INFO - 2024-01-01 03:46:45 --> Session: Class initialized using 'CodeIgniter\Session\Handlers\FileHandler' driver.
INFO - 2024-01-01 03:46:55 --> Session: Class initialized using 'CodeIgniter\Session\Handlers\FileHandler' driver.
INFO - 2024-01-01 03:46:55 --> Session: Class initialized using 'CodeIgniter\Session\Handlers\FileHandler' driver.
CRITICAL - 2024-01-01 03:46:55 --> Trying to access array offset on value of type null
in APPPATH\Views\admin\aks\edit_aks.php on line 5.
 1 APPPATH\Views\admin\aks\edit_aks.php(5): CodeIgniter\Debug\Exceptions->errorHandler(2, 'Trying to access array offset on value of type null', 'C:\\xampp\\htdocs\\toko_music\\app\\Views\\admin\\aks\\edit_aks.php', 5)
 2 SYSTEMPATH\View\View.php(226): include('C:\\xampp\\htdocs\\toko_music\\app\\Views\\admin\\aks\\edit_aks.php')
 3 SYSTEMPATH\View\View.php(229): CodeIgniter\View\View->CodeIgniter\View\{closure}()
 4 SYSTEMPATH\Common.php(1188): CodeIgniter\View\View->render('admin/aks/edit_aks', [], true)
 5 APPPATH\Libraries\Template.php(25): view('admin/aks/edit_aks', [...])
 6 APPPATH\Controllers\Admin\Music\Aks.php(76): App\Libraries\Template::tampil_admin('admin/aks/edit_aks', [...])
 7 SYSTEMPATH\CodeIgniter.php(919): App\Controllers\Admin\Music\Aks->edit('images', 'pujungan.png')
 8 SYSTEMPATH\CodeIgniter.php(494): CodeIgniter\CodeIgniter->runController(Object(App\Controllers\Admin\Music\Aks))
 9 SYSTEMPATH\CodeIgniter.php(353): CodeIgniter\CodeIgniter->handleRequest(null, Object(Config\Cache), false)
10 FCPATH\index.php(79): CodeIgniter\CodeIgniter->run()
INFO - 2024-01-01 03:46:56 --> Session: Class initialized using 'CodeIgniter\Session\Handlers\FileHandler' driver.
CRITICAL - 2024-01-01 03:46:56 --> Trying to access array offset on value of type null
in APPPATH\Views\admin\aks\edit_aks.php on line 5.
 1 APPPATH\Views\admin\aks\edit_aks.php(5): CodeIgniter\Debug\Exceptions->errorHandler(2, 'Trying to access array offset on value of type null', 'C:\\xampp\\htdocs\\toko_music\\app\\Views\\admin\\aks\\edit_aks.php', 5)
 2 SYSTEMPATH\View\View.php(226): include('C:\\xampp\\htdocs\\toko_music\\app\\Views\\admin\\aks\\edit_aks.php')
 3 SYSTEMPATH\View\View.php(229): CodeIgniter\View\View->CodeIgniter\View\{closure}()
 4 SYSTEMPATH\Common.php(1188): CodeIgniter\View\View->render('admin/aks/edit_aks', [], true)
 5 APPPATH\Libraries\Template.php(25): view('admin/aks/edit_aks', [...])
 6 APPPATH\Controllers\Admin\Music\Aks.php(76): App\Libraries\Template::tampil_admin('admin/aks/edit_aks', [...])
 7 SYSTEMPATH\CodeIgniter.php(919): App\Controllers\Admin\Music\Aks->edit('images', 'pujungan.png')
 8 SYSTEMPATH\CodeIgniter.php(494): CodeIgniter\CodeIgniter->runController(Object(App\Controllers\Admin\Music\Aks))
 9 SYSTEMPATH\CodeIgniter.php(353): CodeIgniter\CodeIgniter->handleRequest(null, Object(Config\Cache), false)
10 FCPATH\index.php(79): CodeIgniter\CodeIgniter->run()
INFO - 2024-01-01 03:47:26 --> Session: Class initialized using 'CodeIgniter\Session\Handlers\FileHandler' driver.
INFO - 2024-01-01 03:47:26 --> Session: Class initialized using 'CodeIgniter\Session\Handlers\FileHandler' driver.
INFO - 2024-01-01 03:47:34 --> Session: Class initialized using 'CodeIgniter\Session\Handlers\FileHandler' driver.
INFO - 2024-01-01 03:47:35 --> Session: Class initialized using 'CodeIgniter\Session\Handlers\FileHandler' driver.
CRITICAL - 2024-01-01 03:47:35 --> Trying to access array offset on value of type null
in APPPATH\Views\admin\aks\edit_aks.php on line 5.
 1 APPPATH\Views\admin\aks\edit_aks.php(5): CodeIgniter\Debug\Exceptions->errorHandler(2, 'Trying to access array offset on value of type null', 'C:\\xampp\\htdocs\\toko_music\\app\\Views\\admin\\aks\\edit_aks.php', 5)
 2 SYSTEMPATH\View\View.php(226): include('C:\\xampp\\htdocs\\toko_music\\app\\Views\\admin\\aks\\edit_aks.php')
 3 SYSTEMPATH\View\View.php(229): CodeIgniter\View\View->CodeIgniter\View\{closure}()
 4 SYSTEMPATH\Common.php(1188): CodeIgniter\View\View->render('admin/aks/edit_aks', [], true)
 5 APPPATH\Libraries\Template.php(25): view('admin/aks/edit_aks', [...])
 6 APPPATH\Controllers\Admin\Music\Aks.php(76): App\Libraries\Template::tampil_admin('admin/aks/edit_aks', [...])
 7 SYSTEMPATH\CodeIgniter.php(919): App\Controllers\Admin\Music\Aks->edit('images', 'pujungan.png')
 8 SYSTEMPATH\CodeIgniter.php(494): CodeIgniter\CodeIgniter->runController(Object(App\Controllers\Admin\Music\Aks))
 9 SYSTEMPATH\CodeIgniter.php(353): CodeIgniter\CodeIgniter->handleRequest(null, Object(Config\Cache), false)
10 FCPATH\index.php(79): CodeIgniter\CodeIgniter->run()
INFO - 2024-01-01 03:47:35 --> Session: Class initialized using 'CodeIgniter\Session\Handlers\FileHandler' driver.
CRITICAL - 2024-01-01 03:47:35 --> Trying to access array offset on value of type null
in APPPATH\Views\admin\aks\edit_aks.php on line 5.
 1 APPPATH\Views\admin\aks\edit_aks.php(5): CodeIgniter\Debug\Exceptions->errorHandler(2, 'Trying to access array offset on value of type null', 'C:\\xampp\\htdocs\\toko_music\\app\\Views\\admin\\aks\\edit_aks.php', 5)
 2 SYSTEMPATH\View\View.php(226): include('C:\\xampp\\htdocs\\toko_music\\app\\Views\\admin\\aks\\edit_aks.php')
 3 SYSTEMPATH\View\View.php(229): CodeIgniter\View\View->CodeIgniter\View\{closure}()
 4 SYSTEMPATH\Common.php(1188): CodeIgniter\View\View->render('admin/aks/edit_aks', [], true)
 5 APPPATH\Libraries\Template.php(25): view('admin/aks/edit_aks', [...])
 6 APPPATH\Controllers\Admin\Music\Aks.php(76): App\Libraries\Template::tampil_admin('admin/aks/edit_aks', [...])
 7 SYSTEMPATH\CodeIgniter.php(919): App\Controllers\Admin\Music\Aks->edit('images', 'pujungan.png')
 8 SYSTEMPATH\CodeIgniter.php(494): CodeIgniter\CodeIgniter->runController(Object(App\Controllers\Admin\Music\Aks))
 9 SYSTEMPATH\CodeIgniter.php(353): CodeIgniter\CodeIgniter->handleRequest(null, Object(Config\Cache), false)
10 FCPATH\index.php(79): CodeIgniter\CodeIgniter->run()
INFO - 2024-01-01 03:49:23 --> Session: Class initialized using 'CodeIgniter\Session\Handlers\FileHandler' driver.
INFO - 2024-01-01 03:49:24 --> Session: Class initialized using 'CodeIgniter\Session\Handlers\FileHandler' driver.
INFO - 2024-01-01 03:49:29 --> Session: Class initialized using 'CodeIgniter\Session\Handlers\FileHandler' driver.
INFO - 2024-01-01 03:49:30 --> Session: Class initialized using 'CodeIgniter\Session\Handlers\FileHandler' driver.
CRITICAL - 2024-01-01 03:49:30 --> Trying to access array offset on value of type null
in APPPATH\Views\admin\aks\edit_aks.php on line 5.
 1 APPPATH\Views\admin\aks\edit_aks.php(5): CodeIgniter\Debug\Exceptions->errorHandler(2, 'Trying to access array offset on value of type null', 'C:\\xampp\\htdocs\\toko_music\\app\\Views\\admin\\aks\\edit_aks.php', 5)
 2 SYSTEMPATH\View\View.php(226): include('C:\\xampp\\htdocs\\toko_music\\app\\Views\\admin\\aks\\edit_aks.php')
 3 SYSTEMPATH\View\View.php(229): CodeIgniter\View\View->CodeIgniter\View\{closure}()
 4 SYSTEMPATH\Common.php(1188): CodeIgniter\View\View->render('admin/aks/edit_aks', [], true)
 5 APPPATH\Libraries\Template.php(25): view('admin/aks/edit_aks', [...])
 6 APPPATH\Controllers\Admin\Music\Aks.php(76): App\Libraries\Template::tampil_admin('admin/aks/edit_aks', [...])
 7 SYSTEMPATH\CodeIgniter.php(919): App\Controllers\Admin\Music\Aks->edit('images', 'pujungan.png')
 8 SYSTEMPATH\CodeIgniter.php(494): CodeIgniter\CodeIgniter->runController(Object(App\Controllers\Admin\Music\Aks))
 9 SYSTEMPATH\CodeIgniter.php(353): CodeIgniter\CodeIgniter->handleRequest(null, Object(Config\Cache), false)
10 FCPATH\index.php(79): CodeIgniter\CodeIgniter->run()
INFO - 2024-01-01 03:49:30 --> Session: Class initialized using 'CodeIgniter\Session\Handlers\FileHandler' driver.
CRITICAL - 2024-01-01 03:49:30 --> Trying to access array offset on value of type null
in APPPATH\Views\admin\aks\edit_aks.php on line 5.
 1 APPPATH\Views\admin\aks\edit_aks.php(5): CodeIgniter\Debug\Exceptions->errorHandler(2, 'Trying to access array offset on value of type null', 'C:\\xampp\\htdocs\\toko_music\\app\\Views\\admin\\aks\\edit_aks.php', 5)
 2 SYSTEMPATH\View\View.php(226): include('C:\\xampp\\htdocs\\toko_music\\app\\Views\\admin\\aks\\edit_aks.php')
 3 SYSTEMPATH\View\View.php(229): CodeIgniter\View\View->CodeIgniter\View\{closure}()
 4 SYSTEMPATH\Common.php(1188): CodeIgniter\View\View->render('admin/aks/edit_aks', [], true)
 5 APPPATH\Libraries\Template.php(25): view('admin/aks/edit_aks', [...])
 6 APPPATH\Controllers\Admin\Music\Aks.php(76): App\Libraries\Template::tampil_admin('admin/aks/edit_aks', [...])
 7 SYSTEMPATH\CodeIgniter.php(919): App\Controllers\Admin\Music\Aks->edit('images', 'pujungan.png')
 8 SYSTEMPATH\CodeIgniter.php(494): CodeIgniter\CodeIgniter->runController(Object(App\Controllers\Admin\Music\Aks))
 9 SYSTEMPATH\CodeIgniter.php(353): CodeIgniter\CodeIgniter->handleRequest(null, Object(Config\Cache), false)
10 FCPATH\index.php(79): CodeIgniter\CodeIgniter->run()
INFO - 2024-01-01 03:49:36 --> Session: Class initialized using 'CodeIgniter\Session\Handlers\FileHandler' driver.
INFO - 2024-01-01 03:49:39 --> Session: Class initialized using 'CodeIgniter\Session\Handlers\FileHandler' driver.
INFO - 2024-01-01 03:49:39 --> Session: Class initialized using 'CodeIgniter\Session\Handlers\FileHandler' driver.
INFO - 2024-01-01 03:49:43 --> Session: Class initialized using 'CodeIgniter\Session\Handlers\FileHandler' driver.
INFO - 2024-01-01 03:49:44 --> Session: Class initialized using 'CodeIgniter\Session\Handlers\FileHandler' driver.
CRITICAL - 2024-01-01 03:49:44 --> Trying to access array offset on value of type null
in APPPATH\Views\admin\aks\edit_aks.php on line 5.
 1 APPPATH\Views\admin\aks\edit_aks.php(5): CodeIgniter\Debug\Exceptions->errorHandler(2, 'Trying to access array offset on value of type null', 'C:\\xampp\\htdocs\\toko_music\\app\\Views\\admin\\aks\\edit_aks.php', 5)
 2 SYSTEMPATH\View\View.php(226): include('C:\\xampp\\htdocs\\toko_music\\app\\Views\\admin\\aks\\edit_aks.php')
 3 SYSTEMPATH\View\View.php(229): CodeIgniter\View\View->CodeIgniter\View\{closure}()
 4 SYSTEMPATH\Common.php(1188): CodeIgniter\View\View->render('admin/aks/edit_aks', [], true)
 5 APPPATH\Libraries\Template.php(25): view('admin/aks/edit_aks', [...])
 6 APPPATH\Controllers\Admin\Music\Aks.php(76): App\Libraries\Template::tampil_admin('admin/aks/edit_aks', [...])
 7 SYSTEMPATH\CodeIgniter.php(919): App\Controllers\Admin\Music\Aks->edit('images', 'pujungan.png')
 8 SYSTEMPATH\CodeIgniter.php(494): CodeIgniter\CodeIgniter->runController(Object(App\Controllers\Admin\Music\Aks))
 9 SYSTEMPATH\CodeIgniter.php(353): CodeIgniter\CodeIgniter->handleRequest(null, Object(Config\Cache), false)
10 FCPATH\index.php(79): CodeIgniter\CodeIgniter->run()
INFO - 2024-01-01 03:49:44 --> Session: Class initialized using 'CodeIgniter\Session\Handlers\FileHandler' driver.
CRITICAL - 2024-01-01 03:49:44 --> Trying to access array offset on value of type null
in APPPATH\Views\admin\aks\edit_aks.php on line 5.
 1 APPPATH\Views\admin\aks\edit_aks.php(5): CodeIgniter\Debug\Exceptions->errorHandler(2, 'Trying to access array offset on value of type null', 'C:\\xampp\\htdocs\\toko_music\\app\\Views\\admin\\aks\\edit_aks.php', 5)
 2 SYSTEMPATH\View\View.php(226): include('C:\\xampp\\htdocs\\toko_music\\app\\Views\\admin\\aks\\edit_aks.php')
 3 SYSTEMPATH\View\View.php(229): CodeIgniter\View\View->CodeIgniter\View\{closure}()
 4 SYSTEMPATH\Common.php(1188): CodeIgniter\View\View->render('admin/aks/edit_aks', [], true)
 5 APPPATH\Libraries\Template.php(25): view('admin/aks/edit_aks', [...])
 6 APPPATH\Controllers\Admin\Music\Aks.php(76): App\Libraries\Template::tampil_admin('admin/aks/edit_aks', [...])
 7 SYSTEMPATH\CodeIgniter.php(919): App\Controllers\Admin\Music\Aks->edit('images', 'pujungan.png')
 8 SYSTEMPATH\CodeIgniter.php(494): CodeIgniter\CodeIgniter->runController(Object(App\Controllers\Admin\Music\Aks))
 9 SYSTEMPATH\CodeIgniter.php(353): CodeIgniter\CodeIgniter->handleRequest(null, Object(Config\Cache), false)
10 FCPATH\index.php(79): CodeIgniter\CodeIgniter->run()
INFO - 2024-01-01 03:50:23 --> Session: Class initialized using 'CodeIgniter\Session\Handlers\FileHandler' driver.
INFO - 2024-01-01 03:50:23 --> Session: Class initialized using 'CodeIgniter\Session\Handlers\FileHandler' driver.
INFO - 2024-01-01 04:12:22 --> Session: Class initialized using 'CodeIgniter\Session\Handlers\FileHandler' driver.
INFO - 2024-01-01 04:12:22 --> Session: Class initialized using 'CodeIgniter\Session\Handlers\FileHandler' driver.
INFO - 2024-01-01 04:36:20 --> Session: Class initialized using 'CodeIgniter\Session\Handlers\FileHandler' driver.
INFO - 2024-01-01 04:36:22 --> Session: Class initialized using 'CodeIgniter\Session\Handlers\FileHandler' driver.
INFO - 2024-01-01 04:38:26 --> Session: Class initialized using 'CodeIgniter\Session\Handlers\FileHandler' driver.
INFO - 2024-01-01 04:38:29 --> Session: Class initialized using 'CodeIgniter\Session\Handlers\FileHandler' driver.
INFO - 2024-01-01 04:38:29 --> Session: Class initialized using 'CodeIgniter\Session\Handlers\FileHandler' driver.
INFO - 2024-01-01 04:52:18 --> Session: Class initialized using 'CodeIgniter\Session\Handlers\FileHandler' driver.
INFO - 2024-01-01 05:17:11 --> Session: Class initialized using 'CodeIgniter\Session\Handlers\FileHandler' driver.
INFO - 2024-01-01 05:22:30 --> Session: Class initialized using 'CodeIgniter\Session\Handlers\FileHandler' driver.
INFO - 2024-01-01 05:22:33 --> Session: Class initialized using 'CodeIgniter\Session\Handlers\FileHandler' driver.
INFO - 2024-01-01 05:23:25 --> Session: Class initialized using 'CodeIgniter\Session\Handlers\FileHandler' driver.
INFO - 2024-01-01 05:23:25 --> Session: Class initialized using 'CodeIgniter\Session\Handlers\FileHandler' driver.
INFO - 2024-01-01 05:23:32 --> Session: Class initialized using 'CodeIgniter\Session\Handlers\FileHandler' driver.
INFO - 2024-01-01 05:23:32 --> Session: Class initialized using 'CodeIgniter\Session\Handlers\FileHandler' driver.
INFO - 2024-01-01 05:23:33 --> Session: Class initialized using 'CodeIgniter\Session\Handlers\FileHandler' driver.
INFO - 2024-01-01 05:23:33 --> Session: Class initialized using 'CodeIgniter\Session\Handlers\FileHandler' driver.
INFO - 2024-01-01 05:36:36 --> Session: Class initialized using 'CodeIgniter\Session\Handlers\FileHandler' driver.
INFO - 2024-01-01 05:36:36 --> Session: Class initialized using 'CodeIgniter\Session\Handlers\FileHandler' driver.
INFO - 2024-01-01 05:36:44 --> Session: Class initialized using 'CodeIgniter\Session\Handlers\FileHandler' driver.
INFO - 2024-01-01 05:37:30 --> Session: Class initialized using 'CodeIgniter\Session\Handlers\FileHandler' driver.
INFO - 2024-01-01 05:39:59 --> Session: Class initialized using 'CodeIgniter\Session\Handlers\FileHandler' driver.
INFO - 2024-01-01 05:47:18 --> Session: Class initialized using 'CodeIgniter\Session\Handlers\FileHandler' driver.
INFO - 2024-01-01 05:47:59 --> Session: Class initialized using 'CodeIgniter\Session\Handlers\FileHandler' driver.
INFO - 2024-01-01 05:47:59 --> Session: Class initialized using 'CodeIgniter\Session\Handlers\FileHandler' driver.
CRITICAL - 2024-01-01 05:47:59 --> Trying to access array offset on value of type null
in APPPATH\Views\admin\aks\edit_aks.php on line 5.
 1 APPPATH\Views\admin\aks\edit_aks.php(5): CodeIgniter\Debug\Exceptions->errorHandler(2, 'Trying to access array offset on value of type null', 'C:\\xampp\\htdocs\\toko_music\\app\\Views\\admin\\aks\\edit_aks.php', 5)
 2 SYSTEMPATH\View\View.php(226): include('C:\\xampp\\htdocs\\toko_music\\app\\Views\\admin\\aks\\edit_aks.php')
 3 SYSTEMPATH\View\View.php(229): CodeIgniter\View\View->CodeIgniter\View\{closure}()
 4 SYSTEMPATH\Common.php(1188): CodeIgniter\View\View->render('admin/aks/edit_aks', [], true)
 5 APPPATH\Libraries\Template.php(25): view('admin/aks/edit_aks', [...])
 6 APPPATH\Controllers\Admin\Music\Aks.php(76): App\Libraries\Template::tampil_admin('admin/aks/edit_aks', [...])
 7 SYSTEMPATH\CodeIgniter.php(919): App\Controllers\Admin\Music\Aks->edit('images', 'pujungan.png')
 8 SYSTEMPATH\CodeIgniter.php(494): CodeIgniter\CodeIgniter->runController(Object(App\Controllers\Admin\Music\Aks))
 9 SYSTEMPATH\CodeIgniter.php(353): CodeIgniter\CodeIgniter->handleRequest(null, Object(Config\Cache), false)
10 FCPATH\index.php(79): CodeIgniter\CodeIgniter->run()
INFO - 2024-01-01 05:47:59 --> Session: Class initialized using 'CodeIgniter\Session\Handlers\FileHandler' driver.
CRITICAL - 2024-01-01 05:47:59 --> Trying to access array offset on value of type null
in APPPATH\Views\admin\aks\edit_aks.php on line 5.
 1 APPPATH\Views\admin\aks\edit_aks.php(5): CodeIgniter\Debug\Exceptions->errorHandler(2, 'Trying to access array offset on value of type null', 'C:\\xampp\\htdocs\\toko_music\\app\\Views\\admin\\aks\\edit_aks.php', 5)
 2 SYSTEMPATH\View\View.php(226): include('C:\\xampp\\htdocs\\toko_music\\app\\Views\\admin\\aks\\edit_aks.php')
 3 SYSTEMPATH\View\View.php(229): CodeIgniter\View\View->CodeIgniter\View\{closure}()
 4 SYSTEMPATH\Common.php(1188): CodeIgniter\View\View->render('admin/aks/edit_aks', [], true)
 5 APPPATH\Libraries\Template.php(25): view('admin/aks/edit_aks', [...])
 6 APPPATH\Controllers\Admin\Music\Aks.php(76): App\Libraries\Template::tampil_admin('admin/aks/edit_aks', [...])
 7 SYSTEMPATH\CodeIgniter.php(919): App\Controllers\Admin\Music\Aks->edit('images', 'pujungan.png')
 8 SYSTEMPATH\CodeIgniter.php(494): CodeIgniter\CodeIgniter->runController(Object(App\Controllers\Admin\Music\Aks))
 9 SYSTEMPATH\CodeIgniter.php(353): CodeIgniter\CodeIgniter->handleRequest(null, Object(Config\Cache), false)
10 FCPATH\index.php(79): CodeIgniter\CodeIgniter->run()
INFO - 2024-01-01 05:49:00 --> Session: Class initialized using 'CodeIgniter\Session\Handlers\FileHandler' driver.
INFO - 2024-01-01 05:49:02 --> Session: Class initialized using 'CodeIgniter\Session\Handlers\FileHandler' driver.
INFO - 2024-01-01 05:51:40 --> Session: Class initialized using 'CodeIgniter\Session\Handlers\FileHandler' driver.
INFO - 2024-01-01 05:51:41 --> Session: Class initialized using 'CodeIgniter\Session\Handlers\FileHandler' driver.
INFO - 2024-01-01 13:22:28 --> Session: Class initialized using 'CodeIgniter\Session\Handlers\FileHandler' driver.
INFO - 2024-01-01 13:22:30 --> Session: Class initialized using 'CodeIgniter\Session\Handlers\FileHandler' driver.
